#
# There is insufficient memory for the Java Runtime Environment to continue.
# Native memory allocation (malloc) failed to allocate 1810176 bytes. Error detail: Chunk::new
# Possible reasons:
#   The system is out of physical RAM or swap space
#   This process is running with CompressedOops enabled, and the Java Heap may be blocking the growth of the native heap
# Possible solutions:
#   Reduce memory load on the system
#   Increase physical memory or swap space
#   Check if swap backing store is full
#   Decrease Java heap size (-Xmx/-Xms)
#   Decrease number of Java threads
#   Decrease Java thread stack sizes (-Xss)
#   Set larger code cache with -XX:ReservedCodeCacheSize=
#   JVM is running with Unscaled Compressed Oops mode in which the Java heap is
#     placed in the first 4GB address space. The Java Heap base address is the
#     maximum limit for the native heap growth. Please use -XX:HeapBaseMinAddress
#     to set the Java Heap base and to place the Java Heap above 4GB virtual address.
# This output file may be truncated or incomplete.
#
#  Out of Memory Error (arena.cpp:191), pid=14268, tid=12864
#
# JRE version: OpenJDK Runtime Environment Corretto-17.0.12.7.1 (17.0.12+7) (build 17.0.12+7-LTS)
# Java VM: OpenJDK 64-Bit Server VM Corretto-17.0.12.7.1 (17.0.12+7-LTS, mixed mode, sharing, tiered, compressed oops, compressed class ptrs, g1 gc, windows-amd64)
# No core dump will be written. Minidumps are not enabled by default on client versions of Windows
#

---------------  S U M M A R Y ------------

Command Line: -javaagent:D:\Tools\IntelliJ2024\IntelliJ IDEA Community Edition 2024.2\lib\idea_rt.jar=10693:D:\Tools\IntelliJ2024\IntelliJ IDEA Community Edition 2024.2\bin -Dfile.encoding=UTF-8 com.example.homemanager.HomeManagerApplication

Host: AMD Ryzen 7 3700U with Radeon Vega Mobile Gfx  , 8 cores, 6G,  Windows 11 , 64 bit Build 22621 (10.0.22621.3958)
Time: Tue Sep 10 18:06:29 2024 Hora de verano romance elapsed time: 28.174996 seconds (0d 0h 0m 28s)

---------------  T H R E A D  ---------------

Current thread (0x00000263a7850ef0):  JavaThread "C2 CompilerThread0" daemon [_thread_in_native, id=12864, stack(0x00000095cb800000,0x00000095cb900000)]


Current CompileTask:
C2:  28175 4385       4       jdk.internal.loader.BuiltinClassLoader::defineClass (121 bytes)

Stack: [0x00000095cb800000,0x00000095cb900000]
Native frames: (J=compiled Java code, j=interpreted, Vv=VM code, C=native code)
V  [jvm.dll+0x67f4f9]
V  [jvm.dll+0x836eaa]
V  [jvm.dll+0x83896e]
V  [jvm.dll+0x838fd3]
V  [jvm.dll+0x247f6f]
V  [jvm.dll+0xac9d4]
V  [jvm.dll+0xad01c]
V  [jvm.dll+0x367097]
V  [jvm.dll+0x1bd266]
V  [jvm.dll+0x21a659]
V  [jvm.dll+0x219941]
V  [jvm.dll+0x1a57bd]
V  [jvm.dll+0x22966d]
V  [jvm.dll+0x22781c]
V  [jvm.dll+0x7ebec7]
V  [jvm.dll+0x7e62ac]
V  [jvm.dll+0x67e3c7]
C  [ucrtbase.dll+0x29333]
C  [KERNEL32.DLL+0x1257d]
C  [ntdll.dll+0x5af28]


---------------  P R O C E S S  ---------------

Threads class SMR info:
_java_thread_list=0x00000263ee12e3f0, length=33, elements={
0x00000263a782c1c0, 0x00000263a782d040, 0x00000263a7841160, 0x00000263a7841c30,
0x00000263a7844510, 0x00000263a7844de0, 0x00000263a7850ef0, 0x00000263a7851800,
0x00000263a7854520, 0x00000263a7815760, 0x00000263ed2fb000, 0x00000263ed1d7120,
0x00000263edc1cd00, 0x00000263edc1d210, 0x00000263edc1b8c0, 0x00000263edc19a60,
0x00000263edc19f70, 0x00000263edc1c2e0, 0x00000263edc1c7f0, 0x00000263edc1aea0,
0x00000263f0b62710, 0x00000263f0b654a0, 0x00000263f0b603a0, 0x00000263f0b659b0,
0x00000263f0b617e0, 0x00000263f0b63640, 0x00000263f0b63b50, 0x00000263f0b663d0,
0x00000263f0b65ec0, 0x00000263f0b64f90, 0x00000263f0b608b0, 0x00000263f0b62c20,
0x00000263eee28dc0
}

Java Threads: ( => current thread )
  0x00000263a782c1c0 JavaThread "Reference Handler" daemon [_thread_blocked, id=17848, stack(0x00000095cb200000,0x00000095cb300000)]
  0x00000263a782d040 JavaThread "Finalizer" daemon [_thread_blocked, id=11744, stack(0x00000095cb300000,0x00000095cb400000)]
  0x00000263a7841160 JavaThread "Signal Dispatcher" daemon [_thread_blocked, id=9468, stack(0x00000095cb400000,0x00000095cb500000)]
  0x00000263a7841c30 JavaThread "Attach Listener" daemon [_thread_blocked, id=8832, stack(0x00000095cb500000,0x00000095cb600000)]
  0x00000263a7844510 JavaThread "Service Thread" daemon [_thread_blocked, id=12208, stack(0x00000095cb600000,0x00000095cb700000)]
  0x00000263a7844de0 JavaThread "Monitor Deflation Thread" daemon [_thread_blocked, id=5332, stack(0x00000095cb700000,0x00000095cb800000)]
=>0x00000263a7850ef0 JavaThread "C2 CompilerThread0" daemon [_thread_in_native, id=12864, stack(0x00000095cb800000,0x00000095cb900000)]
  0x00000263a7851800 JavaThread "C1 CompilerThread0" daemon [_thread_blocked, id=10456, stack(0x00000095cb900000,0x00000095cba00000)]
  0x00000263a7854520 JavaThread "Sweeper thread" daemon [_thread_blocked, id=9088, stack(0x00000095cba00000,0x00000095cbb00000)]
  0x00000263a7815760 JavaThread "Common-Cleaner" daemon [_thread_blocked, id=8568, stack(0x00000095cbb00000,0x00000095cbc00000)]
  0x00000263ed2fb000 JavaThread "Monitor Ctrl-Break" daemon [_thread_in_native, id=2328, stack(0x00000095cbd00000,0x00000095cbe00000)]
  0x00000263ed1d7120 JavaThread "Notification Thread" daemon [_thread_blocked, id=17692, stack(0x00000095cbe00000,0x00000095cbf00000)]
  0x00000263edc1cd00 JavaThread "Catalina-utility-1" [_thread_blocked, id=9724, stack(0x00000095cc800000,0x00000095cc900000)]
  0x00000263edc1d210 JavaThread "Catalina-utility-2" [_thread_blocked, id=2672, stack(0x00000095cc900000,0x00000095cca00000)]
  0x00000263edc1b8c0 JavaThread "container-0" [_thread_blocked, id=16556, stack(0x00000095cca00000,0x00000095ccb00000)]
  0x00000263edc19a60 JavaThread "BufferPoolPruner-1-thread-1" daemon [_thread_blocked, id=2888, stack(0x00000095ccb00000,0x00000095ccc00000)]
  0x00000263edc19f70 JavaThread "cluster-ClusterId{value='66e06e6d9bafef7711690a90', description='null'}-localhost:27017" daemon [_thread_in_native, id=8164, stack(0x00000095ccc00000,0x00000095ccd00000)]
  0x00000263edc1c2e0 JavaThread "cluster-rtt-ClusterId{value='66e06e6d9bafef7711690a90', description='null'}-localhost:27017" daemon [_thread_blocked, id=12716, stack(0x00000095ccd00000,0x00000095cce00000)]
  0x00000263edc1c7f0 JavaThread "MaintenanceTimer-2-thread-1" daemon [_thread_blocked, id=10568, stack(0x00000095ccf00000,0x00000095cd000000)]
  0x00000263edc1aea0 JavaThread "http-nio-8080-exec-1" daemon [_thread_in_vm, id=17660, stack(0x00000095cd000000,0x00000095cd100000)]
  0x00000263f0b62710 JavaThread "http-nio-8080-exec-2" daemon [_thread_blocked, id=4052, stack(0x00000095cd100000,0x00000095cd200000)]
  0x00000263f0b654a0 JavaThread "http-nio-8080-exec-3" daemon [_thread_blocked, id=5212, stack(0x00000095cd200000,0x00000095cd300000)]
  0x00000263f0b603a0 JavaThread "http-nio-8080-exec-4" daemon [_thread_blocked, id=1884, stack(0x00000095cd300000,0x00000095cd400000)]
  0x00000263f0b659b0 JavaThread "http-nio-8080-exec-5" daemon [_thread_blocked, id=4892, stack(0x00000095cd400000,0x00000095cd500000)]
  0x00000263f0b617e0 JavaThread "http-nio-8080-exec-6" daemon [_thread_blocked, id=16852, stack(0x00000095cd500000,0x00000095cd600000)]
  0x00000263f0b63640 JavaThread "http-nio-8080-exec-7" daemon [_thread_blocked, id=6068, stack(0x00000095cd600000,0x00000095cd700000)]
  0x00000263f0b63b50 JavaThread "http-nio-8080-exec-8" daemon [_thread_blocked, id=11252, stack(0x00000095cd700000,0x00000095cd800000)]
  0x00000263f0b663d0 JavaThread "http-nio-8080-exec-9" daemon [_thread_blocked, id=8712, stack(0x00000095cd800000,0x00000095cd900000)]
  0x00000263f0b65ec0 JavaThread "http-nio-8080-exec-10" daemon [_thread_blocked, id=10412, stack(0x00000095cd900000,0x00000095cda00000)]
  0x00000263f0b64f90 JavaThread "http-nio-8080-Poller" daemon [_thread_in_native, id=15648, stack(0x00000095cda00000,0x00000095cdb00000)]
  0x00000263f0b608b0 JavaThread "http-nio-8080-Acceptor" daemon [_thread_in_native, id=12236, stack(0x00000095cdb00000,0x00000095cdc00000)]
  0x00000263f0b62c20 JavaThread "DestroyJavaVM" [_thread_blocked, id=16660, stack(0x00000095cab00000,0x00000095cac00000)]
  0x00000263eee28dc0 JavaThread "C2 CompilerThread1" daemon [_thread_in_native, id=17656, stack(0x00000095cbc00000,0x00000095cbd00000)]

Other Threads:
  0x00000263a78261a0 VMThread "VM Thread" [stack: 0x00000095cb100000,0x00000095cb200000] [id=19252]
  0x00000263ed2fb4e0 WatcherThread [stack: 0x00000095cbf00000,0x00000095cc000000] [id=9528]
  0x00000263882c19e0 GCTaskThread "GC Thread#0" [stack: 0x00000095cac00000,0x00000095cad00000] [id=5840]
  0x00000263ed945860 GCTaskThread "GC Thread#1" [stack: 0x00000095cc000000,0x00000095cc100000] [id=13640]
  0x00000263eda47070 GCTaskThread "GC Thread#2" [stack: 0x00000095cc100000,0x00000095cc200000] [id=18256]
  0x00000263eda4a760 GCTaskThread "GC Thread#3" [stack: 0x00000095cc200000,0x00000095cc300000] [id=9860]
  0x00000263eda4aa20 GCTaskThread "GC Thread#4" [stack: 0x00000095cc300000,0x00000095cc400000] [id=12516]
  0x00000263ed928840 GCTaskThread "GC Thread#5" [stack: 0x00000095cc400000,0x00000095cc500000] [id=9824]
  0x00000263edf11570 GCTaskThread "GC Thread#6" [stack: 0x00000095cc600000,0x00000095cc700000] [id=18952]
  0x00000263edf82e90 GCTaskThread "GC Thread#7" [stack: 0x00000095cc700000,0x00000095cc800000] [id=14048]
  0x00000263882d0730 ConcurrentGCThread "G1 Main Marker" [stack: 0x00000095cad00000,0x00000095cae00000] [id=11048]
  0x00000263882d1150 ConcurrentGCThread "G1 Conc#0" [stack: 0x00000095cae00000,0x00000095caf00000] [id=11868]
  0x00000263ee53d1d0 ConcurrentGCThread "G1 Conc#1" [stack: 0x00000095cc500000,0x00000095cc600000] [id=14712]
  0x00000263a76e2e50 ConcurrentGCThread "G1 Refine#0" [stack: 0x00000095caf00000,0x00000095cb000000] [id=13580]
  0x00000263a76e3690 ConcurrentGCThread "G1 Service" [stack: 0x00000095cb000000,0x00000095cb100000] [id=4464]

Threads with active compile tasks:
C2 CompilerThread0    28207 4385       4       jdk.internal.loader.BuiltinClassLoader::defineClass (121 bytes)
C2 CompilerThread1    28207 4396       4       jdk.internal.loader.ClassLoaders$AppClassLoader::defineOrCheckPackage (8 bytes)

VM state: not at safepoint (normal execution)

VM Mutex/Monitor currently owned by a thread: None

Heap address: 0x0000000091000000, size: 1776 MB, Compressed Oops mode: 32-bit

CDS archive(s) mapped at: [0x00000263a8000000-0x00000263a8bb0000-0x00000263a8bb0000), size 12255232, SharedBaseAddress: 0x00000263a8000000, ArchiveRelocationMode: 1.
Compressed class space mapped at: 0x00000263a9000000-0x00000263e9000000, reserved size: 1073741824
Narrow klass base: 0x00000263a8000000, Narrow klass shift: 0, Narrow klass range: 0x100000000

GC Precious Log:
 CPUs: 8 total, 8 available
 Memory: 7103M
 Large Page Support: Disabled
 NUMA Support: Disabled
 Compressed Oops: Enabled (32-bit)
 Heap Region Size: 1M
 Heap Min Capacity: 8M
 Heap Initial Capacity: 112M
 Heap Max Capacity: 1776M
 Pre-touch: Disabled
 Parallel Workers: 8
 Concurrent Workers: 2
 Concurrent Refinement Workers: 8
 Periodic GC: Disabled

Heap:
 garbage-first heap   total 51200K, used 34163K [0x0000000091000000, 0x0000000100000000)
  region size 1024K, 19 young (19456K), 2 survivors (2048K)
 Metaspace       used 41513K, committed 41984K, reserved 1114112K
  class space    used 5556K, committed 5824K, reserved 1048576K

Heap Regions: E=young(eden), S=young(survivor), O=old, HS=humongous(starts), HC=humongous(continues), CS=collection set, F=free, OA=open archive, CA=closed archive, TAMS=top-at-mark-start (previous, next)
|   0|0x0000000091000000, 0x0000000091100000, 0x0000000091100000|100%| O|  |TAMS 0x0000000091100000, 0x0000000091000000| Untracked 
|   1|0x0000000091100000, 0x0000000091200000, 0x0000000091200000|100%| O|  |TAMS 0x0000000091200000, 0x0000000091100000| Untracked 
|   2|0x0000000091200000, 0x0000000091300000, 0x0000000091300000|100%| O|  |TAMS 0x0000000091300000, 0x0000000091200000| Untracked 
|   3|0x0000000091300000, 0x0000000091400000, 0x0000000091400000|100%| O|  |TAMS 0x0000000091400000, 0x0000000091300000| Untracked 
|   4|0x0000000091400000, 0x0000000091500000, 0x0000000091500000|100%| O|  |TAMS 0x0000000091500000, 0x0000000091400000| Untracked 
|   5|0x0000000091500000, 0x0000000091600000, 0x0000000091600000|100%| O|  |TAMS 0x0000000091600000, 0x0000000091500000| Untracked 
|   6|0x0000000091600000, 0x0000000091700000, 0x0000000091700000|100%| O|  |TAMS 0x0000000091700000, 0x0000000091600000| Untracked 
|   7|0x0000000091700000, 0x0000000091800000, 0x0000000091800000|100%| O|  |TAMS 0x00000000917bdc00, 0x0000000091700000| Untracked 
|   8|0x0000000091800000, 0x0000000091900000, 0x0000000091900000|100%| O|  |TAMS 0x0000000091800000, 0x0000000091800000| Untracked 
|   9|0x0000000091900000, 0x0000000091a00000, 0x0000000091a00000|100%| O|  |TAMS 0x0000000091900000, 0x0000000091900000| Untracked 
|  10|0x0000000091a00000, 0x0000000091a92600, 0x0000000091b00000| 57%| O|  |TAMS 0x0000000091a00000, 0x0000000091a00000| Untracked 
|  11|0x0000000091b00000, 0x0000000091b00000, 0x0000000091c00000|  0%| F|  |TAMS 0x0000000091b00000, 0x0000000091b00000| Untracked 
|  12|0x0000000091c00000, 0x0000000091c00000, 0x0000000091d00000|  0%| F|  |TAMS 0x0000000091c00000, 0x0000000091c00000| Untracked 
|  13|0x0000000091d00000, 0x0000000091e00000, 0x0000000091e00000|100%| O|  |TAMS 0x0000000091e00000, 0x0000000091d00000| Untracked 
|  14|0x0000000091e00000, 0x0000000091f00000, 0x0000000091f00000|100%| O|  |TAMS 0x0000000091f00000, 0x0000000091e00000| Untracked 
|  15|0x0000000091f00000, 0x0000000092000000, 0x0000000092000000|100%| O|  |TAMS 0x0000000092000000, 0x0000000091f00000| Untracked 
|  16|0x0000000092000000, 0x0000000092100000, 0x0000000092100000|100%| O|  |TAMS 0x0000000092100000, 0x0000000092000000| Untracked 
|  17|0x0000000092100000, 0x0000000092200000, 0x0000000092200000|100%| O|  |TAMS 0x0000000092200000, 0x0000000092100000| Untracked 
|  18|0x0000000092200000, 0x0000000092200000, 0x0000000092300000|  0%| F|  |TAMS 0x0000000092200000, 0x0000000092200000| Untracked 
|  19|0x0000000092300000, 0x0000000092300000, 0x0000000092400000|  0%| F|  |TAMS 0x0000000092300000, 0x0000000092300000| Untracked 
|  20|0x0000000092400000, 0x0000000092400000, 0x0000000092500000|  0%| F|  |TAMS 0x0000000092400000, 0x0000000092400000| Untracked 
|  21|0x0000000092500000, 0x0000000092500000, 0x0000000092600000|  0%| F|  |TAMS 0x0000000092500000, 0x0000000092500000| Untracked 
|  22|0x0000000092600000, 0x0000000092600000, 0x0000000092700000|  0%| F|  |TAMS 0x0000000092600000, 0x0000000092600000| Untracked 
|  23|0x0000000092700000, 0x00000000927ca700, 0x0000000092800000| 79%| S|CS|TAMS 0x0000000092700000, 0x0000000092700000| Complete 
|  24|0x0000000092800000, 0x0000000092900000, 0x0000000092900000|100%| S|CS|TAMS 0x0000000092800000, 0x0000000092800000| Complete 
|  25|0x0000000092900000, 0x0000000092900000, 0x0000000092a00000|  0%| F|  |TAMS 0x0000000092900000, 0x0000000092900000| Untracked 
|  26|0x0000000092a00000, 0x0000000092a00000, 0x0000000092b00000|  0%| F|  |TAMS 0x0000000092a00000, 0x0000000092a00000| Untracked 
|  27|0x0000000092b00000, 0x0000000092b00000, 0x0000000092c00000|  0%| F|  |TAMS 0x0000000092b00000, 0x0000000092b00000| Untracked 
|  28|0x0000000092c00000, 0x0000000092c00000, 0x0000000092d00000|  0%| F|  |TAMS 0x0000000092c00000, 0x0000000092c00000| Untracked 
|  29|0x0000000092d00000, 0x0000000092d00000, 0x0000000092e00000|  0%| F|  |TAMS 0x0000000092d00000, 0x0000000092d00000| Untracked 
|  30|0x0000000092e00000, 0x0000000092e00000, 0x0000000092f00000|  0%| F|  |TAMS 0x0000000092e00000, 0x0000000092e00000| Untracked 
|  31|0x0000000092f00000, 0x0000000092f00000, 0x0000000093000000|  0%| F|  |TAMS 0x0000000092f00000, 0x0000000092f00000| Untracked 
|  32|0x0000000093000000, 0x0000000093094028, 0x0000000093100000| 57%| E|  |TAMS 0x0000000093000000, 0x0000000093000000| Complete 
|  33|0x0000000093100000, 0x0000000093200000, 0x0000000093200000|100%| E|CS|TAMS 0x0000000093100000, 0x0000000093100000| Complete 
|  34|0x0000000093200000, 0x0000000093300000, 0x0000000093300000|100%| E|  |TAMS 0x0000000093200000, 0x0000000093200000| Complete 
|  35|0x0000000093300000, 0x0000000093400000, 0x0000000093400000|100%| E|CS|TAMS 0x0000000093300000, 0x0000000093300000| Complete 
|  36|0x0000000093400000, 0x0000000093500000, 0x0000000093500000|100%| E|CS|TAMS 0x0000000093400000, 0x0000000093400000| Complete 
|  37|0x0000000093500000, 0x0000000093600000, 0x0000000093600000|100%| E|CS|TAMS 0x0000000093500000, 0x0000000093500000| Complete 
|  38|0x0000000093600000, 0x0000000093700000, 0x0000000093700000|100%| E|CS|TAMS 0x0000000093600000, 0x0000000093600000| Complete 
|  39|0x0000000093700000, 0x0000000093800000, 0x0000000093800000|100%| E|CS|TAMS 0x0000000093700000, 0x0000000093700000| Complete 
|  40|0x0000000093800000, 0x0000000093900000, 0x0000000093900000|100%| E|CS|TAMS 0x0000000093800000, 0x0000000093800000| Complete 
|  41|0x0000000093900000, 0x0000000093a00000, 0x0000000093a00000|100%| E|CS|TAMS 0x0000000093900000, 0x0000000093900000| Complete 
|  61|0x0000000094d00000, 0x0000000094e00000, 0x0000000094e00000|100%| E|CS|TAMS 0x0000000094d00000, 0x0000000094d00000| Complete 
|  62|0x0000000094e00000, 0x0000000094f00000, 0x0000000094f00000|100%| E|CS|TAMS 0x0000000094e00000, 0x0000000094e00000| Complete 
|  63|0x0000000094f00000, 0x0000000095000000, 0x0000000095000000|100%| E|CS|TAMS 0x0000000094f00000, 0x0000000094f00000| Complete 
|  64|0x0000000095000000, 0x0000000095100000, 0x0000000095100000|100%| E|CS|TAMS 0x0000000095000000, 0x0000000095000000| Complete 
|  65|0x0000000095100000, 0x0000000095200000, 0x0000000095200000|100%| E|CS|TAMS 0x0000000095100000, 0x0000000095100000| Complete 
|  66|0x0000000095200000, 0x0000000095300000, 0x0000000095300000|100%| E|CS|TAMS 0x0000000095200000, 0x0000000095200000| Complete 
| 111|0x0000000097f00000, 0x0000000098000000, 0x0000000098000000|100%| E|CS|TAMS 0x0000000097f00000, 0x0000000097f00000| Complete 
|1775|0x00000000fff00000, 0x0000000100000000, 0x0000000100000000|100%| O|  |TAMS 0x0000000100000000, 0x00000000fff00000| Untracked 

Card table byte_map: [0x00000263a1350000,0x00000263a16d0000] _byte_map_base: 0x00000263a0ec8000

Marking Bits (Prev, Next): (CMBitMap*) 0x00000263882c2000, (CMBitMap*) 0x00000263882c2040
 Prev Bits: [0x00000263a1a50000, 0x00000263a3610000)
 Next Bits: [0x00000263a3610000, 0x00000263a51d0000)

Polling page: 0x0000026388320000

Metaspace:

Usage:
  Non-class:     35.14 MB used.
      Class:      5.43 MB used.
       Both:     40.57 MB used.

Virtual space:
  Non-class space:       64.00 MB reserved,      35.38 MB ( 55%) committed,  1 nodes.
      Class space:        1.00 GB reserved,       5.69 MB ( <1%) committed,  1 nodes.
             Both:        1.06 GB reserved,      41.06 MB (  4%) committed. 

Chunk freelists:
   Non-Class:  12.28 MB
       Class:  10.17 MB
        Both:  22.45 MB

MaxMetaspaceSize: unlimited
CompressedClassSpaceSize: 1.00 GB
Initial GC threshold: 21.00 MB
Current GC threshold: 58.88 MB
CDS: on
MetaspaceReclaimPolicy: balanced
 - commit_granule_bytes: 65536.
 - commit_granule_words: 8192.
 - virtual_space_node_default_size: 8388608.
 - enlarge_chunks_in_place: 1.
 - new_chunks_are_fully_committed: 0.
 - uncommit_free_chunks: 1.
 - use_allocation_guard: 0.
 - handle_deallocations: 1.


Internal statistics:

num_allocs_failed_limit: 6.
num_arena_births: 618.
num_arena_deaths: 0.
num_vsnodes_births: 2.
num_vsnodes_deaths: 0.
num_space_committed: 657.
num_space_uncommitted: 0.
num_chunks_returned_to_freelist: 6.
num_chunks_taken_from_freelist: 2120.
num_chunk_merges: 6.
num_chunk_splits: 1505.
num_chunks_enlarged: 1147.
num_inconsistent_stats: 0.

CodeHeap 'non-profiled nmethods': size=120000Kb used=2435Kb max_used=2435Kb free=117564Kb
 bounds [0x0000026399030000, 0x00000263992a0000, 0x00000263a0560000]
CodeHeap 'profiled nmethods': size=120000Kb used=9408Kb max_used=9408Kb free=110591Kb
 bounds [0x0000026391560000, 0x0000026391ea0000, 0x0000026398a90000]
CodeHeap 'non-nmethods': size=5760Kb used=1250Kb max_used=1296Kb free=4509Kb
 bounds [0x0000026398a90000, 0x0000026398d00000, 0x0000026399030000]
 total_blobs=5008 nmethods=4444 adapters=476
 compilation: enabled
              stopped_count=0, restarted_count=0
 full_count=0

Compilation events (20 events):
Event: 28.139 Thread 0x00000263a7851800 4430       3       org.hibernate.validator.internal.util.Contracts::assertValueNotNull (23 bytes)
Event: 28.139 Thread 0x00000263a7851800 nmethod 4430 0x0000026391e83790 code [0x0000026391e83940, 0x0000026391e83b18]
Event: 28.139 Thread 0x00000263a7851800 4431       3       org.hibernate.validator.internal.properties.javabean.JavaBeanMethod::getConstrainedElementKind (4 bytes)
Event: 28.140 Thread 0x00000263a7851800 nmethod 4431 0x0000026391e83c10 code [0x0000026391e83da0, 0x0000026391e83eb8]
Event: 28.148 Thread 0x00000263a7851800 4432       1       java.util.stream.Collectors$CollectorImpl::finisher (5 bytes)
Event: 28.148 Thread 0x00000263a7851800 nmethod 4432 0x0000026399290110 code [0x00000263992902a0, 0x0000026399290378]
Event: 28.148 Thread 0x00000263a7851800 4434       1       org.hibernate.validator.internal.metadata.raw.AbstractConstrainedElement::getCascadingMetaDataBuilder (5 bytes)
Event: 28.148 Thread 0x00000263a7851800 nmethod 4434 0x0000026399290410 code [0x00000263992905a0, 0x0000026399290678]
Event: 28.148 Thread 0x00000263a7851800 4433       1       java.util.Collections$EmptyMap::isEmpty (2 bytes)
Event: 28.148 Thread 0x00000263a7851800 nmethod 4433 0x0000026399290710 code [0x00000263992908a0, 0x0000026399290978]
Event: 28.151 Thread 0x00000263a7851800 4435       3       java.util.HashMap$KeySpliterator::characteristics (30 bytes)
Event: 28.151 Thread 0x00000263a7851800 nmethod 4435 0x0000026391e83f90 code [0x0000026391e84120, 0x0000026391e842d8]
Event: 28.151 Thread 0x00000263a7851800 4437       3       java.util.stream.Streams$ConcatSpliterator::forEachRemaining (28 bytes)
Event: 28.151 Thread 0x00000263a7851800 nmethod 4437 0x0000026391e84390 code [0x0000026391e84540, 0x0000026391e84838]
Event: 28.151 Thread 0x00000263a7851800 4438       3       java.util.stream.Collectors$$Lambda$274/0x00000263a90e0cb0::get (8 bytes)
Event: 28.152 Thread 0x00000263a7851800 nmethod 4438 0x0000026391e84910 code [0x0000026391e84ac0, 0x0000026391e84e18]
Event: 28.152 Thread 0x00000263a7851800 4436       3       org.hibernate.validator.internal.util.CollectionHelper::toImmutableSet (56 bytes)
Event: 28.152 Thread 0x00000263a7851800 nmethod 4436 0x0000026391e84f90 code [0x0000026391e851e0, 0x0000026391e85cb8]
Event: 28.152 Thread 0x00000263a7851800 4439       3       java.util.HashMap$HashMapSpliterator::estimateSize (11 bytes)
Event: 28.153 Thread 0x00000263a7851800 nmethod 4439 0x0000026391e86010 code [0x0000026391e861a0, 0x0000026391e862e8]

GC Heap History (18 events):
Event: 1.033 GC heap before
{Heap before GC invocations=0 (full 0):
 garbage-first heap   total 114688K, used 22528K [0x0000000091000000, 0x0000000100000000)
  region size 1024K, 23 young (23552K), 0 survivors (0K)
 Metaspace       used 6640K, committed 6848K, reserved 1114112K
  class space    used 804K, committed 896K, reserved 1048576K
}
Event: 1.041 GC heap after
{Heap after GC invocations=1 (full 0):
 garbage-first heap   total 114688K, used 5312K [0x0000000091000000, 0x0000000100000000)
  region size 1024K, 3 young (3072K), 3 survivors (3072K)
 Metaspace       used 6640K, committed 6848K, reserved 1114112K
  class space    used 804K, committed 896K, reserved 1048576K
}
Event: 1.767 GC heap before
{Heap before GC invocations=1 (full 0):
 garbage-first heap   total 114688K, used 35008K [0x0000000091000000, 0x0000000100000000)
  region size 1024K, 32 young (32768K), 3 survivors (3072K)
 Metaspace       used 13657K, committed 13888K, reserved 1114112K
  class space    used 1805K, committed 1920K, reserved 1048576K
}
Event: 1.773 GC heap after
{Heap after GC invocations=2 (full 0):
 garbage-first heap   total 114688K, used 7471K [0x0000000091000000, 0x0000000100000000)
  region size 1024K, 3 young (3072K), 3 survivors (3072K)
 Metaspace       used 13657K, committed 13888K, reserved 1114112K
  class space    used 1805K, committed 1920K, reserved 1048576K
}
Event: 2.585 GC heap before
{Heap before GC invocations=2 (full 0):
 garbage-first heap   total 114688K, used 48431K [0x0000000091000000, 0x0000000100000000)
  region size 1024K, 45 young (46080K), 3 survivors (3072K)
 Metaspace       used 21295K, committed 21504K, reserved 1114112K
  class space    used 2715K, committed 2816K, reserved 1048576K
}
Event: 2.593 GC heap after
{Heap after GC invocations=3 (full 0):
 garbage-first heap   total 114688K, used 11054K [0x0000000091000000, 0x0000000100000000)
  region size 1024K, 6 young (6144K), 6 survivors (6144K)
 Metaspace       used 21295K, committed 21504K, reserved 1114112K
  class space    used 2715K, committed 2816K, reserved 1048576K
}
Event: 3.275 GC heap before
{Heap before GC invocations=4 (full 0):
 garbage-first heap   total 40960K, used 31534K [0x0000000091000000, 0x0000000100000000)
  region size 1024K, 27 young (27648K), 6 survivors (6144K)
 Metaspace       used 25336K, committed 25728K, reserved 1114112K
  class space    used 3277K, committed 3456K, reserved 1048576K
}
Event: 3.291 GC heap after
{Heap after GC invocations=5 (full 0):
 garbage-first heap   total 41984K, used 12804K [0x0000000091000000, 0x0000000100000000)
  region size 1024K, 6 young (6144K), 6 survivors (6144K)
 Metaspace       used 25336K, committed 25728K, reserved 1114112K
  class space    used 3277K, committed 3456K, reserved 1048576K
}
Event: 3.828 GC heap before
{Heap before GC invocations=5 (full 0):
 garbage-first heap   total 41984K, used 28164K [0x0000000091000000, 0x0000000100000000)
  region size 1024K, 22 young (22528K), 6 survivors (6144K)
 Metaspace       used 29000K, committed 29440K, reserved 1114112K
  class space    used 3758K, committed 3968K, reserved 1048576K
}
Event: 3.839 GC heap after
{Heap after GC invocations=6 (full 0):
 garbage-first heap   total 41984K, used 14151K [0x0000000091000000, 0x0000000100000000)
  region size 1024K, 2 young (2048K), 2 survivors (2048K)
 Metaspace       used 29000K, committed 29440K, reserved 1114112K
  class space    used 3758K, committed 3968K, reserved 1048576K
}
Event: 4.307 GC heap before
{Heap before GC invocations=6 (full 0):
 garbage-first heap   total 41984K, used 30535K [0x0000000091000000, 0x0000000100000000)
  region size 1024K, 18 young (18432K), 2 survivors (2048K)
 Metaspace       used 32910K, committed 33408K, reserved 1114112K
  class space    used 4346K, committed 4608K, reserved 1048576K
}
Event: 4.311 GC heap after
{Heap after GC invocations=7 (full 0):
 garbage-first heap   total 41984K, used 15640K [0x0000000091000000, 0x0000000100000000)
  region size 1024K, 3 young (3072K), 3 survivors (3072K)
 Metaspace       used 32910K, committed 33408K, reserved 1114112K
  class space    used 4346K, committed 4608K, reserved 1048576K
}
Event: 4.713 GC heap before
{Heap before GC invocations=7 (full 0):
 garbage-first heap   total 41984K, used 31000K [0x0000000091000000, 0x0000000100000000)
  region size 1024K, 18 young (18432K), 3 survivors (3072K)
 Metaspace       used 35530K, committed 36032K, reserved 1114112K
  class space    used 4750K, committed 4992K, reserved 1048576K
}
Event: 4.717 GC heap after
{Heap after GC invocations=8 (full 0):
 garbage-first heap   total 41984K, used 17105K [0x0000000091000000, 0x0000000100000000)
  region size 1024K, 3 young (3072K), 3 survivors (3072K)
 Metaspace       used 35530K, committed 36032K, reserved 1114112K
  class space    used 4750K, committed 4992K, reserved 1048576K
}
Event: 4.743 GC heap before
{Heap before GC invocations=8 (full 0):
 garbage-first heap   total 41984K, used 18129K [0x0000000091000000, 0x0000000100000000)
  region size 1024K, 5 young (5120K), 3 survivors (3072K)
 Metaspace       used 35633K, committed 36096K, reserved 1114112K
  class space    used 4758K, committed 4992K, reserved 1048576K
}
Event: 4.746 GC heap after
{Heap after GC invocations=9 (full 0):
 garbage-first heap   total 41984K, used 17456K [0x0000000091000000, 0x0000000100000000)
  region size 1024K, 1 young (1024K), 1 survivors (1024K)
 Metaspace       used 35633K, committed 36096K, reserved 1114112K
  class space    used 4758K, committed 4992K, reserved 1048576K
}
Event: 5.132 GC heap before
{Heap before GC invocations=10 (full 0):
 garbage-first heap   total 41984K, used 31792K [0x0000000091000000, 0x0000000100000000)
  region size 1024K, 15 young (15360K), 1 survivors (1024K)
 Metaspace       used 37668K, committed 38080K, reserved 1114112K
  class space    used 5053K, committed 5248K, reserved 1048576K
}
Event: 5.136 GC heap after
{Heap after GC invocations=11 (full 0):
 garbage-first heap   total 51200K, used 18803K [0x0000000091000000, 0x0000000100000000)
  region size 1024K, 2 young (2048K), 2 survivors (2048K)
 Metaspace       used 37668K, committed 38080K, reserved 1114112K
  class space    used 5053K, committed 5248K, reserved 1048576K
}

Dll operation events (13 events):
Event: 0.011 Loaded shared library C:\Users\Rober\.jdks\corretto-17.0.12\bin\java.dll
Event: 0.034 Loaded shared library C:\Users\Rober\.jdks\corretto-17.0.12\bin\jsvml.dll
Event: 0.151 Loaded shared library C:\Users\Rober\.jdks\corretto-17.0.12\bin\zip.dll
Event: 0.154 Loaded shared library C:\Users\Rober\.jdks\corretto-17.0.12\bin\instrument.dll
Event: 0.163 Loaded shared library C:\Users\Rober\.jdks\corretto-17.0.12\bin\net.dll
Event: 0.166 Loaded shared library C:\Users\Rober\.jdks\corretto-17.0.12\bin\nio.dll
Event: 0.170 Loaded shared library C:\Users\Rober\.jdks\corretto-17.0.12\bin\zip.dll
Event: 0.242 Loaded shared library D:\Tools\IntelliJ2024\IntelliJ IDEA Community Edition 2024.2\bin\breakgen64.dll
Event: 0.257 Loaded shared library C:\Users\Rober\.jdks\corretto-17.0.12\bin\extnet.dll
Event: 0.309 Loaded shared library C:\Users\Rober\.jdks\corretto-17.0.12\bin\jimage.dll
Event: 2.262 Loaded shared library C:\Users\Rober\.jdks\corretto-17.0.12\bin\sunmscapi.dll
Event: 3.746 Loaded shared library C:\Users\Rober\.jdks\corretto-17.0.12\bin\management.dll
Event: 3.748 Loaded shared library C:\Users\Rober\.jdks\corretto-17.0.12\bin\management_ext.dll

Deoptimization events (20 events):
Event: 5.058 Thread 0x000002638826d150 Uncommon trap: trap_request=0xffffff45 fr.pc=0x000002639913bb24 relative=0x0000000000000404
Event: 5.058 Thread 0x000002638826d150 Uncommon trap: reason=unstable_if action=reinterpret pc=0x000002639913bb24 method=org.springframework.util.ObjectUtils.nullSafeEquals(Ljava/lang/Object;Ljava/lang/Object;)Z @ 12 c2
Event: 5.058 Thread 0x000002638826d150 DEOPT PACKING pc=0x000002639913bb24 sp=0x00000095cabfde30
Event: 5.058 Thread 0x000002638826d150 DEOPT UNPACKING pc=0x0000026398ae69a3 sp=0x00000095cabfddd0 mode 2
Event: 5.146 Thread 0x000002638826d150 Uncommon trap: trap_request=0xffffff45 fr.pc=0x000002639925a170 relative=0x0000000000002510
Event: 5.146 Thread 0x000002638826d150 Uncommon trap: reason=unstable_if action=reinterpret pc=0x000002639925a170 method=org.springframework.beans.factory.support.AbstractBeanFactory.isTypeMatch(Ljava/lang/String;Lorg/springframework/core/ResolvableType;Z)Z @ 35 c2
Event: 5.146 Thread 0x000002638826d150 DEOPT PACKING pc=0x000002639925a170 sp=0x00000095cabfde90
Event: 5.146 Thread 0x000002638826d150 DEOPT UNPACKING pc=0x0000026398ae69a3 sp=0x00000095cabfde40 mode 2
Event: 5.172 Thread 0x000002638826d150 Uncommon trap: trap_request=0xffffff45 fr.pc=0x00000263991e1f50 relative=0x0000000000000d30
Event: 5.172 Thread 0x000002638826d150 Uncommon trap: reason=unstable_if action=reinterpret pc=0x00000263991e1f50 method=org.springframework.beans.factory.support.DefaultSingletonBeanRegistry.getSingleton(Ljava/lang/String;Z)Ljava/lang/Object; @ 39 c2
Event: 5.172 Thread 0x000002638826d150 DEOPT PACKING pc=0x00000263991e1f50 sp=0x00000095cabfdfb0
Event: 5.172 Thread 0x000002638826d150 DEOPT UNPACKING pc=0x0000026398ae69a3 sp=0x00000095cabfdf48 mode 2
Event: 27.964 Thread 0x00000263edc1aea0 Uncommon trap: trap_request=0xffffffbe fr.pc=0x000002639926e014 relative=0x00000000000006d4
Event: 27.964 Thread 0x00000263edc1aea0 Uncommon trap: reason=profile_predicate action=maybe_recompile pc=0x000002639926e014 method=java.lang.PublicMethods$MethodList.filter([Ljava/lang/reflect/Method;Ljava/lang/String;[Ljava/lang/Class;Z)Ljava/lang/PublicMethods$MethodList; @ 21 c2
Event: 27.964 Thread 0x00000263edc1aea0 DEOPT PACKING pc=0x000002639926e014 sp=0x00000095cd0fd320
Event: 27.964 Thread 0x00000263edc1aea0 DEOPT UNPACKING pc=0x0000026398ae69a3 sp=0x00000095cd0fd2c8 mode 2
Event: 28.121 Thread 0x00000263edc1aea0 Uncommon trap: trap_request=0xffffffbe fr.pc=0x000002639926e014 relative=0x00000000000006d4
Event: 28.121 Thread 0x00000263edc1aea0 Uncommon trap: reason=profile_predicate action=maybe_recompile pc=0x000002639926e014 method=java.lang.PublicMethods$MethodList.filter([Ljava/lang/reflect/Method;Ljava/lang/String;[Ljava/lang/Class;Z)Ljava/lang/PublicMethods$MethodList; @ 21 c2
Event: 28.121 Thread 0x00000263edc1aea0 DEOPT PACKING pc=0x000002639926e014 sp=0x00000095cd0fc940
Event: 28.121 Thread 0x00000263edc1aea0 DEOPT UNPACKING pc=0x0000026398ae69a3 sp=0x00000095cd0fc8e8 mode 2

Classes loaded (20 events):
Event: 27.854 Loading class sun/nio/cs/ThreadLocalCoders
Event: 27.854 Loading class sun/nio/cs/ThreadLocalCoders done
Event: 27.854 Loading class sun/nio/cs/ThreadLocalCoders$1
Event: 27.854 Loading class sun/nio/cs/ThreadLocalCoders$Cache
Event: 27.854 Loading class sun/nio/cs/ThreadLocalCoders$Cache done
Event: 27.854 Loading class sun/nio/cs/ThreadLocalCoders$1 done
Event: 27.854 Loading class sun/nio/cs/ThreadLocalCoders$2
Event: 27.854 Loading class sun/nio/cs/ThreadLocalCoders$2 done
Event: 27.932 Loading class java/util/ArrayList$SubList$2
Event: 27.932 Loading class java/util/ArrayList$SubList$2 done
Event: 27.978 Loading class java/time/format/DateTimeFormatterBuilder$ZoneTextPrinterParser
Event: 27.978 Loading class java/time/format/DateTimeFormatterBuilder$ZoneTextPrinterParser done
Event: 27.978 Loading class java/time/format/DateTimeFormatterBuilder$ReducedPrinterParser
Event: 27.978 Loading class java/time/format/DateTimeFormatterBuilder$ReducedPrinterParser done
Event: 27.981 Loading class java/io/PushbackInputStream
Event: 27.981 Loading class java/io/PushbackInputStream done
Event: 27.993 Loading class org/w3c/dom/Node
Event: 27.993 Loading class org/w3c/dom/Node done
Event: 27.993 Loading class org/w3c/dom/Document
Event: 27.993 Loading class org/w3c/dom/Document done

Classes unloaded (0 events):
No events

Classes redefined (0 events):
No events

Internal exceptions (20 events):
Event: 4.142 Thread 0x000002638826d150 Exception <a 'java/lang/NoSuchMethodError'{0x0000000092d25eb8}: 'long java.lang.invoke.DirectMethodHandle$Holder.invokeStatic(java.lang.Object)'> (0x0000000092d25eb8) 
thrown [s\src\hotspot\share\interpreter\linkResolver.cpp, line 759]
Event: 4.145 Thread 0x000002638826d150 Exception <a 'sun/nio/fs/WindowsException'{0x0000000092d3fd08}> (0x0000000092d3fd08) 
thrown [s\src\hotspot\share\prims\jni.cpp, line 516]
Event: 4.145 Thread 0x000002638826d150 Exception <a 'sun/nio/fs/WindowsException'{0x0000000092d3fe38}> (0x0000000092d3fe38) 
thrown [s\src\hotspot\share\prims\jni.cpp, line 516]
Event: 4.273 Thread 0x000002638826d150 Exception <a 'java/lang/IncompatibleClassChangeError'{0x00000000929ee638}: Found class java.lang.Object, but interface was expected> (0x00000000929ee638) 
thrown [s\src\hotspot\share\interpreter\linkResolver.cpp, line 826]
Event: 4.318 Thread 0x000002638826d150 Exception <a 'sun/nio/fs/WindowsException'{0x0000000097f22a48}> (0x0000000097f22a48) 
thrown [s\src\hotspot\share\prims\jni.cpp, line 516]
Event: 4.325 Thread 0x000002638826d150 Exception <a 'java/lang/IncompatibleClassChangeError'{0x0000000097f7f008}: Found class java.lang.Object, but interface was expected> (0x0000000097f7f008) 
thrown [s\src\hotspot\share\interpreter\linkResolver.cpp, line 826]
Event: 4.373 Thread 0x000002638826d150 Exception <a 'java/lang/IncompatibleClassChangeError'{0x0000000095123e10}: Found class java.lang.Object, but interface was expected> (0x0000000095123e10) 
thrown [s\src\hotspot\share\interpreter\linkResolver.cpp, line 826]
Event: 4.511 Thread 0x000002638826d150 Exception <a 'java/lang/NoSuchMethodError'{0x0000000094d968e8}: 'java.lang.Object java.lang.invoke.DirectMethodHandle$Holder.newInvokeSpecial(java.lang.Object, long)'> (0x0000000094d968e8) 
thrown [s\src\hotspot\share\interpreter\linkResolver.cpp, line 759]
Event: 4.619 Thread 0x000002638826d150 Exception <a 'java/lang/IncompatibleClassChangeError'{0x0000000092dd43a8}: Found class java.lang.Object, but interface was expected> (0x0000000092dd43a8) 
thrown [s\src\hotspot\share\interpreter\linkResolver.cpp, line 826]
Event: 4.629 Thread 0x000002638826d150 Exception <a 'java/lang/NoSuchMethodError'{0x0000000092c47bf0}: 'java.lang.Object java.lang.invoke.DirectMethodHandle$Holder.newInvokeSpecial(java.lang.Object, java.lang.Object, java.lang.Object, java.lang.Object, java.lang.Object, java.lang.Object)'> (0x0000000092c47bf0) 
thrown [s\src\hotspot\share\interpreter\linkResolver.cpp, line 759]
Event: 4.775 Thread 0x000002638826d150 Exception <a 'java/lang/NoSuchMethodError'{0x0000000097fb4fe0}: 'java.lang.Object java.lang.invoke.DirectMethodHandle$Holder.invokeInterface(java.lang.Object, java.lang.Object, java.lang.Object, java.lang.Object)'> (0x0000000097fb4fe0) 
thrown [s\src\hotspot\share\interpreter\linkResolver.cpp, line 759]
Event: 4.994 Thread 0x000002638826d150 Exception <a 'sun/nio/fs/WindowsException'{0x0000000092e146f0}> (0x0000000092e146f0) 
thrown [s\src\hotspot\share\prims\jni.cpp, line 516]
Event: 5.042 Thread 0x000002638826d150 Exception <a 'java/lang/IncompatibleClassChangeError'{0x0000000092c44f50}: Found class java.lang.Object, but interface was expected> (0x0000000092c44f50) 
thrown [s\src\hotspot\share\interpreter\linkResolver.cpp, line 826]
Event: 5.058 Thread 0x000002638826d150 Implicit null exception at 0x000002639913b73d to 0x000002639913bb0f
Event: 5.087 Thread 0x000002638826d150 Exception <a 'java/lang/NoSuchMethodError'{0x0000000092bf7918}: 'void java.lang.invoke.DirectMethodHandle$Holder.invokeVirtual(java.lang.Object, java.lang.Object, long)'> (0x0000000092bf7918) 
thrown [s\src\hotspot\share\interpreter\linkResolver.cpp, line 759]
Event: 5.167 Thread 0x000002638826d150 Exception <a 'java/lang/NoSuchMethodError'{0x0000000097ff8228}: 'int java.lang.invoke.DirectMethodHandle$Holder.invokeStaticInit(java.lang.Object, java.lang.Object, java.lang.Object, java.lang.Object)'> (0x0000000097ff8228) 
thrown [s\src\hotspot\share\interpreter\linkResolver.cpp, line 759]
Event: 5.242 Thread 0x000002638826d150 Exception <a 'java/lang/NoSuchMethodError'{0x0000000095071290}: 'java.lang.Object java.lang.invoke.DirectMethodHandle$Holder.newInvokeSpecial(java.lang.Object, java.lang.Object, int, java.lang.Object, java.lang.Object)'> (0x0000000095071290) 
thrown [s\src\hotspot\share\interpreter\linkResolver.cpp, line 759]
Event: 27.848 Thread 0x00000263f0b62710 Exception <a 'java/lang/NoSuchMethodError'{0x000000009395a328}: 'java.lang.Object java.lang.invoke.DirectMethodHandle$Holder.invokeSpecial(java.lang.Object, java.lang.Object, java.lang.Object, java.lang.Object, java.lang.Object, long)'> (0x000000009395a328) 
thrown [s\src\hotspot\share\interpreter\linkResolver.cpp, line 759]
Event: 27.848 Thread 0x00000263f0b62710 Exception <a 'java/lang/NoSuchMethodError'{0x000000009395dd68}: 'java.lang.Object java.lang.invoke.Invokers$Holder.linkToTargetMethod(java.lang.Object, java.lang.Object, java.lang.Object, long, java.lang.Object)'> (0x000000009395dd68) 
thrown [s\src\hotspot\share\interpreter\linkResolver.cpp, line 759]
Event: 27.931 Thread 0x00000263edc1aea0 Exception <a 'java/lang/NoSuchMethodError'{0x0000000093763ec8}: 'java.lang.Object java.lang.invoke.DirectMethodHandle$Holder.invokeStatic(java.lang.Object, int, int)'> (0x0000000093763ec8) 
thrown [s\src\hotspot\share\interpreter\linkResolver.cpp, line 759]

VM Operations (20 events):
Event: 5.132 Executing VM operation: G1CollectForAllocation
Event: 5.136 Executing VM operation: G1CollectForAllocation done
Event: 6.147 Executing VM operation: Cleanup
Event: 6.147 Executing VM operation: Cleanup done
Event: 14.206 Executing VM operation: Cleanup
Event: 14.206 Executing VM operation: Cleanup done
Event: 15.218 Executing VM operation: Cleanup
Event: 15.218 Executing VM operation: Cleanup done
Event: 22.288 Executing VM operation: Cleanup
Event: 22.288 Executing VM operation: Cleanup done
Event: 24.304 Executing VM operation: Cleanup
Event: 24.304 Executing VM operation: Cleanup done
Event: 27.877 Executing VM operation: HandshakeAllThreads
Event: 27.877 Executing VM operation: HandshakeAllThreads done
Event: 27.877 Executing VM operation: Cleanup
Event: 27.877 Executing VM operation: Cleanup done
Event: 27.967 Executing VM operation: HandshakeAllThreads
Event: 27.967 Executing VM operation: HandshakeAllThreads done
Event: 28.017 Executing VM operation: HandshakeAllThreads
Event: 28.017 Executing VM operation: HandshakeAllThreads done

Events (20 events):
Event: 4.045 Thread 0x00000263edc19a60 Thread added: 0x00000263edc19a60
Event: 4.134 Thread 0x00000263edc19f70 Thread added: 0x00000263edc19f70
Event: 4.134 Thread 0x00000263edc1c2e0 Thread added: 0x00000263edc1c2e0
Event: 4.198 Thread 0x00000263edc1c7f0 Thread added: 0x00000263edc1c7f0
Event: 5.254 Thread 0x00000263edc1aea0 Thread added: 0x00000263edc1aea0
Event: 5.254 Thread 0x00000263f0b62710 Thread added: 0x00000263f0b62710
Event: 5.254 Thread 0x00000263f0b654a0 Thread added: 0x00000263f0b654a0
Event: 5.254 Thread 0x00000263f0b603a0 Thread added: 0x00000263f0b603a0
Event: 5.254 Thread 0x00000263f0b659b0 Thread added: 0x00000263f0b659b0
Event: 5.254 Thread 0x00000263f0b617e0 Thread added: 0x00000263f0b617e0
Event: 5.254 Thread 0x00000263f0b63640 Thread added: 0x00000263f0b63640
Event: 5.254 Thread 0x00000263f0b63b50 Thread added: 0x00000263f0b63b50
Event: 5.254 Thread 0x00000263f0b663d0 Thread added: 0x00000263f0b663d0
Event: 5.255 Thread 0x00000263f0b65ec0 Thread added: 0x00000263f0b65ec0
Event: 5.269 Thread 0x00000263f0b64f90 Thread added: 0x00000263f0b64f90
Event: 5.270 Thread 0x00000263f0b608b0 Thread added: 0x00000263f0b608b0
Event: 5.296 Thread 0x000002638826d150 Thread exited: 0x000002638826d150
Event: 5.296 Thread 0x00000263f0b62c20 Thread added: 0x00000263f0b62c20
Event: 10.546 Thread 0x00000263ed2208f0 Thread exited: 0x00000263ed2208f0
Event: 27.851 Thread 0x00000263eee28dc0 Thread added: 0x00000263eee28dc0


Dynamic libraries:
0x00007ff6826a0000 - 0x00007ff6826ae000 	C:\Users\Rober\.jdks\corretto-17.0.12\bin\java.exe
0x00007ffa5d450000 - 0x00007ffa5d667000 	C:\WINDOWS\SYSTEM32\ntdll.dll
0x00007ffa5bff0000 - 0x00007ffa5c0b4000 	C:\WINDOWS\System32\KERNEL32.DLL
0x00007ffa5acd0000 - 0x00007ffa5b07d000 	C:\WINDOWS\System32\KERNELBASE.dll
0x00007ffa5a860000 - 0x00007ffa5a971000 	C:\WINDOWS\System32\ucrtbase.dll
0x00007ffa519f0000 - 0x00007ffa51a0b000 	C:\Users\Rober\.jdks\corretto-17.0.12\bin\VCRUNTIME140.dll
0x00007ffa50f80000 - 0x00007ffa50f97000 	C:\Users\Rober\.jdks\corretto-17.0.12\bin\jli.dll
0x00007ffa5ca70000 - 0x00007ffa5cc1e000 	C:\WINDOWS\System32\USER32.dll
0x00007ffa5b0b0000 - 0x00007ffa5b0d6000 	C:\WINDOWS\System32\win32u.dll
0x00007ffa48980000 - 0x00007ffa48c13000 	C:\WINDOWS\WinSxS\amd64_microsoft.windows.common-controls_6595b64144ccf1df_6.0.22621.3672_none_2713b9d173822955\COMCTL32.dll
0x00007ffa5b350000 - 0x00007ffa5b3f7000 	C:\WINDOWS\System32\msvcrt.dll
0x00007ffa5b320000 - 0x00007ffa5b349000 	C:\WINDOWS\System32\GDI32.dll
0x00007ffa5aa40000 - 0x00007ffa5ab59000 	C:\WINDOWS\System32\gdi32full.dll
0x00007ffa5b0e0000 - 0x00007ffa5b17a000 	C:\WINDOWS\System32\msvcp_win.dll
0x00007ffa5b690000 - 0x00007ffa5b6c1000 	C:\WINDOWS\System32\IMM32.DLL
0x00007ffa560e0000 - 0x00007ffa560ec000 	C:\Users\Rober\.jdks\corretto-17.0.12\bin\vcruntime140_1.dll
0x00007ffa50e40000 - 0x00007ffa50ecd000 	C:\Users\Rober\.jdks\corretto-17.0.12\bin\msvcp140.dll
0x00007ff9c1560000 - 0x00007ff9c21ca000 	C:\Users\Rober\.jdks\corretto-17.0.12\bin\server\jvm.dll
0x00007ffa5b240000 - 0x00007ffa5b2f2000 	C:\WINDOWS\System32\ADVAPI32.dll
0x00007ffa5b6d0000 - 0x00007ffa5b779000 	C:\WINDOWS\System32\sechost.dll
0x00007ffa5b080000 - 0x00007ffa5b0a8000 	C:\WINDOWS\System32\bcrypt.dll
0x00007ffa5c950000 - 0x00007ffa5ca64000 	C:\WINDOWS\System32\RPCRT4.dll
0x00007ffa5d390000 - 0x00007ffa5d401000 	C:\WINDOWS\System32\WS2_32.dll
0x00007ffa5a630000 - 0x00007ffa5a67d000 	C:\WINDOWS\SYSTEM32\POWRPROF.dll
0x00007ffa57450000 - 0x00007ffa57484000 	C:\WINDOWS\SYSTEM32\WINMM.dll
0x00007ffa51440000 - 0x00007ffa5144a000 	C:\WINDOWS\SYSTEM32\VERSION.dll
0x00007ffa5a610000 - 0x00007ffa5a623000 	C:\WINDOWS\SYSTEM32\UMPDC.dll
0x00007ffa59770000 - 0x00007ffa59788000 	C:\WINDOWS\SYSTEM32\kernel.appcore.dll
0x00007ffa55c50000 - 0x00007ffa55c5a000 	C:\Users\Rober\.jdks\corretto-17.0.12\bin\jimage.dll
0x00007ffa57be0000 - 0x00007ffa57e12000 	C:\WINDOWS\SYSTEM32\DBGHELP.DLL
0x00007ffa5c5c0000 - 0x00007ffa5c94d000 	C:\WINDOWS\System32\combase.dll
0x00007ffa5c320000 - 0x00007ffa5c3f7000 	C:\WINDOWS\System32\OLEAUT32.dll
0x00007ffa42720000 - 0x00007ffa42752000 	C:\WINDOWS\SYSTEM32\dbgcore.DLL
0x00007ffa5a770000 - 0x00007ffa5a7eb000 	C:\WINDOWS\System32\bcryptPrimitives.dll
0x00007ffa50f40000 - 0x00007ffa50f4e000 	C:\Users\Rober\.jdks\corretto-17.0.12\bin\instrument.dll
0x00007ffa50e10000 - 0x00007ffa50e35000 	C:\Users\Rober\.jdks\corretto-17.0.12\bin\java.dll
0x00007ffa18f50000 - 0x00007ffa19027000 	C:\Users\Rober\.jdks\corretto-17.0.12\bin\jsvml.dll
0x00007ffa5b780000 - 0x00007ffa5bfe8000 	C:\WINDOWS\System32\SHELL32.dll
0x00007ffa58670000 - 0x00007ffa58f6e000 	C:\WINDOWS\SYSTEM32\windows.storage.dll
0x00007ffa58530000 - 0x00007ffa5866f000 	C:\WINDOWS\SYSTEM32\wintypes.dll
0x00007ffa5b590000 - 0x00007ffa5b689000 	C:\WINDOWS\System32\SHCORE.dll
0x00007ffa5b1d0000 - 0x00007ffa5b22e000 	C:\WINDOWS\System32\shlwapi.dll
0x00007ffa5a6a0000 - 0x00007ffa5a6c1000 	C:\WINDOWS\SYSTEM32\profapi.dll
0x00007ffa508b0000 - 0x00007ffa508c8000 	C:\Users\Rober\.jdks\corretto-17.0.12\bin\zip.dll
0x00007ffa50da0000 - 0x00007ffa50db9000 	C:\Users\Rober\.jdks\corretto-17.0.12\bin\net.dll
0x00007ffa55450000 - 0x00007ffa55586000 	C:\WINDOWS\SYSTEM32\WINHTTP.dll
0x00007ffa59bf0000 - 0x00007ffa59c59000 	C:\WINDOWS\system32\mswsock.dll
0x00007ffa50d80000 - 0x00007ffa50d96000 	C:\Users\Rober\.jdks\corretto-17.0.12\bin\nio.dll
0x00007ffa507b0000 - 0x00007ffa507ca000 	D:\Tools\IntelliJ2024\IntelliJ IDEA Community Edition 2024.2\bin\breakgen64.dll
0x00007ffa507a0000 - 0x00007ffa507a9000 	C:\Users\Rober\.jdks\corretto-17.0.12\bin\extnet.dll
0x00007ffa50720000 - 0x00007ffa5072e000 	C:\Users\Rober\.jdks\corretto-17.0.12\bin\sunmscapi.dll
0x00007ffa5ab60000 - 0x00007ffa5acc7000 	C:\WINDOWS\System32\CRYPT32.dll
0x00007ffa5a030000 - 0x00007ffa5a05e000 	C:\WINDOWS\SYSTEM32\ncrypt.dll
0x00007ffa59ff0000 - 0x00007ffa5a027000 	C:\WINDOWS\SYSTEM32\NTASN1.dll
0x00007ffa59e70000 - 0x00007ffa59e8b000 	C:\WINDOWS\SYSTEM32\CRYPTSP.dll
0x00007ffa596d0000 - 0x00007ffa59705000 	C:\WINDOWS\system32\rsaenh.dll
0x00007ffa59d10000 - 0x00007ffa59d38000 	C:\WINDOWS\SYSTEM32\USERENV.dll
0x00007ffa59e90000 - 0x00007ffa59e9c000 	C:\WINDOWS\SYSTEM32\CRYPTBASE.dll
0x00007ffa59210000 - 0x00007ffa5923d000 	C:\WINDOWS\SYSTEM32\IPHLPAPI.DLL
0x00007ffa5b470000 - 0x00007ffa5b479000 	C:\WINDOWS\System32\NSI.dll
0x00007ffa55390000 - 0x00007ffa553a9000 	C:\WINDOWS\SYSTEM32\dhcpcsvc6.DLL
0x00007ffa55370000 - 0x00007ffa5538f000 	C:\WINDOWS\SYSTEM32\dhcpcsvc.DLL
0x00007ffa59240000 - 0x00007ffa59338000 	C:\WINDOWS\SYSTEM32\DNSAPI.dll
0x00007ffa50790000 - 0x00007ffa50799000 	C:\Users\Rober\.jdks\corretto-17.0.12\bin\management.dll
0x00007ffa50780000 - 0x00007ffa5078b000 	C:\Users\Rober\.jdks\corretto-17.0.12\bin\management_ext.dll
0x00007ffa5b400000 - 0x00007ffa5b408000 	C:\WINDOWS\System32\PSAPI.DLL
0x00007ffa47880000 - 0x00007ffa4788a000 	C:\Windows\System32\rasadhlp.dll
0x00007ffa542d0000 - 0x00007ffa54353000 	C:\WINDOWS\System32\fwpuclnt.dll
0x00007ffa51070000 - 0x00007ffa51078000 	C:\WINDOWS\system32\wshunix.dll
0x00007ffa50540000 - 0x00007ffa50550000 	C:\Users\Rober\.jdks\corretto-17.0.12\bin\verify.dll

dbghelp: loaded successfully - version: 4.0.5 - missing functions: none
symbol engine: initialized successfully - sym options: 0x614 - pdb path: .;C:\Users\Rober\.jdks\corretto-17.0.12\bin;C:\WINDOWS\SYSTEM32;C:\WINDOWS\WinSxS\amd64_microsoft.windows.common-controls_6595b64144ccf1df_6.0.22621.3672_none_2713b9d173822955;C:\Users\Rober\.jdks\corretto-17.0.12\bin\server;D:\Tools\IntelliJ2024\IntelliJ IDEA Community Edition 2024.2\bin

VM Arguments:
jvm_args: -javaagent:D:\Tools\IntelliJ2024\IntelliJ IDEA Community Edition 2024.2\lib\idea_rt.jar=10693:D:\Tools\IntelliJ2024\IntelliJ IDEA Community Edition 2024.2\bin -Dfile.encoding=UTF-8 
java_command: com.example.homemanager.HomeManagerApplication
java_class_path (initial): C:\Users\Rober\Desktop\HomeManagerSpring\homeManager\homeManager\target\classes;C:\Users\Rober\.m2\repository\org\springframework\boot\spring-boot-starter-data-mongodb\3.3.3\spring-boot-starter-data-mongodb-3.3.3.jar;C:\Users\Rober\.m2\repository\org\springframework\boot\spring-boot-starter\3.3.3\spring-boot-starter-3.3.3.jar;C:\Users\Rober\.m2\repository\org\springframework\boot\spring-boot\3.3.3\spring-boot-3.3.3.jar;C:\Users\Rober\.m2\repository\org\springframework\boot\spring-boot-autoconfigure\3.3.3\spring-boot-autoconfigure-3.3.3.jar;C:\Users\Rober\.m2\repository\org\springframework\boot\spring-boot-starter-logging\3.3.3\spring-boot-starter-logging-3.3.3.jar;C:\Users\Rober\.m2\repository\ch\qos\logback\logback-classic\1.5.7\logback-classic-1.5.7.jar;C:\Users\Rober\.m2\repository\ch\qos\logback\logback-core\1.5.7\logback-core-1.5.7.jar;C:\Users\Rober\.m2\repository\org\apache\logging\log4j\log4j-to-slf4j\2.23.1\log4j-to-slf4j-2.23.1.jar;C:\Users\Rober\.m2\repository\org\apache\logging\log4j\log4j-api\2.23.1\log4j-api-2.23.1.jar;C:\Users\Rober\.m2\repository\org\slf4j\jul-to-slf4j\2.0.16\jul-to-slf4j-2.0.16.jar;C:\Users\Rober\.m2\repository\jakarta\annotation\jakarta.annotation-api\2.1.1\jakarta.annotation-api-2.1.1.jar;C:\Users\Rober\.m2\repository\org\yaml\snakeyaml\2.2\snakeyaml-2.2.jar;C:\Users\Rober\.m2\repository\org\mongodb\mongodb-driver-sync\5.0.1\mongodb-driver-sync-5.0.1.jar;C:\Users\Rober\.m2\repository\org\mongodb\bson\5.0.1\bson-5.0.1.jar;C:\Users\Rober\.m2\repository\org\mongodb\mongodb-driver-core\5.0.1\mongodb-driver-core-5.0.1.jar;C:\Users\Rober\.m2\repository\org\mongodb\bson-record-codec\5.0.1\bson-record-codec-5.0.1.jar;C:\Users\Rober\.m2\repository\org\springframework\data\spring-data-mongodb\4.3.3\spring-data-mongodb-4.3.3.jar;C:\Users\Rober\.m2\repository\org\springframework\spring-tx\6.1.12\spring-tx-6.1.12.jar;C:\Users\Rober\.m2\repository\org\springframework\spring-context\6.1.12\spring-context-6.1.12.jar;C
Launcher Type: SUN_STANDARD

[Global flags]
     intx CICompilerCount                          = 4                                         {product} {ergonomic}
     uint ConcGCThreads                            = 2                                         {product} {ergonomic}
     uint G1ConcRefinementThreads                  = 8                                         {product} {ergonomic}
   size_t G1HeapRegionSize                         = 1048576                                   {product} {ergonomic}
    uintx GCDrainStackTargetSize                   = 64                                        {product} {ergonomic}
   size_t InitialHeapSize                          = 117440512                                 {product} {ergonomic}
   size_t MarkStackSize                            = 4194304                                   {product} {ergonomic}
   size_t MaxHeapSize                              = 1862270976                                {product} {ergonomic}
   size_t MaxNewSize                               = 1116733440                                {product} {ergonomic}
   size_t MinHeapDeltaBytes                        = 1048576                                   {product} {ergonomic}
   size_t MinHeapSize                              = 8388608                                   {product} {ergonomic}
    uintx NonNMethodCodeHeapSize                   = 5839372                                {pd product} {ergonomic}
    uintx NonProfiledCodeHeapSize                  = 122909434                              {pd product} {ergonomic}
    uintx ProfiledCodeHeapSize                     = 122909434                              {pd product} {ergonomic}
    uintx ReservedCodeCacheSize                    = 251658240                              {pd product} {ergonomic}
     bool SegmentedCodeCache                       = true                                      {product} {ergonomic}
   size_t SoftMaxHeapSize                          = 1862270976                             {manageable} {ergonomic}
     bool UseCompressedClassPointers               = true                           {product lp64_product} {ergonomic}
     bool UseCompressedOops                        = true                           {product lp64_product} {ergonomic}
     bool UseG1GC                                  = true                                      {product} {ergonomic}
     bool UseLargePagesIndividualAllocation        = false                                  {pd product} {ergonomic}

Logging:
Log output configuration:
 #0: stdout all=warning uptime,level,tags
 #1: stderr all=off uptime,level,tags

Environment Variables:
JAVA_HOME=D:\Tools\Java\jdk-11.0.2
PATH=C:\Program Files (x86)\Common Files\Oracle\Java\javapath;C:\WINDOWS\system32;C:\WINDOWS;C:\WINDOWS\System32\Wbem;C:\WINDOWS\System32\WindowsPowerShell\v1.0\;C:\WINDOWS\System32\OpenSSH\;C:\Program Files\Docker\Docker\resources\bin;C:\Users\Rober\AppData\Local\Microsoft\WindowsApps;D:\Tools\Microsoft VS Code\bin;D:\IntelliJ IDEA Community Edition 2021.3.3\bin;;C:\Users\Rober\AppData\Local\Microsoft\WindowsApps;
USERNAME=Rober
TMPDIR=C:\Users\Public\Documents\Wondershare\CreatorTemp
OS=Windows_NT
PROCESSOR_IDENTIFIER=AMD64 Family 23 Model 24 Stepping 1, AuthenticAMD
TMP=C:\Users\Rober\AppData\Local\Temp
TEMP=C:\Users\Rober\AppData\Local\Temp



Periodic native trim disabled


---------------  S Y S T E M  ---------------

OS:
 Windows 11 , 64 bit Build 22621 (10.0.22621.3958)
OS uptime: 5 days 6:41 hours
Hyper-V role detected

CPU: total 8 (initial active 8) (8 cores per cpu, 2 threads per core) family 23 model 24 stepping 1 microcode 0x0, cx8, cmov, fxsr, ht, mmx, 3dnowpref, sse, sse2, sse3, ssse3, sse4a, sse4.1, sse4.2, popcnt, lzcnt, tsc, tscinvbit, avx, avx2, aes, clmul, bmi1, bmi2, adx, sha, fma, vzeroupper, clflush, clflushopt, hv
Processor Information for all 8 processors :
  Max Mhz: 2300, Current Mhz: 2300, Mhz Limit: 2300

Memory: 4k page, system-wide physical 7103M (405M free)
TotalPageFile size 11199M (AvailPageFile size 5M)
current process WorkingSet (physical memory assigned to process): 197M, peak: 197M
current process commit charge ("private bytes"): 236M, peak: 250M

vm_info: OpenJDK 64-Bit Server VM (17.0.12+7-LTS) for windows-amd64 JRE (17.0.12+7-LTS), built on Jul 10 2024 20:46:33 by "Administrator" with MS VC++ 16.10 / 16.11 (VS2019)

END.
