#
# There is insufficient memory for the Java Runtime Environment to continue.
# Native memory allocation (malloc) failed to allocate 1968224 bytes. Error detail: Chunk::new
# Possible reasons:
#   The system is out of physical RAM or swap space
#   This process is running with CompressedOops enabled, and the Java Heap may be blocking the growth of the native heap
# Possible solutions:
#   Reduce memory load on the system
#   Increase physical memory or swap space
#   Check if swap backing store is full
#   Decrease Java heap size (-Xmx/-Xms)
#   Decrease number of Java threads
#   Decrease Java thread stack sizes (-Xss)
#   Set larger code cache with -XX:ReservedCodeCacheSize=
#   JVM is running with Unscaled Compressed Oops mode in which the Java heap is
#     placed in the first 4GB address space. The Java Heap base address is the
#     maximum limit for the native heap growth. Please use -XX:HeapBaseMinAddress
#     to set the Java Heap base and to place the Java Heap above 4GB virtual address.
# This output file may be truncated or incomplete.
#
#  Out of Memory Error (arena.cpp:191), pid=7336, tid=11164
#
# JRE version: OpenJDK Runtime Environment Corretto-17.0.12.7.1 (17.0.12+7) (build 17.0.12+7-LTS)
# Java VM: OpenJDK 64-Bit Server VM Corretto-17.0.12.7.1 (17.0.12+7-LTS, mixed mode, sharing, tiered, compressed oops, compressed class ptrs, g1 gc, windows-amd64)
# No core dump will be written. Minidumps are not enabled by default on client versions of Windows
#

---------------  S U M M A R Y ------------

Command Line: -javaagent:D:\Tools\IntelliJ2024\IntelliJ IDEA Community Edition 2024.2\lib\idea_rt.jar=53028:D:\Tools\IntelliJ2024\IntelliJ IDEA Community Edition 2024.2\bin -Dfile.encoding=UTF-8 com.example.homemanager.HomeManagerApplication

Host: AMD Ryzen 7 3700U with Radeon Vega Mobile Gfx  , 8 cores, 6G,  Windows 11 , 64 bit Build 22621 (10.0.22621.3958)
Time: Wed Sep 11 11:43:26 2024 Hora de verano romance elapsed time: 63.253522 seconds (0d 0h 1m 3s)

---------------  T H R E A D  ---------------

Current thread (0x000002304e06ea70):  JavaThread "C2 CompilerThread0" daemon [_thread_in_native, id=11164, stack(0x000000c631000000,0x000000c631100000)]


Current CompileTask:
C2:  63253 4572       4       jdk.internal.loader.BuiltinClassLoader::defineClass (121 bytes)

Stack: [0x000000c631000000,0x000000c631100000]
Native frames: (J=compiled Java code, j=interpreted, Vv=VM code, C=native code)
V  [jvm.dll+0x67f4f9]
V  [jvm.dll+0x836eaa]
V  [jvm.dll+0x83896e]
V  [jvm.dll+0x838fd3]
V  [jvm.dll+0x247f6f]
V  [jvm.dll+0xac9d4]
V  [jvm.dll+0xad01c]
V  [jvm.dll+0x367097]
V  [jvm.dll+0x1bd452]
V  [jvm.dll+0x21a659]
V  [jvm.dll+0x219941]
V  [jvm.dll+0x1a57bd]
V  [jvm.dll+0x22966d]
V  [jvm.dll+0x22781c]
V  [jvm.dll+0x7ebec7]
V  [jvm.dll+0x7e62ac]
V  [jvm.dll+0x67e3c7]
C  [ucrtbase.dll+0x29333]
C  [KERNEL32.DLL+0x1257d]
C  [ntdll.dll+0x5af28]


---------------  P R O C E S S  ---------------

Threads class SMR info:
_java_thread_list=0x0000023094e47b30, length=32, elements={
0x000002304e051050, 0x000002304e052670, 0x000002304e065610, 0x000002304e0660e0,
0x000002304e0689c0, 0x000002304e06a1d0, 0x000002304e06ea70, 0x000002304e06fbd0,
0x000002304e0da360, 0x000002304e0de440, 0x000002304e568340, 0x000002304e5bf470,
0x0000023094320e40, 0x0000023094321860, 0x0000023094321350, 0x0000023094322790,
0x0000023094322ca0, 0x00000230943231b0, 0x0000023094323bd0, 0x000002309781d8a0,
0x000002309781c970, 0x000002309781c460, 0x000002309781ce80, 0x000002309781f700,
0x000002309781a0f0, 0x000002309781f1f0, 0x000002309781d390, 0x000002309781a600,
0x000002309781b020, 0x000002309781fc10, 0x00000230978196d0, 0x0000023097820120
}

Java Threads: ( => current thread )
  0x000002304e051050 JavaThread "Reference Handler" daemon [_thread_blocked, id=1500, stack(0x000000c630a00000,0x000000c630b00000)]
  0x000002304e052670 JavaThread "Finalizer" daemon [_thread_blocked, id=9136, stack(0x000000c630b00000,0x000000c630c00000)]
  0x000002304e065610 JavaThread "Signal Dispatcher" daemon [_thread_blocked, id=6996, stack(0x000000c630c00000,0x000000c630d00000)]
  0x000002304e0660e0 JavaThread "Attach Listener" daemon [_thread_blocked, id=10624, stack(0x000000c630d00000,0x000000c630e00000)]
  0x000002304e0689c0 JavaThread "Service Thread" daemon [_thread_blocked, id=8520, stack(0x000000c630e00000,0x000000c630f00000)]
  0x000002304e06a1d0 JavaThread "Monitor Deflation Thread" daemon [_thread_blocked, id=3116, stack(0x000000c630f00000,0x000000c631000000)]
=>0x000002304e06ea70 JavaThread "C2 CompilerThread0" daemon [_thread_in_native, id=11164, stack(0x000000c631000000,0x000000c631100000)]
  0x000002304e06fbd0 JavaThread "C1 CompilerThread0" daemon [_thread_blocked, id=4000, stack(0x000000c631100000,0x000000c631200000)]
  0x000002304e0da360 JavaThread "Sweeper thread" daemon [_thread_blocked, id=10564, stack(0x000000c631200000,0x000000c631300000)]
  0x000002304e0de440 JavaThread "Common-Cleaner" daemon [_thread_blocked, id=15768, stack(0x000000c631300000,0x000000c631400000)]
  0x000002304e568340 JavaThread "Monitor Ctrl-Break" daemon [_thread_in_native, id=11712, stack(0x000000c631500000,0x000000c631600000)]
  0x000002304e5bf470 JavaThread "Notification Thread" daemon [_thread_blocked, id=1864, stack(0x000000c631600000,0x000000c631700000)]
  0x0000023094320e40 JavaThread "Catalina-utility-1" [_thread_blocked, id=5548, stack(0x000000c632200000,0x000000c632300000)]
  0x0000023094321860 JavaThread "Catalina-utility-2" [_thread_blocked, id=12528, stack(0x000000c632300000,0x000000c632400000)]
  0x0000023094321350 JavaThread "container-0" [_thread_blocked, id=10944, stack(0x000000c632400000,0x000000c632500000)]
  0x0000023094322790 JavaThread "BufferPoolPruner-1-thread-1" daemon [_thread_blocked, id=4800, stack(0x000000c632500000,0x000000c632600000)]
  0x0000023094322ca0 JavaThread "cluster-ClusterId{value='66e16604493f5a3ecbeda727', description='null'}-localhost:27017" daemon [_thread_in_native, id=4560, stack(0x000000c632600000,0x000000c632700000)]
  0x00000230943231b0 JavaThread "cluster-rtt-ClusterId{value='66e16604493f5a3ecbeda727', description='null'}-localhost:27017" daemon [_thread_blocked, id=1980, stack(0x000000c632700000,0x000000c632800000)]
  0x0000023094323bd0 JavaThread "MaintenanceTimer-2-thread-1" daemon [_thread_blocked, id=8496, stack(0x000000c632900000,0x000000c632a00000)]
  0x000002309781d8a0 JavaThread "http-nio-8080-exec-1" daemon [_thread_in_native, id=13608, stack(0x000000c632a00000,0x000000c632b00000)]
  0x000002309781c970 JavaThread "http-nio-8080-exec-2" daemon [_thread_blocked, id=15504, stack(0x000000c632b00000,0x000000c632c00000)]
  0x000002309781c460 JavaThread "http-nio-8080-exec-3" daemon [_thread_blocked, id=8892, stack(0x000000c632c00000,0x000000c632d00000)]
  0x000002309781ce80 JavaThread "http-nio-8080-exec-4" daemon [_thread_blocked, id=15028, stack(0x000000c632d00000,0x000000c632e00000)]
  0x000002309781f700 JavaThread "http-nio-8080-exec-5" daemon [_thread_blocked, id=8932, stack(0x000000c632e00000,0x000000c632f00000)]
  0x000002309781a0f0 JavaThread "http-nio-8080-exec-6" daemon [_thread_blocked, id=5724, stack(0x000000c632f00000,0x000000c633000000)]
  0x000002309781f1f0 JavaThread "http-nio-8080-exec-7" daemon [_thread_blocked, id=1924, stack(0x000000c633000000,0x000000c633100000)]
  0x000002309781d390 JavaThread "http-nio-8080-exec-8" daemon [_thread_blocked, id=10752, stack(0x000000c633100000,0x000000c633200000)]
  0x000002309781a600 JavaThread "http-nio-8080-exec-9" daemon [_thread_blocked, id=6164, stack(0x000000c633200000,0x000000c633300000)]
  0x000002309781b020 JavaThread "http-nio-8080-exec-10" daemon [_thread_blocked, id=15908, stack(0x000000c633300000,0x000000c633400000)]
  0x000002309781fc10 JavaThread "http-nio-8080-Poller" daemon [_thread_in_native, id=9180, stack(0x000000c633400000,0x000000c633500000)]
  0x00000230978196d0 JavaThread "http-nio-8080-Acceptor" daemon [_thread_in_native, id=14400, stack(0x000000c633500000,0x000000c633600000)]
  0x0000023097820120 JavaThread "DestroyJavaVM" [_thread_blocked, id=1920, stack(0x000000c630300000,0x000000c630400000)]

Other Threads:
  0x000002304e04a890 VMThread "VM Thread" [stack: 0x000000c630900000,0x000000c630a00000] [id=5256]
  0x000002304e5bf950 WatcherThread [stack: 0x000000c631700000,0x000000c631800000] [id=12128]
  0x0000023030661c40 GCTaskThread "GC Thread#0" [stack: 0x000000c630400000,0x000000c630500000] [id=3752]
  0x0000023094277ab0 GCTaskThread "GC Thread#1" [stack: 0x000000c631800000,0x000000c631900000] [id=12240]
  0x00000230941df5e0 GCTaskThread "GC Thread#2" [stack: 0x000000c631900000,0x000000c631a00000] [id=11192]
  0x0000023094275230 GCTaskThread "GC Thread#3" [stack: 0x000000c631a00000,0x000000c631b00000] [id=9192]
  0x00000230943ed570 GCTaskThread "GC Thread#4" [stack: 0x000000c631b00000,0x000000c631c00000] [id=14480]
  0x000002304ee0ec30 GCTaskThread "GC Thread#5" [stack: 0x000000c631c00000,0x000000c631d00000] [id=3728]
  0x000002304eb3ab90 GCTaskThread "GC Thread#6" [stack: 0x000000c631d00000,0x000000c631e00000] [id=6956]
  0x000002309470e380 GCTaskThread "GC Thread#7" [stack: 0x000000c631e00000,0x000000c631f00000] [id=9400]
  0x0000023030670990 ConcurrentGCThread "G1 Main Marker" [stack: 0x000000c630500000,0x000000c630600000] [id=15632]
  0x00000230306713b0 ConcurrentGCThread "G1 Conc#0" [stack: 0x000000c630600000,0x000000c630700000] [id=14144]
  0x0000023094bd8d60 ConcurrentGCThread "G1 Conc#1" [stack: 0x000000c632000000,0x000000c632100000] [id=13812]
  0x000002304df080e0 ConcurrentGCThread "G1 Refine#0" [stack: 0x000000c630700000,0x000000c630800000] [id=15384]
  0x00000230943e3900 ConcurrentGCThread "G1 Refine#1" [stack: 0x000000c631f00000,0x000000c632000000] [id=16204]
  0x000002304df08b10 ConcurrentGCThread "G1 Service" [stack: 0x000000c630800000,0x000000c630900000] [id=12708]

Threads with active compile tasks:
C2 CompilerThread0    63285 4572       4       jdk.internal.loader.BuiltinClassLoader::defineClass (121 bytes)

VM state: not at safepoint (normal execution)

VM Mutex/Monitor currently owned by a thread: None

Heap address: 0x0000000091000000, size: 1776 MB, Compressed Oops mode: 32-bit

CDS archive(s) mapped at: [0x000002304f000000-0x000002304fbb0000-0x000002304fbb0000), size 12255232, SharedBaseAddress: 0x000002304f000000, ArchiveRelocationMode: 1.
Compressed class space mapped at: 0x0000023050000000-0x0000023090000000, reserved size: 1073741824
Narrow klass base: 0x000002304f000000, Narrow klass shift: 0, Narrow klass range: 0x100000000

GC Precious Log:
 CPUs: 8 total, 8 available
 Memory: 7103M
 Large Page Support: Disabled
 NUMA Support: Disabled
 Compressed Oops: Enabled (32-bit)
 Heap Region Size: 1M
 Heap Min Capacity: 8M
 Heap Initial Capacity: 112M
 Heap Max Capacity: 1776M
 Pre-touch: Disabled
 Parallel Workers: 8
 Concurrent Workers: 2
 Concurrent Refinement Workers: 8
 Periodic GC: Disabled

Heap:
 garbage-first heap   total 76800K, used 23062K [0x0000000091000000, 0x0000000100000000)
  region size 1024K, 6 young (6144K), 2 survivors (2048K)
 Metaspace       used 41985K, committed 42496K, reserved 1114112K
  class space    used 5595K, committed 5824K, reserved 1048576K

Heap Regions: E=young(eden), S=young(survivor), O=old, HS=humongous(starts), HC=humongous(continues), CS=collection set, F=free, OA=open archive, CA=closed archive, TAMS=top-at-mark-start (previous, next)
|   0|0x0000000091000000, 0x0000000091100000, 0x0000000091100000|100%| O|  |TAMS 0x0000000091100000, 0x0000000091000000| Untracked 
|   1|0x0000000091100000, 0x0000000091200000, 0x0000000091200000|100%| O|  |TAMS 0x0000000091200000, 0x0000000091100000| Untracked 
|   2|0x0000000091200000, 0x0000000091300000, 0x0000000091300000|100%| O|  |TAMS 0x0000000091300000, 0x0000000091200000| Untracked 
|   3|0x0000000091300000, 0x0000000091400000, 0x0000000091400000|100%| O|  |TAMS 0x0000000091400000, 0x0000000091300000| Untracked 
|   4|0x0000000091400000, 0x0000000091500000, 0x0000000091500000|100%| O|  |TAMS 0x0000000091500000, 0x0000000091400000| Untracked 
|   5|0x0000000091500000, 0x0000000091600000, 0x0000000091600000|100%| O|  |TAMS 0x0000000091600000, 0x0000000091500000| Untracked 
|   6|0x0000000091600000, 0x0000000091700000, 0x0000000091700000|100%| O|  |TAMS 0x0000000091700000, 0x0000000091600000| Untracked 
|   7|0x0000000091700000, 0x0000000091800000, 0x0000000091800000|100%| O|  |TAMS 0x0000000091800000, 0x0000000091700000| Untracked 
|   8|0x0000000091800000, 0x0000000091900000, 0x0000000091900000|100%| O|  |TAMS 0x0000000091900000, 0x0000000091800000| Untracked 
|   9|0x0000000091900000, 0x0000000091a00000, 0x0000000091a00000|100%| O|  |TAMS 0x0000000091a00000, 0x0000000091900000| Untracked 
|  10|0x0000000091a00000, 0x0000000091b00000, 0x0000000091b00000|100%| O|  |TAMS 0x0000000091b00000, 0x0000000091a00000| Untracked 
|  11|0x0000000091b00000, 0x0000000091c00000, 0x0000000091c00000|100%| O|  |TAMS 0x0000000091c00000, 0x0000000091b00000| Untracked 
|  12|0x0000000091c00000, 0x0000000091d00000, 0x0000000091d00000|100%| O|  |TAMS 0x0000000091d00000, 0x0000000091c00000| Untracked 
|  13|0x0000000091d00000, 0x0000000091d00000, 0x0000000091e00000|  0%| F|  |TAMS 0x0000000091d00000, 0x0000000091d00000| Untracked 
|  14|0x0000000091e00000, 0x0000000091f00000, 0x0000000091f00000|100%| O|  |TAMS 0x0000000091e8a200, 0x0000000091e00000| Untracked 
|  15|0x0000000091f00000, 0x0000000092000000, 0x0000000092000000|100%| O|  |TAMS 0x0000000091f00000, 0x0000000091f00000| Untracked 
|  16|0x0000000092000000, 0x0000000092100000, 0x0000000092100000|100%| O|  |TAMS 0x0000000092000000, 0x0000000092000000| Untracked 
|  17|0x0000000092100000, 0x0000000092200000, 0x0000000092200000|100%| O|  |TAMS 0x0000000092100000, 0x0000000092100000| Untracked 
|  18|0x0000000092200000, 0x0000000092300000, 0x0000000092300000|100%| O|  |TAMS 0x0000000092200000, 0x0000000092200000| Untracked 
|  19|0x0000000092300000, 0x0000000092345600, 0x0000000092400000| 27%| O|  |TAMS 0x0000000092300000, 0x0000000092300000| Untracked 
|  20|0x0000000092400000, 0x0000000092400000, 0x0000000092500000|  0%| F|  |TAMS 0x0000000092400000, 0x0000000092400000| Untracked 
|  21|0x0000000092500000, 0x0000000092500000, 0x0000000092600000|  0%| F|  |TAMS 0x0000000092500000, 0x0000000092500000| Untracked 
|  22|0x0000000092600000, 0x0000000092600000, 0x0000000092700000|  0%| F|  |TAMS 0x0000000092600000, 0x0000000092600000| Untracked 
|  23|0x0000000092700000, 0x0000000092700000, 0x0000000092800000|  0%| F|  |TAMS 0x0000000092700000, 0x0000000092700000| Untracked 
|  24|0x0000000092800000, 0x0000000092800000, 0x0000000092900000|  0%| F|  |TAMS 0x0000000092800000, 0x0000000092800000| Untracked 
|  25|0x0000000092900000, 0x0000000092900000, 0x0000000092a00000|  0%| F|  |TAMS 0x0000000092900000, 0x0000000092900000| Untracked 
|  26|0x0000000092a00000, 0x0000000092a00000, 0x0000000092b00000|  0%| F|  |TAMS 0x0000000092a00000, 0x0000000092a00000| Untracked 
|  27|0x0000000092b00000, 0x0000000092b405a0, 0x0000000092c00000| 25%| S|CS|TAMS 0x0000000092b00000, 0x0000000092b00000| Complete 
|  28|0x0000000092c00000, 0x0000000092d00000, 0x0000000092d00000|100%| S|CS|TAMS 0x0000000092c00000, 0x0000000092c00000| Complete 
|  29|0x0000000092d00000, 0x0000000092d00000, 0x0000000092e00000|  0%| F|  |TAMS 0x0000000092d00000, 0x0000000092d00000| Untracked 
|  30|0x0000000092e00000, 0x0000000092e00000, 0x0000000092f00000|  0%| F|  |TAMS 0x0000000092e00000, 0x0000000092e00000| Untracked 
|  31|0x0000000092f00000, 0x0000000092f00000, 0x0000000093000000|  0%| F|  |TAMS 0x0000000092f00000, 0x0000000092f00000| Untracked 
|  32|0x0000000093000000, 0x0000000093000000, 0x0000000093100000|  0%| F|  |TAMS 0x0000000093000000, 0x0000000093000000| Untracked 
|  33|0x0000000093100000, 0x0000000093100000, 0x0000000093200000|  0%| F|  |TAMS 0x0000000093100000, 0x0000000093100000| Untracked 
|  34|0x0000000093200000, 0x0000000093200000, 0x0000000093300000|  0%| F|  |TAMS 0x0000000093200000, 0x0000000093200000| Untracked 
|  35|0x0000000093300000, 0x0000000093300000, 0x0000000093400000|  0%| F|  |TAMS 0x0000000093300000, 0x0000000093300000| Untracked 
|  36|0x0000000093400000, 0x0000000093400000, 0x0000000093500000|  0%| F|  |TAMS 0x0000000093400000, 0x0000000093400000| Untracked 
|  37|0x0000000093500000, 0x0000000093500000, 0x0000000093600000|  0%| F|  |TAMS 0x0000000093500000, 0x0000000093500000| Untracked 
|  38|0x0000000093600000, 0x0000000093600000, 0x0000000093700000|  0%| F|  |TAMS 0x0000000093600000, 0x0000000093600000| Untracked 
|  39|0x0000000093700000, 0x0000000093700000, 0x0000000093800000|  0%| F|  |TAMS 0x0000000093700000, 0x0000000093700000| Untracked 
|  40|0x0000000093800000, 0x0000000093800000, 0x0000000093900000|  0%| F|  |TAMS 0x0000000093800000, 0x0000000093800000| Untracked 
|  41|0x0000000093900000, 0x0000000093900000, 0x0000000093a00000|  0%| F|  |TAMS 0x0000000093900000, 0x0000000093900000| Untracked 
|  42|0x0000000093a00000, 0x0000000093a00000, 0x0000000093b00000|  0%| F|  |TAMS 0x0000000093a00000, 0x0000000093a00000| Untracked 
|  43|0x0000000093b00000, 0x0000000093b00000, 0x0000000093c00000|  0%| F|  |TAMS 0x0000000093b00000, 0x0000000093b00000| Untracked 
|  44|0x0000000093c00000, 0x0000000093c00000, 0x0000000093d00000|  0%| F|  |TAMS 0x0000000093c00000, 0x0000000093c00000| Untracked 
|  45|0x0000000093d00000, 0x0000000093d00000, 0x0000000093e00000|  0%| F|  |TAMS 0x0000000093d00000, 0x0000000093d00000| Untracked 
|  46|0x0000000093e00000, 0x0000000093e00000, 0x0000000093f00000|  0%| F|  |TAMS 0x0000000093e00000, 0x0000000093e00000| Untracked 
|  47|0x0000000093f00000, 0x0000000093f00000, 0x0000000094000000|  0%| F|  |TAMS 0x0000000093f00000, 0x0000000093f00000| Untracked 
|  48|0x0000000094000000, 0x0000000094000000, 0x0000000094100000|  0%| F|  |TAMS 0x0000000094000000, 0x0000000094000000| Untracked 
|  49|0x0000000094100000, 0x0000000094100000, 0x0000000094200000|  0%| F|  |TAMS 0x0000000094100000, 0x0000000094100000| Untracked 
|  50|0x0000000094200000, 0x0000000094200000, 0x0000000094300000|  0%| F|  |TAMS 0x0000000094200000, 0x0000000094200000| Untracked 
|  51|0x0000000094300000, 0x0000000094300000, 0x0000000094400000|  0%| F|  |TAMS 0x0000000094300000, 0x0000000094300000| Untracked 
|  52|0x0000000094400000, 0x0000000094400000, 0x0000000094500000|  0%| F|  |TAMS 0x0000000094400000, 0x0000000094400000| Untracked 
|  53|0x0000000094500000, 0x0000000094500000, 0x0000000094600000|  0%| F|  |TAMS 0x0000000094500000, 0x0000000094500000| Untracked 
|  54|0x0000000094600000, 0x0000000094600000, 0x0000000094700000|  0%| F|  |TAMS 0x0000000094600000, 0x0000000094600000| Untracked 
|  55|0x0000000094700000, 0x0000000094700000, 0x0000000094800000|  0%| F|  |TAMS 0x0000000094700000, 0x0000000094700000| Untracked 
|  56|0x0000000094800000, 0x0000000094800000, 0x0000000094900000|  0%| F|  |TAMS 0x0000000094800000, 0x0000000094800000| Untracked 
|  57|0x0000000094900000, 0x0000000094900000, 0x0000000094a00000|  0%| F|  |TAMS 0x0000000094900000, 0x0000000094900000| Untracked 
|  58|0x0000000094a00000, 0x0000000094a00000, 0x0000000094b00000|  0%| F|  |TAMS 0x0000000094a00000, 0x0000000094a00000| Untracked 
|  59|0x0000000094b00000, 0x0000000094b00000, 0x0000000094c00000|  0%| F|  |TAMS 0x0000000094b00000, 0x0000000094b00000| Untracked 
|  60|0x0000000094c00000, 0x0000000094c00000, 0x0000000094d00000|  0%| F|  |TAMS 0x0000000094c00000, 0x0000000094c00000| Untracked 
|  61|0x0000000094d00000, 0x0000000094d00000, 0x0000000094e00000|  0%| F|  |TAMS 0x0000000094d00000, 0x0000000094d00000| Untracked 
|  62|0x0000000094e00000, 0x0000000094e00000, 0x0000000094f00000|  0%| F|  |TAMS 0x0000000094e00000, 0x0000000094e00000| Untracked 
|  63|0x0000000094f00000, 0x0000000094f00000, 0x0000000095000000|  0%| F|  |TAMS 0x0000000094f00000, 0x0000000094f00000| Untracked 
|  64|0x0000000095000000, 0x0000000095000000, 0x0000000095100000|  0%| F|  |TAMS 0x0000000095000000, 0x0000000095000000| Untracked 
|  65|0x0000000095100000, 0x0000000095100000, 0x0000000095200000|  0%| F|  |TAMS 0x0000000095100000, 0x0000000095100000| Untracked 
|  66|0x0000000095200000, 0x0000000095200000, 0x0000000095300000|  0%| F|  |TAMS 0x0000000095200000, 0x0000000095200000| Untracked 
|  67|0x0000000095300000, 0x0000000095300000, 0x0000000095400000|  0%| F|  |TAMS 0x0000000095300000, 0x0000000095300000| Untracked 
|  68|0x0000000095400000, 0x0000000095400000, 0x0000000095500000|  0%| F|  |TAMS 0x0000000095400000, 0x0000000095400000| Untracked 
|  69|0x0000000095500000, 0x0000000095500000, 0x0000000095600000|  0%| F|  |TAMS 0x0000000095500000, 0x0000000095500000| Untracked 
|  70|0x0000000095600000, 0x0000000095600000, 0x0000000095700000|  0%| F|  |TAMS 0x0000000095600000, 0x0000000095600000| Untracked 
|  71|0x0000000095700000, 0x0000000095758770, 0x0000000095800000| 34%| E|  |TAMS 0x0000000095700000, 0x0000000095700000| Complete 
|  72|0x0000000095800000, 0x0000000095900000, 0x0000000095900000|100%| E|CS|TAMS 0x0000000095800000, 0x0000000095800000| Complete 
|  73|0x0000000095900000, 0x0000000095a00000, 0x0000000095a00000|100%| E|CS|TAMS 0x0000000095900000, 0x0000000095900000| Complete 
| 111|0x0000000097f00000, 0x0000000098000000, 0x0000000098000000|100%| E|CS|TAMS 0x0000000097f00000, 0x0000000097f00000| Complete 

Card table byte_map: [0x00000230477e0000,0x0000023047b60000] _byte_map_base: 0x0000023047358000

Marking Bits (Prev, Next): (CMBitMap*) 0x0000023030662260, (CMBitMap*) 0x00000230306622a0
 Prev Bits: [0x0000023047ee0000, 0x0000023049aa0000)
 Next Bits: [0x0000023049aa0000, 0x000002304b660000)

Polling page: 0x000002302fdc0000

Metaspace:

Usage:
  Non-class:     35.55 MB used.
      Class:      5.47 MB used.
       Both:     41.02 MB used.

Virtual space:
  Non-class space:       64.00 MB reserved,      35.81 MB ( 56%) committed,  1 nodes.
      Class space:        1.00 GB reserved,       5.69 MB ( <1%) committed,  1 nodes.
             Both:        1.06 GB reserved,      41.50 MB (  4%) committed. 

Chunk freelists:
   Non-Class:  11.92 MB
       Class:  10.14 MB
        Both:  22.06 MB

MaxMetaspaceSize: unlimited
CompressedClassSpaceSize: 1.00 GB
Initial GC threshold: 21.00 MB
Current GC threshold: 58.75 MB
CDS: on
MetaspaceReclaimPolicy: balanced
 - commit_granule_bytes: 65536.
 - commit_granule_words: 8192.
 - virtual_space_node_default_size: 8388608.
 - enlarge_chunks_in_place: 1.
 - new_chunks_are_fully_committed: 0.
 - uncommit_free_chunks: 1.
 - use_allocation_guard: 0.
 - handle_deallocations: 1.


Internal statistics:

num_allocs_failed_limit: 6.
num_arena_births: 620.
num_arena_deaths: 0.
num_vsnodes_births: 2.
num_vsnodes_deaths: 0.
num_space_committed: 664.
num_space_uncommitted: 0.
num_chunks_returned_to_freelist: 6.
num_chunks_taken_from_freelist: 2149.
num_chunk_merges: 6.
num_chunk_splits: 1514.
num_chunks_enlarged: 1150.
num_inconsistent_stats: 0.

CodeHeap 'non-profiled nmethods': size=120000Kb used=2311Kb max_used=3007Kb free=117688Kb
 bounds [0x000002303fc00000, 0x000002303fef0000, 0x0000023047130000]
CodeHeap 'profiled nmethods': size=120000Kb used=7371Kb max_used=9676Kb free=112628Kb
 bounds [0x0000023038130000, 0x0000023038ab0000, 0x000002303f660000]
CodeHeap 'non-nmethods': size=5760Kb used=1260Kb max_used=1295Kb free=4499Kb
 bounds [0x000002303f660000, 0x000002303f8d0000, 0x000002303fc00000]
 total_blobs=4444 nmethods=3871 adapters=485
 compilation: enabled
              stopped_count=0, restarted_count=0
 full_count=0

Compilation events (20 events):
Event: 63.235 Thread 0x000002304e06fbd0 4646       3       org.springframework.asm.ByteVector::putByte (39 bytes)
Event: 63.235 Thread 0x000002304e06fbd0 nmethod 4646 0x00000230381cd390 code [0x00000230381cd540, 0x00000230381cd728]
Event: 63.236 Thread 0x000002304e06fbd0 4643       3       org.springframework.core.annotation.AttributeMethods::isAttributeMethod (23 bytes)
Event: 63.236 Thread 0x000002304e06fbd0 nmethod 4643 0x00000230381e1490 code [0x00000230381e1640, 0x00000230381e1858]
Event: 63.236 Thread 0x000002304e06fbd0 4647       3       java.nio.MappedByteBuffer::limit (8 bytes)
Event: 63.236 Thread 0x000002304e06fbd0 nmethod 4647 0x0000023038234090 code [0x0000023038234240, 0x00000230382343e8]
Event: 63.239 Thread 0x000002304e06fbd0 4648       3       org.springframework.asm.SymbolTable::addConstantUtf8 (98 bytes)
Event: 63.240 Thread 0x000002304e06fbd0 nmethod 4648 0x000002303813ee10 code [0x000002303813f040, 0x000002303813f638]
Event: 63.240 Thread 0x000002304e06fbd0 4652       3       java.util.Formatter$FixedString::<init> (26 bytes)
Event: 63.240 Thread 0x000002304e06fbd0 nmethod 4652 0x0000023038212290 code [0x0000023038212440, 0x0000023038212678]
Event: 63.240 Thread 0x000002304e06fbd0 4653       3       java.util.Formatter$FixedString::print (26 bytes)
Event: 63.240 Thread 0x000002304e06fbd0 nmethod 4653 0x0000023038213990 code [0x0000023038213b40, 0x0000023038213d28]
Event: 63.240 Thread 0x000002304e06fbd0 4654       3       java.lang.StringBuilder::append (8 bytes)
Event: 63.240 Thread 0x000002304e06fbd0 nmethod 4654 0x00000230382cbe90 code [0x00000230382cc040, 0x00000230382cc1e8]
Event: 63.240 Thread 0x000002304e06fbd0 4649       3       java.util.Formatter$Conversion::isValid (358 bytes)
Event: 63.241 Thread 0x000002304e06fbd0 nmethod 4649 0x0000023038151a10 code [0x0000023038151ba0, 0x00000230381523d8]
Event: 63.241 Thread 0x000002304e06fbd0 4656       3       org.springframework.asm.ByteVector::putShort (52 bytes)
Event: 63.241 Thread 0x000002304e06fbd0 nmethod 4656 0x0000023038264e90 code [0x0000023038265040, 0x0000023038265248]
Event: 63.241 Thread 0x000002304e06fbd0 4650       3       java.util.Formatter$Conversion::isText (34 bytes)
Event: 63.241 Thread 0x000002304e06fbd0 nmethod 4650 0x000002303817dc10 code [0x000002303817dda0, 0x000002303817df18]

GC Heap History (20 events):
Event: 2.129 GC heap before
{Heap before GC invocations=1 (full 0):
 garbage-first heap   total 114688K, used 30053K [0x0000000091000000, 0x0000000100000000)
  region size 1024K, 28 young (28672K), 3 survivors (3072K)
 Metaspace       used 12652K, committed 12992K, reserved 1114112K
  class space    used 1684K, committed 1856K, reserved 1048576K
}
Event: 2.135 GC heap after
{Heap after GC invocations=2 (full 0):
 garbage-first heap   total 114688K, used 7662K [0x0000000091000000, 0x0000000100000000)
  region size 1024K, 2 young (2048K), 2 survivors (2048K)
 Metaspace       used 12652K, committed 12992K, reserved 1114112K
  class space    used 1684K, committed 1856K, reserved 1048576K
}
Event: 3.316 GC heap before
{Heap before GC invocations=2 (full 0):
 garbage-first heap   total 114688K, used 54766K [0x0000000091000000, 0x0000000100000000)
  region size 1024K, 50 young (51200K), 2 survivors (2048K)
 Metaspace       used 21321K, committed 21504K, reserved 1114112K
  class space    used 2719K, committed 2816K, reserved 1048576K
}
Event: 3.325 GC heap after
{Heap after GC invocations=3 (full 0):
 garbage-first heap   total 114688K, used 11388K [0x0000000091000000, 0x0000000100000000)
  region size 1024K, 6 young (6144K), 6 survivors (6144K)
 Metaspace       used 21321K, committed 21504K, reserved 1114112K
  class space    used 2719K, committed 2816K, reserved 1048576K
}
Event: 4.186 GC heap before
{Heap before GC invocations=4 (full 0):
 garbage-first heap   total 45056K, used 31868K [0x0000000091000000, 0x0000000100000000)
  region size 1024K, 26 young (26624K), 6 survivors (6144K)
 Metaspace       used 25081K, committed 25472K, reserved 1114112K
  class space    used 3245K, committed 3456K, reserved 1048576K
}
Event: 4.201 GC heap after
{Heap after GC invocations=5 (full 0):
 garbage-first heap   total 45056K, used 13020K [0x0000000091000000, 0x0000000100000000)
  region size 1024K, 2 young (2048K), 2 survivors (2048K)
 Metaspace       used 25081K, committed 25472K, reserved 1114112K
  class space    used 3245K, committed 3456K, reserved 1048576K
}
Event: 4.237 GC heap before
{Heap before GC invocations=5 (full 0):
 garbage-first heap   total 45056K, used 14044K [0x0000000091000000, 0x0000000100000000)
  region size 1024K, 3 young (3072K), 2 survivors (2048K)
 Metaspace       used 25371K, committed 25728K, reserved 1114112K
  class space    used 3277K, committed 3456K, reserved 1048576K
}
Event: 4.244 GC heap after
{Heap after GC invocations=6 (full 0):
 garbage-first heap   total 45056K, used 13703K [0x0000000091000000, 0x0000000100000000)
  region size 1024K, 1 young (1024K), 1 survivors (1024K)
 Metaspace       used 25371K, committed 25728K, reserved 1114112K
  class space    used 3277K, committed 3456K, reserved 1048576K
}
Event: 5.091 GC heap before
{Heap before GC invocations=6 (full 0):
 garbage-first heap   total 45056K, used 31111K [0x0000000091000000, 0x0000000100000000)
  region size 1024K, 19 young (19456K), 1 survivors (1024K)
 Metaspace       used 29449K, committed 29952K, reserved 1114112K
  class space    used 3815K, committed 4032K, reserved 1048576K
}
Event: 5.095 GC heap after
{Heap after GC invocations=7 (full 0):
 garbage-first heap   total 45056K, used 14960K [0x0000000091000000, 0x0000000100000000)
  region size 1024K, 2 young (2048K), 2 survivors (2048K)
 Metaspace       used 29449K, committed 29952K, reserved 1114112K
  class space    used 3815K, committed 4032K, reserved 1048576K
}
Event: 5.763 GC heap before
{Heap before GC invocations=7 (full 0):
 garbage-first heap   total 45056K, used 32368K [0x0000000091000000, 0x0000000100000000)
  region size 1024K, 20 young (20480K), 2 survivors (2048K)
 Metaspace       used 33683K, committed 34112K, reserved 1114112K
  class space    used 4467K, committed 4672K, reserved 1048576K
}
Event: 5.767 GC heap after
{Heap after GC invocations=8 (full 0):
 garbage-first heap   total 45056K, used 16501K [0x0000000091000000, 0x0000000100000000)
  region size 1024K, 2 young (2048K), 2 survivors (2048K)
 Metaspace       used 33683K, committed 34112K, reserved 1114112K
  class space    used 4467K, committed 4672K, reserved 1048576K
}
Event: 6.153 GC heap before
{Heap before GC invocations=8 (full 0):
 garbage-first heap   total 45056K, used 25717K [0x0000000091000000, 0x0000000100000000)
  region size 1024K, 13 young (13312K), 2 survivors (2048K)
 Metaspace       used 35520K, committed 35968K, reserved 1114112K
  class space    used 4743K, committed 4928K, reserved 1048576K
}
Event: 6.156 GC heap after
{Heap after GC invocations=9 (full 0):
 garbage-first heap   total 45056K, used 17580K [0x0000000091000000, 0x0000000100000000)
  region size 1024K, 3 young (3072K), 3 survivors (3072K)
 Metaspace       used 35520K, committed 35968K, reserved 1114112K
  class space    used 4743K, committed 4928K, reserved 1048576K
}
Event: 6.753 GC heap before
{Heap before GC invocations=10 (full 0):
 garbage-first heap   total 45056K, used 33964K [0x0000000091000000, 0x0000000100000000)
  region size 1024K, 19 young (19456K), 3 survivors (3072K)
 Metaspace       used 37643K, committed 38080K, reserved 1114112K
  class space    used 5040K, committed 5248K, reserved 1048576K
}
Event: 6.758 GC heap after
{Heap after GC invocations=11 (full 0):
 garbage-first heap   total 45056K, used 19443K [0x0000000091000000, 0x0000000100000000)
  region size 1024K, 3 young (3072K), 3 survivors (3072K)
 Metaspace       used 37643K, committed 38080K, reserved 1114112K
  class space    used 5040K, committed 5248K, reserved 1048576K
}
Event: 6.795 GC heap before
{Heap before GC invocations=11 (full 0):
 garbage-first heap   total 45056K, used 20467K [0x0000000091000000, 0x0000000100000000)
  region size 1024K, 4 young (4096K), 3 survivors (3072K)
 Metaspace       used 37852K, committed 38336K, reserved 1114112K
  class space    used 5071K, committed 5312K, reserved 1048576K
}
Event: 6.798 GC heap after
{Heap after GC invocations=12 (full 0):
 garbage-first heap   total 45056K, used 19201K [0x0000000091000000, 0x0000000100000000)
  region size 1024K, 1 young (1024K), 1 survivors (1024K)
 Metaspace       used 37852K, committed 38336K, reserved 1114112K
  class space    used 5071K, committed 5312K, reserved 1048576K
}
Event: 63.177 GC heap before
{Heap before GC invocations=12 (full 0):
 garbage-first heap   total 45056K, used 33537K [0x0000000091000000, 0x0000000100000000)
  region size 1024K, 15 young (15360K), 1 survivors (1024K)
 Metaspace       used 41293K, committed 41792K, reserved 1114112K
  class space    used 5509K, committed 5760K, reserved 1048576K
}
Event: 63.182 GC heap after
{Heap after GC invocations=13 (full 0):
 garbage-first heap   total 76800K, used 19990K [0x0000000091000000, 0x0000000100000000)
  region size 1024K, 2 young (2048K), 2 survivors (2048K)
 Metaspace       used 41293K, committed 41792K, reserved 1114112K
  class space    used 5509K, committed 5760K, reserved 1048576K
}

Dll operation events (14 events):
Event: 0.038 Loaded shared library C:\Users\Rober\.jdks\corretto-17.0.12\bin\java.dll
Event: 0.073 Loaded shared library C:\Users\Rober\.jdks\corretto-17.0.12\bin\jsvml.dll
Event: 0.290 Loaded shared library C:\Users\Rober\.jdks\corretto-17.0.12\bin\zip.dll
Event: 0.294 Loaded shared library C:\Users\Rober\.jdks\corretto-17.0.12\bin\instrument.dll
Event: 0.305 Loaded shared library C:\Users\Rober\.jdks\corretto-17.0.12\bin\net.dll
Event: 0.308 Loaded shared library C:\Users\Rober\.jdks\corretto-17.0.12\bin\nio.dll
Event: 0.312 Loaded shared library C:\Users\Rober\.jdks\corretto-17.0.12\bin\zip.dll
Event: 0.403 Loaded shared library D:\Tools\IntelliJ2024\IntelliJ IDEA Community Edition 2024.2\bin\breakgen64.dll
Event: 0.422 Loaded shared library C:\Users\Rober\.jdks\corretto-17.0.12\bin\extnet.dll
Event: 0.488 Loaded shared library C:\Users\Rober\.jdks\corretto-17.0.12\bin\jimage.dll
Event: 2.875 Loaded shared library C:\Users\Rober\.jdks\corretto-17.0.12\bin\sunmscapi.dll
Event: 4.931 Loaded shared library C:\Users\Rober\.jdks\corretto-17.0.12\bin\management.dll
Event: 4.936 Loaded shared library C:\Users\Rober\.jdks\corretto-17.0.12\bin\management_ext.dll
Event: 63.242 Loaded shared library C:\Users\Rober\.jdks\corretto-17.0.12\bin\verify.dll

Deoptimization events (20 events):
Event: 63.036 Thread 0x000002309781d8a0 Uncommon trap: trap_request=0xffffffbe fr.pc=0x000002303fec17b8 relative=0x0000000000000878
Event: 63.036 Thread 0x000002309781d8a0 Uncommon trap: reason=profile_predicate action=maybe_recompile pc=0x000002303fec17b8 method=java.lang.PublicMethods$MethodList.filter([Ljava/lang/reflect/Method;Ljava/lang/String;[Ljava/lang/Class;Z)Ljava/lang/PublicMethods$MethodList; @ 21 c2
Event: 63.036 Thread 0x000002309781d8a0 DEOPT PACKING pc=0x000002303fec17b8 sp=0x000000c632afcd10
Event: 63.036 Thread 0x000002309781d8a0 DEOPT UNPACKING pc=0x000002303f6b69a3 sp=0x000000c632afccb8 mode 2
Event: 63.124 Thread 0x000002309781d8a0 Uncommon trap: trap_request=0xffffffbe fr.pc=0x000002303fec17b8 relative=0x0000000000000878
Event: 63.124 Thread 0x000002309781d8a0 Uncommon trap: reason=profile_predicate action=maybe_recompile pc=0x000002303fec17b8 method=java.lang.PublicMethods$MethodList.filter([Ljava/lang/reflect/Method;Ljava/lang/String;[Ljava/lang/Class;Z)Ljava/lang/PublicMethods$MethodList; @ 21 c2
Event: 63.124 Thread 0x000002309781d8a0 DEOPT PACKING pc=0x000002303fec17b8 sp=0x000000c632afbab0
Event: 63.124 Thread 0x000002309781d8a0 DEOPT UNPACKING pc=0x000002303f6b69a3 sp=0x000000c632afba58 mode 2
Event: 63.124 Thread 0x000002309781d8a0 Uncommon trap: trap_request=0xffffffbe fr.pc=0x000002303fec17b8 relative=0x0000000000000878
Event: 63.124 Thread 0x000002309781d8a0 Uncommon trap: reason=profile_predicate action=maybe_recompile pc=0x000002303fec17b8 method=java.lang.PublicMethods$MethodList.filter([Ljava/lang/reflect/Method;Ljava/lang/String;[Ljava/lang/Class;Z)Ljava/lang/PublicMethods$MethodList; @ 21 c2
Event: 63.124 Thread 0x000002309781d8a0 DEOPT PACKING pc=0x000002303fec17b8 sp=0x000000c632afbab0
Event: 63.124 Thread 0x000002309781d8a0 DEOPT UNPACKING pc=0x000002303f6b69a3 sp=0x000000c632afba58 mode 2
Event: 63.124 Thread 0x000002309781d8a0 Uncommon trap: trap_request=0xffffffbe fr.pc=0x000002303fec17b8 relative=0x0000000000000878
Event: 63.124 Thread 0x000002309781d8a0 Uncommon trap: reason=profile_predicate action=maybe_recompile pc=0x000002303fec17b8 method=java.lang.PublicMethods$MethodList.filter([Ljava/lang/reflect/Method;Ljava/lang/String;[Ljava/lang/Class;Z)Ljava/lang/PublicMethods$MethodList; @ 21 c2
Event: 63.124 Thread 0x000002309781d8a0 DEOPT PACKING pc=0x000002303fec17b8 sp=0x000000c632afba00
Event: 63.124 Thread 0x000002309781d8a0 DEOPT UNPACKING pc=0x000002303f6b69a3 sp=0x000000c632afb9a8 mode 2
Event: 63.243 Thread 0x000002309781d8a0 Uncommon trap: trap_request=0xffffff45 fr.pc=0x000002303fe64014 relative=0x0000000000000414
Event: 63.243 Thread 0x000002309781d8a0 Uncommon trap: reason=unstable_if action=reinterpret pc=0x000002303fe64014 method=java.lang.invoke.MemberName.getMethodOrFieldType()Ljava/lang/invoke/MethodType; @ 16 c2
Event: 63.243 Thread 0x000002309781d8a0 DEOPT PACKING pc=0x000002303fe64014 sp=0x000000c632afa310
Event: 63.243 Thread 0x000002309781d8a0 DEOPT UNPACKING pc=0x000002303f6b69a3 sp=0x000000c632afa2d8 mode 2

Classes loaded (20 events):
Event: 62.941 Loading class sun/nio/cs/ThreadLocalCoders
Event: 62.942 Loading class sun/nio/cs/ThreadLocalCoders done
Event: 62.942 Loading class sun/nio/cs/ThreadLocalCoders$1
Event: 62.942 Loading class sun/nio/cs/ThreadLocalCoders$Cache
Event: 62.942 Loading class sun/nio/cs/ThreadLocalCoders$Cache done
Event: 62.942 Loading class sun/nio/cs/ThreadLocalCoders$1 done
Event: 62.942 Loading class sun/nio/cs/ThreadLocalCoders$2
Event: 62.942 Loading class sun/nio/cs/ThreadLocalCoders$2 done
Event: 63.007 Loading class java/util/ArrayList$SubList$2
Event: 63.007 Loading class java/util/ArrayList$SubList$2 done
Event: 63.045 Loading class java/time/format/DateTimeFormatterBuilder$ZoneTextPrinterParser
Event: 63.046 Loading class java/time/format/DateTimeFormatterBuilder$ZoneTextPrinterParser done
Event: 63.046 Loading class java/time/format/DateTimeFormatterBuilder$ReducedPrinterParser
Event: 63.047 Loading class java/time/format/DateTimeFormatterBuilder$ReducedPrinterParser done
Event: 63.049 Loading class java/io/PushbackInputStream
Event: 63.050 Loading class java/io/PushbackInputStream done
Event: 63.058 Loading class org/w3c/dom/Node
Event: 63.058 Loading class org/w3c/dom/Node done
Event: 63.058 Loading class org/w3c/dom/Document
Event: 63.058 Loading class org/w3c/dom/Document done

Classes unloaded (0 events):
No events

Classes redefined (0 events):
No events

Internal exceptions (20 events):
Event: 5.344 Thread 0x000002303060d3a0 Exception <a 'sun/nio/fs/WindowsException'{0x0000000093375bb8}> (0x0000000093375bb8) 
thrown [s\src\hotspot\share\prims\jni.cpp, line 516]
Event: 5.344 Thread 0x000002303060d3a0 Exception <a 'sun/nio/fs/WindowsException'{0x0000000093375ce8}> (0x0000000093375ce8) 
thrown [s\src\hotspot\share\prims\jni.cpp, line 516]
Event: 5.536 Thread 0x000002303060d3a0 Exception <a 'java/lang/IncompatibleClassChangeError'{0x0000000092e662f8}: Found class java.lang.Object, but interface was expected> (0x0000000092e662f8) 
thrown [s\src\hotspot\share\interpreter\linkResolver.cpp, line 826]
Event: 5.592 Thread 0x000002303060d3a0 Exception <a 'sun/nio/fs/WindowsException'{0x0000000092d99120}> (0x0000000092d99120) 
thrown [s\src\hotspot\share\prims\jni.cpp, line 516]
Event: 5.612 Thread 0x000002303060d3a0 Exception <a 'java/lang/IncompatibleClassChangeError'{0x0000000092c054f8}: Found class java.lang.Object, but interface was expected> (0x0000000092c054f8) 
thrown [s\src\hotspot\share\interpreter\linkResolver.cpp, line 826]
Event: 5.701 Thread 0x000002303060d3a0 Exception <a 'java/lang/IncompatibleClassChangeError'{0x0000000092ba92d0}: Found class java.lang.Object, but interface was expected> (0x0000000092ba92d0) 
thrown [s\src\hotspot\share\interpreter\linkResolver.cpp, line 826]
Event: 5.914 Thread 0x000002303060d3a0 Exception <a 'java/lang/NoSuchMethodError'{0x0000000094b1e400}: 'java.lang.Object java.lang.invoke.DirectMethodHandle$Holder.newInvokeSpecial(java.lang.Object, long)'> (0x0000000094b1e400) 
thrown [s\src\hotspot\share\interpreter\linkResolver.cpp, line 759]
Event: 6.068 Thread 0x000002303060d3a0 Exception <a 'java/lang/IncompatibleClassChangeError'{0x00000000934548c0}: Found class java.lang.Object, but interface was expected> (0x00000000934548c0) 
thrown [s\src\hotspot\share\interpreter\linkResolver.cpp, line 826]
Event: 6.082 Thread 0x000002303060d3a0 Exception <a 'java/lang/NoSuchMethodError'{0x00000000934c6f88}: 'java.lang.Object java.lang.invoke.DirectMethodHandle$Holder.newInvokeSpecial(java.lang.Object, java.lang.Object, java.lang.Object, java.lang.Object, java.lang.Object, java.lang.Object)'> (0x00000000934c6f88) 
thrown [s\src\hotspot\share\interpreter\linkResolver.cpp, line 759]
Event: 6.263 Thread 0x000002303060d3a0 Exception <a 'java/lang/NoSuchMethodError'{0x0000000094b49920}: 'java.lang.Object java.lang.invoke.DirectMethodHandle$Holder.invokeInterface(java.lang.Object, java.lang.Object, java.lang.Object, java.lang.Object)'> (0x0000000094b49920) 
thrown [s\src\hotspot\share\interpreter\linkResolver.cpp, line 759]
Event: 6.578 Thread 0x000002303060d3a0 Exception <a 'sun/nio/fs/WindowsException'{0x00000000931a70e8}> (0x00000000931a70e8) 
thrown [s\src\hotspot\share\prims\jni.cpp, line 516]
Event: 6.647 Thread 0x000002303060d3a0 Exception <a 'java/lang/IncompatibleClassChangeError'{0x0000000092ce5358}: Found class java.lang.Object, but interface was expected> (0x0000000092ce5358) 
thrown [s\src\hotspot\share\interpreter\linkResolver.cpp, line 826]
Event: 6.671 Thread 0x000002303060d3a0 Implicit null exception at 0x000002303fd1cf3d to 0x000002303fd1d30f
Event: 6.708 Thread 0x000002303060d3a0 Exception <a 'java/lang/NoSuchMethodError'{0x0000000092a55140}: 'void java.lang.invoke.DirectMethodHandle$Holder.invokeVirtual(java.lang.Object, java.lang.Object, long)'> (0x0000000092a55140) 
thrown [s\src\hotspot\share\interpreter\linkResolver.cpp, line 759]
Event: 6.833 Thread 0x000002303060d3a0 Exception <a 'java/lang/NoSuchMethodError'{0x0000000097fd2f30}: 'int java.lang.invoke.DirectMethodHandle$Holder.invokeStaticInit(java.lang.Object, java.lang.Object, java.lang.Object, java.lang.Object)'> (0x0000000097fd2f30) 
thrown [s\src\hotspot\share\interpreter\linkResolver.cpp, line 759]
Event: 6.956 Thread 0x000002303060d3a0 Exception <a 'java/lang/NoSuchMethodError'{0x0000000094a4ae40}: 'java.lang.Object java.lang.invoke.DirectMethodHandle$Holder.newInvokeSpecial(java.lang.Object, java.lang.Object, int, java.lang.Object, java.lang.Object)'> (0x0000000094a4ae40) 
thrown [s\src\hotspot\share\interpreter\linkResolver.cpp, line 759]
Event: 62.937 Thread 0x000002309781ce80 Exception <a 'java/lang/NoSuchMethodError'{0x00000000934f9d18}: 'java.lang.Object java.lang.invoke.DirectMethodHandle$Holder.invokeSpecial(java.lang.Object, java.lang.Object, java.lang.Object, java.lang.Object, java.lang.Object, long)'> (0x00000000934f9d18) 
thrown [s\src\hotspot\share\interpreter\linkResolver.cpp, line 759]
Event: 62.937 Thread 0x000002309781ce80 Exception <a 'java/lang/NoSuchMethodError'{0x00000000934fd758}: 'java.lang.Object java.lang.invoke.Invokers$Holder.linkToTargetMethod(java.lang.Object, java.lang.Object, java.lang.Object, long, java.lang.Object)'> (0x00000000934fd758) 
thrown [s\src\hotspot\share\interpreter\linkResolver.cpp, line 759]
Event: 63.007 Thread 0x000002309781d8a0 Exception <a 'java/lang/NoSuchMethodError'{0x00000000932d6970}: 'java.lang.Object java.lang.invoke.DirectMethodHandle$Holder.invokeStatic(java.lang.Object, int, int)'> (0x00000000932d6970) 
thrown [s\src\hotspot\share\interpreter\linkResolver.cpp, line 759]
Event: 63.244 Thread 0x000002309781d8a0 Exception <a 'java/lang/NoSuchMethodError'{0x00000000959abb60}: 'java.lang.Object java.lang.invoke.Invokers$Holder.invoke_MT(java.lang.Object, java.lang.Object, java.lang.Object)'> (0x00000000959abb60) 
thrown [s\src\hotspot\share\interpreter\linkResolver.cpp, line 759]

VM Operations (20 events):
Event: 56.214 Executing VM operation: Cleanup
Event: 56.214 Executing VM operation: Cleanup done
Event: 60.213 Executing VM operation: HandshakeAllThreads
Event: 60.213 Executing VM operation: HandshakeAllThreads done
Event: 62.960 Executing VM operation: HandshakeAllThreads
Event: 62.960 Executing VM operation: HandshakeAllThreads done
Event: 62.960 Executing VM operation: Cleanup
Event: 62.960 Executing VM operation: Cleanup done
Event: 63.038 Executing VM operation: HandshakeAllThreads
Event: 63.038 Executing VM operation: HandshakeAllThreads done
Event: 63.078 Executing VM operation: HandshakeAllThreads
Event: 63.078 Executing VM operation: HandshakeAllThreads done
Event: 63.078 Executing VM operation: HandshakeAllThreads
Event: 63.078 Executing VM operation: HandshakeAllThreads done
Event: 63.124 Executing VM operation: HandshakeAllThreads
Event: 63.124 Executing VM operation: HandshakeAllThreads done
Event: 63.177 Executing VM operation: G1CollectForAllocation
Event: 63.182 Executing VM operation: G1CollectForAllocation done
Event: 63.243 Executing VM operation: HandshakeAllThreads
Event: 63.243 Executing VM operation: HandshakeAllThreads done

Events (20 events):
Event: 63.249 Thread 0x000002304e0da360 flushing nmethod 0x000002303891b190
Event: 63.249 Thread 0x000002304e0da360 flushing nmethod 0x0000023038924610
Event: 63.249 Thread 0x000002304e0da360 flushing nmethod 0x0000023038925710
Event: 63.249 Thread 0x000002304e0da360 flushing nmethod 0x0000023038925e90
Event: 63.249 Thread 0x000002304e0da360 flushing nmethod 0x0000023038929f90
Event: 63.249 Thread 0x000002304e0da360 flushing nmethod 0x000002303892a390
Event: 63.249 Thread 0x000002304e0da360 flushing nmethod 0x000002303892b310
Event: 63.249 Thread 0x000002304e0da360 flushing nmethod 0x000002303892e590
Event: 63.249 Thread 0x000002304e0da360 flushing nmethod 0x0000023038938a10
Event: 63.249 Thread 0x000002304e0da360 flushing nmethod 0x0000023038940910
Event: 63.249 Thread 0x000002304e0da360 flushing nmethod 0x000002303895b590
Event: 63.249 Thread 0x000002304e0da360 flushing nmethod 0x0000023038975190
Event: 63.249 Thread 0x000002304e0da360 flushing nmethod 0x000002303899d610
Event: 63.250 Thread 0x000002304e0da360 flushing nmethod 0x00000230389c1810
Event: 63.250 Thread 0x000002304e0da360 flushing nmethod 0x00000230389e0310
Event: 63.250 Thread 0x000002304e0da360 flushing nmethod 0x00000230389e1110
Event: 63.250 Thread 0x000002304e0da360 flushing nmethod 0x00000230389e1a10
Event: 63.250 Thread 0x000002304e0da360 flushing nmethod 0x0000023038a28790
Event: 63.250 Thread 0x000002304e0da360 flushing nmethod 0x0000023038a6d490
Event: 63.250 Thread 0x000002304e0da360 flushing nmethod 0x0000023038a6da90


Dynamic libraries:
0x00007ff67be50000 - 0x00007ff67be5e000 	C:\Users\Rober\.jdks\corretto-17.0.12\bin\java.exe
0x00007ffe584f0000 - 0x00007ffe58707000 	C:\WINDOWS\SYSTEM32\ntdll.dll
0x00007ffe56f30000 - 0x00007ffe56ff4000 	C:\WINDOWS\System32\KERNEL32.DLL
0x00007ffe55d60000 - 0x00007ffe5610d000 	C:\WINDOWS\System32\KERNELBASE.dll
0x00007ffe55af0000 - 0x00007ffe55c01000 	C:\WINDOWS\System32\ucrtbase.dll
0x00007ffe51110000 - 0x00007ffe5112b000 	C:\Users\Rober\.jdks\corretto-17.0.12\bin\VCRUNTIME140.dll
0x00007ffe510f0000 - 0x00007ffe51107000 	C:\Users\Rober\.jdks\corretto-17.0.12\bin\jli.dll
0x00007ffe58140000 - 0x00007ffe582ee000 	C:\WINDOWS\System32\USER32.dll
0x00007ffe55890000 - 0x00007ffe558b6000 	C:\WINDOWS\System32\win32u.dll
0x00007ffe57670000 - 0x00007ffe57699000 	C:\WINDOWS\System32\GDI32.dll
0x00007ffe55c10000 - 0x00007ffe55d29000 	C:\WINDOWS\System32\gdi32full.dll
0x00007ffe56180000 - 0x00007ffe5621a000 	C:\WINDOWS\System32\msvcp_win.dll
0x00007ffe48310000 - 0x00007ffe485a3000 	C:\WINDOWS\WinSxS\amd64_microsoft.windows.common-controls_6595b64144ccf1df_6.0.22621.3672_none_2713b9d173822955\COMCTL32.dll
0x00007ffe58090000 - 0x00007ffe58137000 	C:\WINDOWS\System32\msvcrt.dll
0x00007ffe56b00000 - 0x00007ffe56b31000 	C:\WINDOWS\System32\IMM32.DLL
0x00007ffe515c0000 - 0x00007ffe515cc000 	C:\Users\Rober\.jdks\corretto-17.0.12\bin\vcruntime140_1.dll
0x00007ffe4cd80000 - 0x00007ffe4ce0d000 	C:\Users\Rober\.jdks\corretto-17.0.12\bin\msvcp140.dll
0x00007ffdcf360000 - 0x00007ffdcffca000 	C:\Users\Rober\.jdks\corretto-17.0.12\bin\server\jvm.dll
0x00007ffe578c0000 - 0x00007ffe57972000 	C:\WINDOWS\System32\ADVAPI32.dll
0x00007ffe56bd0000 - 0x00007ffe56c79000 	C:\WINDOWS\System32\sechost.dll
0x00007ffe55d30000 - 0x00007ffe55d58000 	C:\WINDOWS\System32\bcrypt.dll
0x00007ffe576a0000 - 0x00007ffe577b4000 	C:\WINDOWS\System32\RPCRT4.dll
0x00007ffe57e00000 - 0x00007ffe57e71000 	C:\WINDOWS\System32\WS2_32.dll
0x00007ffe556d0000 - 0x00007ffe5571d000 	C:\WINDOWS\SYSTEM32\POWRPROF.dll
0x00007ffe52200000 - 0x00007ffe52234000 	C:\WINDOWS\SYSTEM32\WINMM.dll
0x00007ffe4cbb0000 - 0x00007ffe4cbba000 	C:\WINDOWS\SYSTEM32\VERSION.dll
0x00007ffe556b0000 - 0x00007ffe556c3000 	C:\WINDOWS\SYSTEM32\UMPDC.dll
0x00007ffe54810000 - 0x00007ffe54828000 	C:\WINDOWS\SYSTEM32\kernel.appcore.dll
0x00007ffe51590000 - 0x00007ffe5159a000 	C:\Users\Rober\.jdks\corretto-17.0.12\bin\jimage.dll
0x00007ffe52de0000 - 0x00007ffe53012000 	C:\WINDOWS\SYSTEM32\DBGHELP.DLL
0x00007ffe57000000 - 0x00007ffe5738d000 	C:\WINDOWS\System32\combase.dll
0x00007ffe56e50000 - 0x00007ffe56f27000 	C:\WINDOWS\System32\OLEAUT32.dll
0x00007ffe4e3e0000 - 0x00007ffe4e412000 	C:\WINDOWS\SYSTEM32\dbgcore.DLL
0x00007ffe55810000 - 0x00007ffe5588b000 	C:\WINDOWS\System32\bcryptPrimitives.dll
0x00007ffe50fc0000 - 0x00007ffe50fce000 	C:\Users\Rober\.jdks\corretto-17.0.12\bin\instrument.dll
0x00007ffe50bb0000 - 0x00007ffe50bd5000 	C:\Users\Rober\.jdks\corretto-17.0.12\bin\java.dll
0x00007ffe42bf0000 - 0x00007ffe42cc7000 	C:\Users\Rober\.jdks\corretto-17.0.12\bin\jsvml.dll
0x00007ffe56290000 - 0x00007ffe56af8000 	C:\WINDOWS\System32\SHELL32.dll
0x00007ffe53710000 - 0x00007ffe5400e000 	C:\WINDOWS\SYSTEM32\windows.storage.dll
0x00007ffe535d0000 - 0x00007ffe5370f000 	C:\WINDOWS\SYSTEM32\wintypes.dll
0x00007ffe57ee0000 - 0x00007ffe57fd9000 	C:\WINDOWS\System32\SHCORE.dll
0x00007ffe56230000 - 0x00007ffe5628e000 	C:\WINDOWS\System32\shlwapi.dll
0x00007ffe55740000 - 0x00007ffe55761000 	C:\WINDOWS\SYSTEM32\profapi.dll
0x00007ffe4f020000 - 0x00007ffe4f038000 	C:\Users\Rober\.jdks\corretto-17.0.12\bin\zip.dll
0x00007ffe50c50000 - 0x00007ffe50c69000 	C:\Users\Rober\.jdks\corretto-17.0.12\bin\net.dll
0x00007ffe50830000 - 0x00007ffe50966000 	C:\WINDOWS\SYSTEM32\WINHTTP.dll
0x00007ffe54c90000 - 0x00007ffe54cf9000 	C:\WINDOWS\system32\mswsock.dll
0x00007ffe4f0d0000 - 0x00007ffe4f0e6000 	C:\Users\Rober\.jdks\corretto-17.0.12\bin\nio.dll
0x00007ffe4d3f0000 - 0x00007ffe4d40a000 	D:\Tools\IntelliJ2024\IntelliJ IDEA Community Edition 2024.2\bin\breakgen64.dll
0x00007ffe50c10000 - 0x00007ffe50c19000 	C:\Users\Rober\.jdks\corretto-17.0.12\bin\extnet.dll
0x00007ffe50390000 - 0x00007ffe5039e000 	C:\Users\Rober\.jdks\corretto-17.0.12\bin\sunmscapi.dll
0x00007ffe558c0000 - 0x00007ffe55a27000 	C:\WINDOWS\System32\CRYPT32.dll
0x00007ffe550d0000 - 0x00007ffe550fe000 	C:\WINDOWS\SYSTEM32\ncrypt.dll
0x00007ffe55090000 - 0x00007ffe550c7000 	C:\WINDOWS\SYSTEM32\NTASN1.dll
0x00007ffe54f10000 - 0x00007ffe54f2b000 	C:\WINDOWS\SYSTEM32\CRYPTSP.dll
0x00007ffe54770000 - 0x00007ffe547a5000 	C:\WINDOWS\system32\rsaenh.dll
0x00007ffe54db0000 - 0x00007ffe54dd8000 	C:\WINDOWS\SYSTEM32\USERENV.dll
0x00007ffe54f30000 - 0x00007ffe54f3c000 	C:\WINDOWS\SYSTEM32\CRYPTBASE.dll
0x00007ffe54270000 - 0x00007ffe5429d000 	C:\WINDOWS\SYSTEM32\IPHLPAPI.DLL
0x00007ffe56220000 - 0x00007ffe56229000 	C:\WINDOWS\System32\NSI.dll
0x00007ffe50580000 - 0x00007ffe50599000 	C:\WINDOWS\SYSTEM32\dhcpcsvc6.DLL
0x00007ffe50520000 - 0x00007ffe5053f000 	C:\WINDOWS\SYSTEM32\dhcpcsvc.DLL
0x00007ffe542e0000 - 0x00007ffe543d8000 	C:\WINDOWS\SYSTEM32\DNSAPI.dll
0x00007ffe50ba0000 - 0x00007ffe50ba9000 	C:\Users\Rober\.jdks\corretto-17.0.12\bin\management.dll
0x00007ffe504d0000 - 0x00007ffe504db000 	C:\Users\Rober\.jdks\corretto-17.0.12\bin\management_ext.dll
0x00007ffe56e40000 - 0x00007ffe56e48000 	C:\WINDOWS\System32\PSAPI.DLL
0x00007ffe48810000 - 0x00007ffe4881a000 	C:\Windows\System32\rasadhlp.dll
0x00007ffe4fdd0000 - 0x00007ffe4fe53000 	C:\WINDOWS\System32\fwpuclnt.dll
0x00007ffe4f140000 - 0x00007ffe4f148000 	C:\WINDOWS\system32\wshunix.dll
0x00007ffe50120000 - 0x00007ffe50130000 	C:\Users\Rober\.jdks\corretto-17.0.12\bin\verify.dll

dbghelp: loaded successfully - version: 4.0.5 - missing functions: none
symbol engine: initialized successfully - sym options: 0x614 - pdb path: .;C:\Users\Rober\.jdks\corretto-17.0.12\bin;C:\WINDOWS\SYSTEM32;C:\WINDOWS\WinSxS\amd64_microsoft.windows.common-controls_6595b64144ccf1df_6.0.22621.3672_none_2713b9d173822955;C:\Users\Rober\.jdks\corretto-17.0.12\bin\server;D:\Tools\IntelliJ2024\IntelliJ IDEA Community Edition 2024.2\bin

VM Arguments:
jvm_args: -javaagent:D:\Tools\IntelliJ2024\IntelliJ IDEA Community Edition 2024.2\lib\idea_rt.jar=53028:D:\Tools\IntelliJ2024\IntelliJ IDEA Community Edition 2024.2\bin -Dfile.encoding=UTF-8 
java_command: com.example.homemanager.HomeManagerApplication
java_class_path (initial): C:\Users\Rober\Desktop\HomeManagerGit\homeManager\target\classes;C:\Users\Rober\.m2\repository\org\springframework\boot\spring-boot-starter-data-mongodb\3.3.3\spring-boot-starter-data-mongodb-3.3.3.jar;C:\Users\Rober\.m2\repository\org\springframework\boot\spring-boot-starter\3.3.3\spring-boot-starter-3.3.3.jar;C:\Users\Rober\.m2\repository\org\springframework\boot\spring-boot\3.3.3\spring-boot-3.3.3.jar;C:\Users\Rober\.m2\repository\org\springframework\boot\spring-boot-autoconfigure\3.3.3\spring-boot-autoconfigure-3.3.3.jar;C:\Users\Rober\.m2\repository\org\springframework\boot\spring-boot-starter-logging\3.3.3\spring-boot-starter-logging-3.3.3.jar;C:\Users\Rober\.m2\repository\ch\qos\logback\logback-classic\1.5.7\logback-classic-1.5.7.jar;C:\Users\Rober\.m2\repository\ch\qos\logback\logback-core\1.5.7\logback-core-1.5.7.jar;C:\Users\Rober\.m2\repository\org\apache\logging\log4j\log4j-to-slf4j\2.23.1\log4j-to-slf4j-2.23.1.jar;C:\Users\Rober\.m2\repository\org\apache\logging\log4j\log4j-api\2.23.1\log4j-api-2.23.1.jar;C:\Users\Rober\.m2\repository\org\slf4j\jul-to-slf4j\2.0.16\jul-to-slf4j-2.0.16.jar;C:\Users\Rober\.m2\repository\jakarta\annotation\jakarta.annotation-api\2.1.1\jakarta.annotation-api-2.1.1.jar;C:\Users\Rober\.m2\repository\org\yaml\snakeyaml\2.2\snakeyaml-2.2.jar;C:\Users\Rober\.m2\repository\org\mongodb\mongodb-driver-sync\5.0.1\mongodb-driver-sync-5.0.1.jar;C:\Users\Rober\.m2\repository\org\mongodb\bson\5.0.1\bson-5.0.1.jar;C:\Users\Rober\.m2\repository\org\mongodb\mongodb-driver-core\5.0.1\mongodb-driver-core-5.0.1.jar;C:\Users\Rober\.m2\repository\org\mongodb\bson-record-codec\5.0.1\bson-record-codec-5.0.1.jar;C:\Users\Rober\.m2\repository\org\springframework\data\spring-data-mongodb\4.3.3\spring-data-mongodb-4.3.3.jar;C:\Users\Rober\.m2\repository\org\springframework\spring-tx\6.1.12\spring-tx-6.1.12.jar;C:\Users\Rober\.m2\repository\org\springframework\spring-context\6.1.12\spring-context-6.1.12.jar;C:\Users\Rober\.
Launcher Type: SUN_STANDARD

[Global flags]
     intx CICompilerCount                          = 4                                         {product} {ergonomic}
     uint ConcGCThreads                            = 2                                         {product} {ergonomic}
     uint G1ConcRefinementThreads                  = 8                                         {product} {ergonomic}
   size_t G1HeapRegionSize                         = 1048576                                   {product} {ergonomic}
    uintx GCDrainStackTargetSize                   = 64                                        {product} {ergonomic}
   size_t InitialHeapSize                          = 117440512                                 {product} {ergonomic}
   size_t MarkStackSize                            = 4194304                                   {product} {ergonomic}
   size_t MaxHeapSize                              = 1862270976                                {product} {ergonomic}
   size_t MaxNewSize                               = 1116733440                                {product} {ergonomic}
   size_t MinHeapDeltaBytes                        = 1048576                                   {product} {ergonomic}
   size_t MinHeapSize                              = 8388608                                   {product} {ergonomic}
    uintx NonNMethodCodeHeapSize                   = 5839372                                {pd product} {ergonomic}
    uintx NonProfiledCodeHeapSize                  = 122909434                              {pd product} {ergonomic}
    uintx ProfiledCodeHeapSize                     = 122909434                              {pd product} {ergonomic}
    uintx ReservedCodeCacheSize                    = 251658240                              {pd product} {ergonomic}
     bool SegmentedCodeCache                       = true                                      {product} {ergonomic}
   size_t SoftMaxHeapSize                          = 1862270976                             {manageable} {ergonomic}
     bool UseCompressedClassPointers               = true                           {product lp64_product} {ergonomic}
     bool UseCompressedOops                        = true                           {product lp64_product} {ergonomic}
     bool UseG1GC                                  = true                                      {product} {ergonomic}
     bool UseLargePagesIndividualAllocation        = false                                  {pd product} {ergonomic}

Logging:
Log output configuration:
 #0: stdout all=warning uptime,level,tags
 #1: stderr all=off uptime,level,tags

Environment Variables:
JAVA_HOME=D:\Tools\Java\jdk-11.0.2
PATH=C:\Program Files (x86)\Common Files\Oracle\Java\javapath;C:\WINDOWS\system32;C:\WINDOWS;C:\WINDOWS\System32\Wbem;C:\WINDOWS\System32\WindowsPowerShell\v1.0\;C:\WINDOWS\System32\OpenSSH\;C:\Program Files\Docker\Docker\resources\bin;C:\Program Files\Git\cmd;C:\Users\Rober\AppData\Local\Microsoft\WindowsApps;D:\Tools\Microsoft VS Code\bin;D:\IntelliJ IDEA Community Edition 2021.3.3\bin;;C:\Users\Rober\AppData\Local\Microsoft\WindowsApps;
USERNAME=Rober
TMPDIR=C:\Users\Public\Documents\Wondershare\CreatorTemp
OS=Windows_NT
PROCESSOR_IDENTIFIER=AMD64 Family 23 Model 24 Stepping 1, AuthenticAMD
TMP=C:\Users\Rober\AppData\Local\Temp
TEMP=C:\Users\Rober\AppData\Local\Temp



Periodic native trim disabled


---------------  S Y S T E M  ---------------

OS:
 Windows 11 , 64 bit Build 22621 (10.0.22621.3958)
OS uptime: 0 days 17:01 hours
Hyper-V role detected

CPU: total 8 (initial active 8) (8 cores per cpu, 2 threads per core) family 23 model 24 stepping 1 microcode 0x0, cx8, cmov, fxsr, ht, mmx, 3dnowpref, sse, sse2, sse3, ssse3, sse4a, sse4.1, sse4.2, popcnt, lzcnt, tsc, tscinvbit, avx, avx2, aes, clmul, bmi1, bmi2, adx, sha, fma, vzeroupper, clflush, clflushopt, hv
Processor Information for all 8 processors :
  Max Mhz: 2300, Current Mhz: 2300, Mhz Limit: 2300

Memory: 4k page, system-wide physical 7103M (262M free)
TotalPageFile size 11199M (AvailPageFile size 6M)
current process WorkingSet (physical memory assigned to process): 186M, peak: 207M
current process commit charge ("private bytes"): 257M, peak: 258M

vm_info: OpenJDK 64-Bit Server VM (17.0.12+7-LTS) for windows-amd64 JRE (17.0.12+7-LTS), built on Jul 10 2024 20:46:33 by "Administrator" with MS VC++ 16.10 / 16.11 (VS2019)

END.
