#
# There is insufficient memory for the Java Runtime Environment to continue.
# Native memory allocation (malloc) failed to allocate 228896 bytes. Error detail: Chunk::new
# Possible reasons:
#   The system is out of physical RAM or swap space
#   This process is running with CompressedOops enabled, and the Java Heap may be blocking the growth of the native heap
# Possible solutions:
#   Reduce memory load on the system
#   Increase physical memory or swap space
#   Check if swap backing store is full
#   Decrease Java heap size (-Xmx/-Xms)
#   Decrease number of Java threads
#   Decrease Java thread stack sizes (-Xss)
#   Set larger code cache with -XX:ReservedCodeCacheSize=
#   JVM is running with Unscaled Compressed Oops mode in which the Java heap is
#     placed in the first 4GB address space. The Java Heap base address is the
#     maximum limit for the native heap growth. Please use -XX:HeapBaseMinAddress
#     to set the Java Heap base and to place the Java Heap above 4GB virtual address.
# This output file may be truncated or incomplete.
#
#  Out of Memory Error (arena.cpp:191), pid=19300, tid=9236
#
# JRE version: OpenJDK Runtime Environment Corretto-17.0.12.7.1 (17.0.12+7) (build 17.0.12+7-LTS)
# Java VM: OpenJDK 64-Bit Server VM Corretto-17.0.12.7.1 (17.0.12+7-LTS, mixed mode, sharing, tiered, compressed oops, compressed class ptrs, g1 gc, windows-amd64)
# No core dump will be written. Minidumps are not enabled by default on client versions of Windows
#

---------------  S U M M A R Y ------------

Command Line: -javaagent:D:\Tools\IntelliJ2024\IntelliJ IDEA Community Edition 2024.2\lib\idea_rt.jar=10709:D:\Tools\IntelliJ2024\IntelliJ IDEA Community Edition 2024.2\bin -Dfile.encoding=UTF-8 com.example.homeManager.HomeManagerApplication

Host: AMD Ryzen 7 3700U with Radeon Vega Mobile Gfx  , 8 cores, 6G,  Windows 11 , 64 bit Build 22621 (10.0.22621.3958)
Time: Tue Sep 10 18:07:15 2024 Hora de verano romance elapsed time: 11.330978 seconds (0d 0h 0m 11s)

---------------  T H R E A D  ---------------

Current thread (0x0000027e6898e7d0):  JavaThread "C2 CompilerThread0" daemon [_thread_in_native, id=9236, stack(0x000000873e000000,0x000000873e100000)]


Current CompileTask:
C2:  11331 4427       4       java.lang.ClassLoader::getDefinedPackage (36 bytes)

Stack: [0x000000873e000000,0x000000873e100000]
Native frames: (J=compiled Java code, j=interpreted, Vv=VM code, C=native code)
V  [jvm.dll+0x67f4f9]
V  [jvm.dll+0x836eaa]
V  [jvm.dll+0x83896e]
V  [jvm.dll+0x838fd3]
V  [jvm.dll+0x247f6f]
V  [jvm.dll+0xac9d4]
V  [jvm.dll+0xad01c]
V  [jvm.dll+0x2af56f]
V  [jvm.dll+0x5864f7]
V  [jvm.dll+0x222e12]
V  [jvm.dll+0x21c082]
V  [jvm.dll+0x219831]
V  [jvm.dll+0x1a57bd]
V  [jvm.dll+0x22966d]
V  [jvm.dll+0x22781c]
V  [jvm.dll+0x7ebec7]
V  [jvm.dll+0x7e62ac]
V  [jvm.dll+0x67e3c7]
C  [ucrtbase.dll+0x29333]
C  [KERNEL32.DLL+0x1257d]
C  [ntdll.dll+0x5af28]


---------------  P R O C E S S  ---------------

Threads class SMR info:
_java_thread_list=0x0000027e70016e20, length=32, elements={
0x0000027e68976d20, 0x0000027e68977ba0, 0x0000027e6898c0b0, 0x0000027e6898c980,
0x0000027e6898d250, 0x0000027e6898db20, 0x0000027e6898e7d0, 0x0000027e6899a6a0,
0x0000027e6899cfc0, 0x0000027e68b9bc90, 0x0000027e68e1bde0, 0x0000027e68e13230,
0x0000027e6dec9b50, 0x0000027e6decaa80, 0x0000027e6deca060, 0x0000027e6dec9640,
0x0000027e6fd063c0, 0x0000027e6fd068d0, 0x0000027e6fd02c10, 0x0000027e6fd04a70,
0x0000027e6fd06de0, 0x0000027e6fd03120, 0x0000027e6fd04f80, 0x0000027e6fd04560,
0x0000027e6fd03630, 0x0000027e6fd07800, 0x0000027e6fd072f0, 0x0000027e6fd08c40,
0x0000027e6fd08220, 0x0000027e6fd07d10, 0x0000027e6fd0a590, 0x0000027e6fd09150
}

Java Threads: ( => current thread )
  0x0000027e68976d20 JavaThread "Reference Handler" daemon [_thread_blocked, id=12160, stack(0x000000873da00000,0x000000873db00000)]
  0x0000027e68977ba0 JavaThread "Finalizer" daemon [_thread_blocked, id=12848, stack(0x000000873db00000,0x000000873dc00000)]
  0x0000027e6898c0b0 JavaThread "Signal Dispatcher" daemon [_thread_blocked, id=2844, stack(0x000000873dc00000,0x000000873dd00000)]
  0x0000027e6898c980 JavaThread "Attach Listener" daemon [_thread_blocked, id=9456, stack(0x000000873dd00000,0x000000873de00000)]
  0x0000027e6898d250 JavaThread "Service Thread" daemon [_thread_blocked, id=10012, stack(0x000000873de00000,0x000000873df00000)]
  0x0000027e6898db20 JavaThread "Monitor Deflation Thread" daemon [_thread_blocked, id=14908, stack(0x000000873df00000,0x000000873e000000)]
=>0x0000027e6898e7d0 JavaThread "C2 CompilerThread0" daemon [_thread_in_native, id=9236, stack(0x000000873e000000,0x000000873e100000)]
  0x0000027e6899a6a0 JavaThread "C1 CompilerThread0" daemon [_thread_blocked, id=7788, stack(0x000000873e100000,0x000000873e200000)]
  0x0000027e6899cfc0 JavaThread "Sweeper thread" daemon [_thread_blocked, id=17136, stack(0x000000873e200000,0x000000873e300000)]
  0x0000027e68b9bc90 JavaThread "Common-Cleaner" daemon [_thread_blocked, id=13408, stack(0x000000873e300000,0x000000873e400000)]
  0x0000027e68e1bde0 JavaThread "Monitor Ctrl-Break" daemon [_thread_in_native, id=16632, stack(0x000000873e500000,0x000000873e600000)]
  0x0000027e68e13230 JavaThread "Notification Thread" daemon [_thread_blocked, id=14704, stack(0x000000873e600000,0x000000873e700000)]
  0x0000027e6dec9b50 JavaThread "Catalina-utility-1" [_thread_blocked, id=14132, stack(0x000000873f100000,0x000000873f200000)]
  0x0000027e6decaa80 JavaThread "Catalina-utility-2" [_thread_blocked, id=12884, stack(0x000000873f200000,0x000000873f300000)]
  0x0000027e6deca060 JavaThread "container-0" [_thread_blocked, id=6084, stack(0x000000873f300000,0x000000873f400000)]
  0x0000027e6dec9640 JavaThread "BufferPoolPruner-1-thread-1" daemon [_thread_blocked, id=10972, stack(0x000000873f400000,0x000000873f500000)]
  0x0000027e6fd063c0 JavaThread "cluster-ClusterId{value='66e06eac6fa43e1180f88f03', description='null'}-localhost:27017" daemon [_thread_in_native, id=10840, stack(0x000000873f500000,0x000000873f600000)]
  0x0000027e6fd068d0 JavaThread "cluster-rtt-ClusterId{value='66e06eac6fa43e1180f88f03', description='null'}-localhost:27017" daemon [_thread_blocked, id=19388, stack(0x000000873f600000,0x000000873f700000)]
  0x0000027e6fd02c10 JavaThread "MaintenanceTimer-2-thread-1" daemon [_thread_blocked, id=19336, stack(0x000000873f800000,0x000000873f900000)]
  0x0000027e6fd04a70 JavaThread "http-nio-8080-exec-1" daemon [_thread_in_Java, id=15416, stack(0x000000873f900000,0x000000873fa00000)]
  0x0000027e6fd06de0 JavaThread "http-nio-8080-exec-2" daemon [_thread_blocked, id=11380, stack(0x000000873fa00000,0x000000873fb00000)]
  0x0000027e6fd03120 JavaThread "http-nio-8080-exec-3" daemon [_thread_blocked, id=14600, stack(0x000000873fb00000,0x000000873fc00000)]
  0x0000027e6fd04f80 JavaThread "http-nio-8080-exec-4" daemon [_thread_blocked, id=8848, stack(0x000000873fc00000,0x000000873fd00000)]
  0x0000027e6fd04560 JavaThread "http-nio-8080-exec-5" daemon [_thread_blocked, id=1568, stack(0x000000873fd00000,0x000000873fe00000)]
  0x0000027e6fd03630 JavaThread "http-nio-8080-exec-6" daemon [_thread_blocked, id=11768, stack(0x000000873fe00000,0x000000873ff00000)]
  0x0000027e6fd07800 JavaThread "http-nio-8080-exec-7" daemon [_thread_blocked, id=18008, stack(0x000000873ff00000,0x0000008740000000)]
  0x0000027e6fd072f0 JavaThread "http-nio-8080-exec-8" daemon [_thread_blocked, id=19188, stack(0x0000008740000000,0x0000008740100000)]
  0x0000027e6fd08c40 JavaThread "http-nio-8080-exec-9" daemon [_thread_blocked, id=8796, stack(0x0000008740100000,0x0000008740200000)]
  0x0000027e6fd08220 JavaThread "http-nio-8080-exec-10" daemon [_thread_blocked, id=7872, stack(0x0000008740200000,0x0000008740300000)]
  0x0000027e6fd07d10 JavaThread "http-nio-8080-Poller" daemon [_thread_in_native, id=9420, stack(0x0000008740300000,0x0000008740400000)]
  0x0000027e6fd0a590 JavaThread "http-nio-8080-Acceptor" daemon [_thread_in_native, id=14084, stack(0x0000008740400000,0x0000008740500000)]
  0x0000027e6fd09150 JavaThread "DestroyJavaVM" [_thread_blocked, id=19440, stack(0x000000873d300000,0x000000873d400000)]

Other Threads:
  0x0000027e6896ecf0 VMThread "VM Thread" [stack: 0x000000873d900000,0x000000873da00000] [id=18828]
  0x0000027e68e1c2c0 WatcherThread [stack: 0x000000873e700000,0x000000873e800000] [id=10132]
  0x0000027e4af71530 GCTaskThread "GC Thread#0" [stack: 0x000000873d400000,0x000000873d500000] [id=6328]
  0x0000027e6d6e0340 GCTaskThread "GC Thread#1" [stack: 0x000000873e800000,0x000000873e900000] [id=11432]
  0x0000027e6d546df0 GCTaskThread "GC Thread#2" [stack: 0x000000873e900000,0x000000873ea00000] [id=10576]
  0x0000027e6db7e810 GCTaskThread "GC Thread#3" [stack: 0x000000873ea00000,0x000000873eb00000] [id=13440]
  0x0000027e6d7f9090 GCTaskThread "GC Thread#4" [stack: 0x000000873eb00000,0x000000873ec00000] [id=13320]
  0x0000027e6d7f9350 GCTaskThread "GC Thread#5" [stack: 0x000000873ec00000,0x000000873ed00000] [id=3340]
  0x0000027e6e47d570 GCTaskThread "GC Thread#6" [stack: 0x000000873ee00000,0x000000873ef00000] [id=13724]
  0x0000027e6de5d2c0 GCTaskThread "GC Thread#7" [stack: 0x000000873ef00000,0x000000873f000000] [id=11764]
  0x0000027e4af80280 ConcurrentGCThread "G1 Main Marker" [stack: 0x000000873d500000,0x000000873d600000] [id=18708]
  0x0000027e4af80ca0 ConcurrentGCThread "G1 Conc#0" [stack: 0x000000873d600000,0x000000873d700000] [id=8420]
  0x0000027e6df6b8f0 ConcurrentGCThread "G1 Conc#1" [stack: 0x000000873ed00000,0x000000873ee00000] [id=13856]
  0x0000027e4afcd980 ConcurrentGCThread "G1 Refine#0" [stack: 0x000000873d700000,0x000000873d800000] [id=12872]
  0x0000027e6e753370 ConcurrentGCThread "G1 Refine#1" [stack: 0x000000873f000000,0x000000873f100000] [id=17884]
  0x0000027e4afce3b0 ConcurrentGCThread "G1 Service" [stack: 0x000000873d800000,0x000000873d900000] [id=944]

Threads with active compile tasks:
C2 CompilerThread0    11349 4427       4       java.lang.ClassLoader::getDefinedPackage (36 bytes)

VM state: not at safepoint (normal execution)

VM Mutex/Monitor currently owned by a thread: None

Heap address: 0x0000000091000000, size: 1776 MB, Compressed Oops mode: 32-bit

CDS archive(s) mapped at: [0x0000027e00000000-0x0000027e00bb0000-0x0000027e00bb0000), size 12255232, SharedBaseAddress: 0x0000027e00000000, ArchiveRelocationMode: 1.
Compressed class space mapped at: 0x0000027e01000000-0x0000027e41000000, reserved size: 1073741824
Narrow klass base: 0x0000027e00000000, Narrow klass shift: 0, Narrow klass range: 0x100000000

GC Precious Log:
 CPUs: 8 total, 8 available
 Memory: 7103M
 Large Page Support: Disabled
 NUMA Support: Disabled
 Compressed Oops: Enabled (32-bit)
 Heap Region Size: 1M
 Heap Min Capacity: 8M
 Heap Initial Capacity: 112M
 Heap Max Capacity: 1776M
 Pre-touch: Disabled
 Parallel Workers: 8
 Concurrent Workers: 2
 Concurrent Refinement Workers: 8
 Periodic GC: Disabled

Heap:
 garbage-first heap   total 63488K, used 21808K [0x0000000091000000, 0x0000000100000000)
  region size 1024K, 4 young (4096K), 1 survivors (1024K)
 Metaspace       used 41169K, committed 41664K, reserved 1114112K
  class space    used 5507K, committed 5760K, reserved 1048576K

Heap Regions: E=young(eden), S=young(survivor), O=old, HS=humongous(starts), HC=humongous(continues), CS=collection set, F=free, OA=open archive, CA=closed archive, TAMS=top-at-mark-start (previous, next)
|   0|0x0000000091000000, 0x0000000091100000, 0x0000000091100000|100%| O|  |TAMS 0x0000000091100000, 0x0000000091000000| Untracked 
|   1|0x0000000091100000, 0x0000000091200000, 0x0000000091200000|100%| O|  |TAMS 0x0000000091200000, 0x0000000091100000| Untracked 
|   2|0x0000000091200000, 0x0000000091300000, 0x0000000091300000|100%| O|  |TAMS 0x0000000091300000, 0x0000000091200000| Untracked 
|   3|0x0000000091300000, 0x0000000091400000, 0x0000000091400000|100%| O|  |TAMS 0x0000000091400000, 0x0000000091300000| Untracked 
|   4|0x0000000091400000, 0x0000000091500000, 0x0000000091500000|100%| O|  |TAMS 0x0000000091500000, 0x0000000091400000| Untracked 
|   5|0x0000000091500000, 0x0000000091600000, 0x0000000091600000|100%| O|  |TAMS 0x0000000091600000, 0x0000000091500000| Untracked 
|   6|0x0000000091600000, 0x0000000091700000, 0x0000000091700000|100%| O|  |TAMS 0x0000000091700000, 0x0000000091600000| Untracked 
|   7|0x0000000091700000, 0x0000000091800000, 0x0000000091800000|100%| O|  |TAMS 0x0000000091800000, 0x0000000091700000| Untracked 
|   8|0x0000000091800000, 0x0000000091900000, 0x0000000091900000|100%| O|  |TAMS 0x0000000091900000, 0x0000000091800000| Untracked 
|   9|0x0000000091900000, 0x0000000091a00000, 0x0000000091a00000|100%| O|  |TAMS 0x0000000091a00000, 0x0000000091900000| Untracked 
|  10|0x0000000091a00000, 0x0000000091b00000, 0x0000000091b00000|100%| O|  |TAMS 0x0000000091b00000, 0x0000000091a00000| Untracked 
|  11|0x0000000091b00000, 0x0000000091c00000, 0x0000000091c00000|100%| O|  |TAMS 0x0000000091c00000, 0x0000000091b00000| Untracked 
|  12|0x0000000091c00000, 0x0000000091c00000, 0x0000000091d00000|  0%| F|  |TAMS 0x0000000091c00000, 0x0000000091c00000| Untracked 
|  13|0x0000000091d00000, 0x0000000091e00000, 0x0000000091e00000|100%| O|  |TAMS 0x0000000091da7c00, 0x0000000091d00000| Untracked 
|  14|0x0000000091e00000, 0x0000000091f00000, 0x0000000091f00000|100%| O|  |TAMS 0x0000000091e00000, 0x0000000091e00000| Untracked 
|  15|0x0000000091f00000, 0x0000000092000000, 0x0000000092000000|100%| O|  |TAMS 0x0000000091f00000, 0x0000000091f00000| Untracked 
|  16|0x0000000092000000, 0x0000000092100000, 0x0000000092100000|100%| O|  |TAMS 0x0000000092000000, 0x0000000092000000| Untracked 
|  17|0x0000000092100000, 0x0000000092200000, 0x0000000092200000|100%| O|  |TAMS 0x0000000092100000, 0x0000000092100000| Untracked 
|  18|0x0000000092200000, 0x0000000092300000, 0x0000000092300000|100%| O|  |TAMS 0x0000000092200000, 0x0000000092200000| Untracked 
|  19|0x0000000092300000, 0x000000009239c600, 0x0000000092400000| 61%| O|  |TAMS 0x0000000092300000, 0x0000000092300000| Untracked 
|  20|0x0000000092400000, 0x0000000092400000, 0x0000000092500000|  0%| F|  |TAMS 0x0000000092400000, 0x0000000092400000| Untracked 
|  21|0x0000000092500000, 0x0000000092500000, 0x0000000092600000|  0%| F|  |TAMS 0x0000000092500000, 0x0000000092500000| Untracked 
|  22|0x0000000092600000, 0x0000000092600000, 0x0000000092700000|  0%| F|  |TAMS 0x0000000092600000, 0x0000000092600000| Untracked 
|  23|0x0000000092700000, 0x0000000092700000, 0x0000000092800000|  0%| F|  |TAMS 0x0000000092700000, 0x0000000092700000| Untracked 
|  24|0x0000000092800000, 0x0000000092800000, 0x0000000092900000|  0%| F|  |TAMS 0x0000000092800000, 0x0000000092800000| Untracked 
|  25|0x0000000092900000, 0x0000000092900000, 0x0000000092a00000|  0%| F|  |TAMS 0x0000000092900000, 0x0000000092900000| Untracked 
|  26|0x0000000092a00000, 0x0000000092a00000, 0x0000000092b00000|  0%| F|  |TAMS 0x0000000092a00000, 0x0000000092a00000| Untracked 
|  27|0x0000000092b00000, 0x0000000092b00000, 0x0000000092c00000|  0%| F|  |TAMS 0x0000000092b00000, 0x0000000092b00000| Untracked 
|  28|0x0000000092c00000, 0x0000000092c00000, 0x0000000092d00000|  0%| F|  |TAMS 0x0000000092c00000, 0x0000000092c00000| Untracked 
|  29|0x0000000092d00000, 0x0000000092d00000, 0x0000000092e00000|  0%| F|  |TAMS 0x0000000092d00000, 0x0000000092d00000| Untracked 
|  30|0x0000000092e00000, 0x0000000092e00000, 0x0000000092f00000|  0%| F|  |TAMS 0x0000000092e00000, 0x0000000092e00000| Untracked 
|  31|0x0000000092f00000, 0x0000000092f00000, 0x0000000093000000|  0%| F|  |TAMS 0x0000000092f00000, 0x0000000092f00000| Untracked 
|  32|0x0000000093000000, 0x0000000093000000, 0x0000000093100000|  0%| F|  |TAMS 0x0000000093000000, 0x0000000093000000| Untracked 
|  33|0x0000000093100000, 0x0000000093100000, 0x0000000093200000|  0%| F|  |TAMS 0x0000000093100000, 0x0000000093100000| Untracked 
|  34|0x0000000093200000, 0x0000000093200000, 0x0000000093300000|  0%| F|  |TAMS 0x0000000093200000, 0x0000000093200000| Untracked 
|  35|0x0000000093300000, 0x0000000093300000, 0x0000000093400000|  0%| F|  |TAMS 0x0000000093300000, 0x0000000093300000| Untracked 
|  36|0x0000000093400000, 0x0000000093400000, 0x0000000093500000|  0%| F|  |TAMS 0x0000000093400000, 0x0000000093400000| Untracked 
|  37|0x0000000093500000, 0x0000000093500000, 0x0000000093600000|  0%| F|  |TAMS 0x0000000093500000, 0x0000000093500000| Untracked 
|  38|0x0000000093600000, 0x0000000093600000, 0x0000000093700000|  0%| F|  |TAMS 0x0000000093600000, 0x0000000093600000| Untracked 
|  39|0x0000000093700000, 0x0000000093700000, 0x0000000093800000|  0%| F|  |TAMS 0x0000000093700000, 0x0000000093700000| Untracked 
|  40|0x0000000093800000, 0x0000000093800000, 0x0000000093900000|  0%| F|  |TAMS 0x0000000093800000, 0x0000000093800000| Untracked 
|  41|0x0000000093900000, 0x0000000093900000, 0x0000000093a00000|  0%| F|  |TAMS 0x0000000093900000, 0x0000000093900000| Untracked 
|  42|0x0000000093a00000, 0x0000000093a00000, 0x0000000093b00000|  0%| F|  |TAMS 0x0000000093a00000, 0x0000000093a00000| Untracked 
|  43|0x0000000093b00000, 0x0000000093b00000, 0x0000000093c00000|  0%| F|  |TAMS 0x0000000093b00000, 0x0000000093b00000| Untracked 
|  44|0x0000000093c00000, 0x0000000093c00000, 0x0000000093d00000|  0%| F|  |TAMS 0x0000000093c00000, 0x0000000093c00000| Untracked 
|  45|0x0000000093d00000, 0x0000000093d00000, 0x0000000093e00000|  0%| F|  |TAMS 0x0000000093d00000, 0x0000000093d00000| Untracked 
|  46|0x0000000093e00000, 0x0000000093e00000, 0x0000000093f00000|  0%| F|  |TAMS 0x0000000093e00000, 0x0000000093e00000| Untracked 
|  47|0x0000000093f00000, 0x0000000093f00000, 0x0000000094000000|  0%| F|  |TAMS 0x0000000093f00000, 0x0000000093f00000| Untracked 
|  48|0x0000000094000000, 0x0000000094000000, 0x0000000094100000|  0%| F|  |TAMS 0x0000000094000000, 0x0000000094000000| Untracked 
|  49|0x0000000094100000, 0x0000000094100000, 0x0000000094200000|  0%| F|  |TAMS 0x0000000094100000, 0x0000000094100000| Untracked 
|  50|0x0000000094200000, 0x0000000094200000, 0x0000000094300000|  0%| F|  |TAMS 0x0000000094200000, 0x0000000094200000| Untracked 
|  51|0x0000000094300000, 0x0000000094300000, 0x0000000094400000|  0%| F|  |TAMS 0x0000000094300000, 0x0000000094300000| Untracked 
|  52|0x0000000094400000, 0x0000000094400000, 0x0000000094500000|  0%| F|  |TAMS 0x0000000094400000, 0x0000000094400000| Untracked 
|  53|0x0000000094500000, 0x0000000094500000, 0x0000000094600000|  0%| F|  |TAMS 0x0000000094500000, 0x0000000094500000| Untracked 
|  54|0x0000000094600000, 0x0000000094600000, 0x0000000094700000|  0%| F|  |TAMS 0x0000000094600000, 0x0000000094600000| Untracked 
|  60|0x0000000094c00000, 0x0000000094c00000, 0x0000000094d00000|  0%| F|  |TAMS 0x0000000094c00000, 0x0000000094c00000| Untracked 
|  61|0x0000000094d00000, 0x0000000094d00000, 0x0000000094e00000|  0%| F|  |TAMS 0x0000000094d00000, 0x0000000094d00000| Untracked 
|  62|0x0000000094e00000, 0x0000000094e00000, 0x0000000094f00000|  0%| F|  |TAMS 0x0000000094e00000, 0x0000000094e00000| Untracked 
|  63|0x0000000094f00000, 0x0000000094fc8dc8, 0x0000000095000000| 78%| E|  |TAMS 0x0000000094f00000, 0x0000000094f00000| Complete 
|  64|0x0000000095000000, 0x0000000095100000, 0x0000000095100000|100%| E|CS|TAMS 0x0000000095000000, 0x0000000095000000| Complete 
|  65|0x0000000095100000, 0x00000000951afa80, 0x0000000095200000| 68%| S|CS|TAMS 0x0000000095100000, 0x0000000095100000| Complete 
| 111|0x0000000097f00000, 0x0000000098000000, 0x0000000098000000|100%| E|CS|TAMS 0x0000000097f00000, 0x0000000097f00000| Complete 

Card table byte_map: [0x0000027e620f0000,0x0000027e62470000] _byte_map_base: 0x0000027e61c68000

Marking Bits (Prev, Next): (CMBitMap*) 0x0000027e4af71b50, (CMBitMap*) 0x0000027e4af71b90
 Prev Bits: [0x0000027e627f0000, 0x0000027e643b0000)
 Next Bits: [0x0000027e643b0000, 0x0000027e65f70000)

Polling page: 0x0000027e48e50000

Metaspace:

Usage:
  Non-class:     34.84 MB used.
      Class:      5.38 MB used.
       Both:     40.22 MB used.

Virtual space:
  Non-class space:       64.00 MB reserved,      35.12 MB ( 55%) committed,  1 nodes.
      Class space:        1.00 GB reserved,       5.62 MB ( <1%) committed,  1 nodes.
             Both:        1.06 GB reserved,      40.75 MB (  4%) committed. 

Chunk freelists:
   Non-Class:  12.92 MB
       Class:  10.22 MB
        Both:  23.14 MB

MaxMetaspaceSize: unlimited
CompressedClassSpaceSize: 1.00 GB
Initial GC threshold: 21.00 MB
Current GC threshold: 58.75 MB
CDS: on
MetaspaceReclaimPolicy: balanced
 - commit_granule_bytes: 65536.
 - commit_granule_words: 8192.
 - virtual_space_node_default_size: 8388608.
 - enlarge_chunks_in_place: 1.
 - new_chunks_are_fully_committed: 0.
 - uncommit_free_chunks: 1.
 - use_allocation_guard: 0.
 - handle_deallocations: 1.


Internal statistics:

num_allocs_failed_limit: 6.
num_arena_births: 614.
num_arena_deaths: 0.
num_vsnodes_births: 2.
num_vsnodes_deaths: 0.
num_space_committed: 652.
num_space_uncommitted: 0.
num_chunks_returned_to_freelist: 6.
num_chunks_taken_from_freelist: 2130.
num_chunk_merges: 3.
num_chunk_splits: 1476.
num_chunks_enlarged: 1115.
num_inconsistent_stats: 0.

CodeHeap 'non-profiled nmethods': size=120000Kb used=2501Kb max_used=2501Kb free=117498Kb
 bounds [0x0000027e5a510000, 0x0000027e5a790000, 0x0000027e61a40000]
CodeHeap 'profiled nmethods': size=120000Kb used=9260Kb max_used=9260Kb free=110739Kb
 bounds [0x0000027e52a40000, 0x0000027e53350000, 0x0000027e59f70000]
CodeHeap 'non-nmethods': size=5760Kb used=1249Kb max_used=1280Kb free=4511Kb
 bounds [0x0000027e59f70000, 0x0000027e5a1e0000, 0x0000027e5a510000]
 total_blobs=5002 nmethods=4437 adapters=476
 compilation: enabled
              stopped_count=0, restarted_count=0
 full_count=0

Compilation events (20 events):
Event: 11.226 Thread 0x0000027e6898e7d0 nmethod 4408% 0x0000027e5a776f10 code [0x0000027e5a777140, 0x0000027e5a778690]
Event: 11.226 Thread 0x0000027e6898e7d0 4394   !   4       java.util.concurrent.ConcurrentHashMap::putVal (432 bytes)
Event: 11.257 Thread 0x0000027e6899a6a0 4424       3       java.lang.ClassLoader::definePackage (85 bytes)
Event: 11.258 Thread 0x0000027e6899a6a0 nmethod 4424 0x0000027e53344a90 code [0x0000027e53344da0, 0x0000027e53346278]
Event: 11.266 Thread 0x0000027e6898e7d0 nmethod 4394 0x0000027e5a779390 code [0x0000027e5a7795a0, 0x0000027e5a77add0]
Event: 11.266 Thread 0x0000027e6898e7d0 4395       4       java.util.WeakHashMap::put (160 bytes)
Event: 11.283 Thread 0x0000027e6898e7d0 nmethod 4395 0x0000027e5a77ba10 code [0x0000027e5a77bbc0, 0x0000027e5a77c728]
Event: 11.283 Thread 0x0000027e6898e7d0 4412       4       org.springframework.core.ResolvableType::isInstance (21 bytes)
Event: 11.285 Thread 0x0000027e6899a6a0 4425       2       java.lang.ClassLoader::getNamedPackage (73 bytes)
Event: 11.285 Thread 0x0000027e6899a6a0 nmethod 4425 0x0000027e53346890 code [0x0000027e53346a60, 0x0000027e53346d08]
Event: 11.291 Thread 0x0000027e6898e7d0 nmethod 4412 0x0000027e5a77ca90 code [0x0000027e5a77cc60, 0x0000027e5a77d308]
Event: 11.291 Thread 0x0000027e6898e7d0 4406   !   4       java.util.zip.ZipFile$ZipFileInputStream::close (59 bytes)
Event: 11.295 Thread 0x0000027e6899a6a0 4426       2       java.lang.ClassLoader::checkCerts (121 bytes)
Event: 11.296 Thread 0x0000027e6899a6a0 nmethod 4426 0x0000027e53346f10 code [0x0000027e53347160, 0x0000027e533476a8]
Event: 11.299 Thread 0x0000027e6898e7d0 nmethod 4406 0x0000027e5a77d710 code [0x0000027e5a77d8e0, 0x0000027e5a77e028]
Event: 11.299 Thread 0x0000027e6898e7d0 4421       4       java.nio.HeapByteBuffer::get (14 bytes)
Event: 11.299 Thread 0x0000027e6898e7d0 nmethod 4421 0x0000027e5a77e510 code [0x0000027e5a77e680, 0x0000027e5a77e758]
Event: 11.299 Thread 0x0000027e6898e7d0 4402       4       java.io.WinNTFileSystem::resolve (275 bytes)
Event: 11.314 Thread 0x0000027e6898e7d0 nmethod 4402 0x0000027e5a77eb90 code [0x0000027e5a77ed80, 0x0000027e5a77fe18]
Event: 11.314 Thread 0x0000027e6898e7d0 4427       4       java.lang.ClassLoader::getDefinedPackage (36 bytes)

GC Heap History (20 events):
Event: 1.094 GC heap before
{Heap before GC invocations=0 (full 0):
 garbage-first heap   total 114688K, used 22528K [0x0000000091000000, 0x0000000100000000)
  region size 1024K, 23 young (23552K), 0 survivors (0K)
 Metaspace       used 6637K, committed 6848K, reserved 1114112K
  class space    used 802K, committed 896K, reserved 1048576K
}
Event: 1.104 GC heap after
{Heap after GC invocations=1 (full 0):
 garbage-first heap   total 114688K, used 5056K [0x0000000091000000, 0x0000000100000000)
  region size 1024K, 3 young (3072K), 3 survivors (3072K)
 Metaspace       used 6637K, committed 6848K, reserved 1114112K
  class space    used 802K, committed 896K, reserved 1048576K
}
Event: 1.894 GC heap before
{Heap before GC invocations=1 (full 0):
 garbage-first heap   total 114688K, used 32704K [0x0000000091000000, 0x0000000100000000)
  region size 1024K, 31 young (31744K), 3 survivors (3072K)
 Metaspace       used 13365K, committed 13568K, reserved 1114112K
  class space    used 1777K, committed 1856K, reserved 1048576K
}
Event: 1.901 GC heap after
{Heap after GC invocations=2 (full 0):
 garbage-first heap   total 114688K, used 7564K [0x0000000091000000, 0x0000000100000000)
  region size 1024K, 3 young (3072K), 3 survivors (3072K)
 Metaspace       used 13365K, committed 13568K, reserved 1114112K
  class space    used 1777K, committed 1856K, reserved 1048576K
}
Event: 2.788 GC heap before
{Heap before GC invocations=2 (full 0):
 garbage-first heap   total 114688K, used 49548K [0x0000000091000000, 0x0000000100000000)
  region size 1024K, 46 young (47104K), 3 survivors (3072K)
 Metaspace       used 21283K, committed 21504K, reserved 1114112K
  class space    used 2714K, committed 2816K, reserved 1048576K
}
Event: 2.798 GC heap after
{Heap after GC invocations=3 (full 0):
 garbage-first heap   total 114688K, used 10916K [0x0000000091000000, 0x0000000100000000)
  region size 1024K, 6 young (6144K), 6 survivors (6144K)
 Metaspace       used 21283K, committed 21504K, reserved 1114112K
  class space    used 2714K, committed 2816K, reserved 1048576K
}
Event: 3.406 GC heap before
{Heap before GC invocations=4 (full 0):
 garbage-first heap   total 40960K, used 29348K [0x0000000091000000, 0x0000000100000000)
  region size 1024K, 24 young (24576K), 6 survivors (6144K)
 Metaspace       used 24478K, committed 24896K, reserved 1114112K
  class space    used 3159K, committed 3392K, reserved 1048576K
}
Event: 3.419 GC heap after
{Heap after GC invocations=5 (full 0):
 garbage-first heap   total 40960K, used 12632K [0x0000000091000000, 0x0000000100000000)
  region size 1024K, 2 young (2048K), 2 survivors (2048K)
 Metaspace       used 24478K, committed 24896K, reserved 1114112K
  class space    used 3159K, committed 3392K, reserved 1048576K
}
Event: 3.459 GC heap before
{Heap before GC invocations=5 (full 0):
 garbage-first heap   total 40960K, used 12632K [0x0000000091000000, 0x0000000100000000)
  region size 1024K, 3 young (3072K), 2 survivors (2048K)
 Metaspace       used 24725K, committed 25088K, reserved 1114112K
  class space    used 3210K, committed 3392K, reserved 1048576K
}
Event: 3.466 GC heap after
{Heap after GC invocations=6 (full 0):
 garbage-first heap   total 40960K, used 12762K [0x0000000091000000, 0x0000000100000000)
  region size 1024K, 1 young (1024K), 1 survivors (1024K)
 Metaspace       used 24725K, committed 25088K, reserved 1114112K
  class space    used 3210K, committed 3392K, reserved 1048576K
}
Event: 4.040 GC heap before
{Heap before GC invocations=6 (full 0):
 garbage-first heap   total 40960K, used 30170K [0x0000000091000000, 0x0000000100000000)
  region size 1024K, 18 young (18432K), 1 survivors (1024K)
 Metaspace       used 28780K, committed 29184K, reserved 1114112K
  class space    used 3714K, committed 3904K, reserved 1048576K
}
Event: 4.047 GC heap after
{Heap after GC invocations=7 (full 0):
 garbage-first heap   total 40960K, used 13993K [0x0000000091000000, 0x0000000100000000)
  region size 1024K, 2 young (2048K), 2 survivors (2048K)
 Metaspace       used 28780K, committed 29184K, reserved 1114112K
  class space    used 3714K, committed 3904K, reserved 1048576K
}
Event: 4.554 GC heap before
{Heap before GC invocations=7 (full 0):
 garbage-first heap   total 40960K, used 30377K [0x0000000091000000, 0x0000000100000000)
  region size 1024K, 19 young (19456K), 2 survivors (2048K)
 Metaspace       used 32857K, committed 33344K, reserved 1114112K
  class space    used 4338K, committed 4544K, reserved 1048576K
}
Event: 4.558 GC heap after
{Heap after GC invocations=8 (full 0):
 garbage-first heap   total 63488K, used 15507K [0x0000000091000000, 0x0000000100000000)
  region size 1024K, 2 young (2048K), 2 survivors (2048K)
 Metaspace       used 32857K, committed 33344K, reserved 1114112K
  class space    used 4338K, committed 4544K, reserved 1048576K
}
Event: 4.948 GC heap before
{Heap before GC invocations=8 (full 0):
 garbage-first heap   total 63488K, used 29843K [0x0000000091000000, 0x0000000100000000)
  region size 1024K, 17 young (17408K), 2 survivors (2048K)
 Metaspace       used 35489K, committed 35968K, reserved 1114112K
  class space    used 4748K, committed 4992K, reserved 1048576K
}
Event: 4.952 GC heap after
{Heap after GC invocations=9 (full 0):
 garbage-first heap   total 63488K, used 17018K [0x0000000091000000, 0x0000000100000000)
  region size 1024K, 3 young (3072K), 3 survivors (3072K)
 Metaspace       used 35489K, committed 35968K, reserved 1114112K
  class space    used 4748K, committed 4992K, reserved 1048576K
}
Event: 11.230 GC heap before
{Heap before GC invocations=10 (full 0):
 garbage-first heap   total 63488K, used 45690K [0x0000000091000000, 0x0000000100000000)
  region size 1024K, 31 young (31744K), 3 survivors (3072K)
 Metaspace       used 40128K, committed 40640K, reserved 1114112K
  class space    used 5375K, committed 5632K, reserved 1048576K
}
Event: 11.237 GC heap after
{Heap after GC invocations=11 (full 0):
 garbage-first heap   total 63488K, used 19509K [0x0000000091000000, 0x0000000100000000)
  region size 1024K, 4 young (4096K), 4 survivors (4096K)
 Metaspace       used 40128K, committed 40640K, reserved 1114112K
  class space    used 5375K, committed 5632K, reserved 1048576K
}
Event: 11.268 GC heap before
{Heap before GC invocations=11 (full 0):
 garbage-first heap   total 63488K, used 19509K [0x0000000091000000, 0x0000000100000000)
  region size 1024K, 5 young (5120K), 4 survivors (4096K)
 Metaspace       used 40387K, committed 40896K, reserved 1114112K
  class space    used 5411K, committed 5632K, reserved 1048576K
}
Event: 11.272 GC heap after
{Heap after GC invocations=12 (full 0):
 garbage-first heap   total 63488K, used 19760K [0x0000000091000000, 0x0000000100000000)
  region size 1024K, 1 young (1024K), 1 survivors (1024K)
 Metaspace       used 40387K, committed 40896K, reserved 1114112K
  class space    used 5411K, committed 5632K, reserved 1048576K
}

Dll operation events (13 events):
Event: 0.012 Loaded shared library C:\Users\Rober\.jdks\corretto-17.0.12\bin\java.dll
Event: 0.034 Loaded shared library C:\Users\Rober\.jdks\corretto-17.0.12\bin\jsvml.dll
Event: 0.157 Loaded shared library C:\Users\Rober\.jdks\corretto-17.0.12\bin\zip.dll
Event: 0.160 Loaded shared library C:\Users\Rober\.jdks\corretto-17.0.12\bin\instrument.dll
Event: 0.167 Loaded shared library C:\Users\Rober\.jdks\corretto-17.0.12\bin\net.dll
Event: 0.170 Loaded shared library C:\Users\Rober\.jdks\corretto-17.0.12\bin\nio.dll
Event: 0.173 Loaded shared library C:\Users\Rober\.jdks\corretto-17.0.12\bin\zip.dll
Event: 0.243 Loaded shared library D:\Tools\IntelliJ2024\IntelliJ IDEA Community Edition 2024.2\bin\breakgen64.dll
Event: 0.257 Loaded shared library C:\Users\Rober\.jdks\corretto-17.0.12\bin\extnet.dll
Event: 0.311 Loaded shared library C:\Users\Rober\.jdks\corretto-17.0.12\bin\jimage.dll
Event: 2.526 Loaded shared library C:\Users\Rober\.jdks\corretto-17.0.12\bin\sunmscapi.dll
Event: 4.000 Loaded shared library C:\Users\Rober\.jdks\corretto-17.0.12\bin\management.dll
Event: 4.003 Loaded shared library C:\Users\Rober\.jdks\corretto-17.0.12\bin\management_ext.dll

Deoptimization events (20 events):
Event: 5.130 Thread 0x0000027e4af1cca0 DEOPT PACKING pc=0x0000027e5a712ccc sp=0x000000873d3fda40
Event: 5.130 Thread 0x0000027e4af1cca0 DEOPT UNPACKING pc=0x0000027e59fc69a3 sp=0x000000873d3fd9d8 mode 2
Event: 5.130 Thread 0x0000027e4af1cca0 Uncommon trap: trap_request=0xffffffde fr.pc=0x0000027e5a712ccc relative=0x00000000000000ac
Event: 5.130 Thread 0x0000027e4af1cca0 Uncommon trap: reason=class_check action=maybe_recompile pc=0x0000027e5a712ccc method=org.springframework.util.ObjectUtils.nullSafeHashCode(Ljava/lang/Object;)I @ 17 c2
Event: 5.130 Thread 0x0000027e4af1cca0 DEOPT PACKING pc=0x0000027e5a712ccc sp=0x000000873d3fda40
Event: 5.130 Thread 0x0000027e4af1cca0 DEOPT UNPACKING pc=0x0000027e59fc69a3 sp=0x000000873d3fd9d8 mode 2
Event: 5.130 Thread 0x0000027e4af1cca0 Uncommon trap: trap_request=0xffffffde fr.pc=0x0000027e5a712ccc relative=0x00000000000000ac
Event: 5.130 Thread 0x0000027e4af1cca0 Uncommon trap: reason=class_check action=maybe_recompile pc=0x0000027e5a712ccc method=org.springframework.util.ObjectUtils.nullSafeHashCode(Ljava/lang/Object;)I @ 17 c2
Event: 5.130 Thread 0x0000027e4af1cca0 DEOPT PACKING pc=0x0000027e5a712ccc sp=0x000000873d3fda40
Event: 5.130 Thread 0x0000027e4af1cca0 DEOPT UNPACKING pc=0x0000027e59fc69a3 sp=0x000000873d3fd9d8 mode 2
Event: 5.286 Thread 0x0000027e4af1cca0 Uncommon trap: trap_request=0xffffff45 fr.pc=0x0000027e5a64ef24 relative=0x0000000000000404
Event: 5.286 Thread 0x0000027e4af1cca0 Uncommon trap: reason=unstable_if action=reinterpret pc=0x0000027e5a64ef24 method=org.springframework.util.ObjectUtils.nullSafeEquals(Ljava/lang/Object;Ljava/lang/Object;)Z @ 12 c2
Event: 5.286 Thread 0x0000027e4af1cca0 DEOPT PACKING pc=0x0000027e5a64ef24 sp=0x000000873d3fe0b0
Event: 5.286 Thread 0x0000027e4af1cca0 DEOPT UNPACKING pc=0x0000027e59fc69a3 sp=0x000000873d3fe050 mode 2
Event: 5.312 Thread 0x0000027e4af1cca0 DEOPT PACKING pc=0x0000027e52c3eca3 sp=0x000000873d3fb020
Event: 5.312 Thread 0x0000027e4af1cca0 DEOPT UNPACKING pc=0x0000027e59fc7143 sp=0x000000873d3fa490 mode 0
Event: 5.392 Thread 0x0000027e4af1cca0 Uncommon trap: trap_request=0xffffff45 fr.pc=0x0000027e5a6af75c relative=0x000000000000057c
Event: 5.392 Thread 0x0000027e4af1cca0 Uncommon trap: reason=unstable_if action=reinterpret pc=0x0000027e5a6af75c method=org.springframework.beans.factory.support.DefaultSingletonBeanRegistry.getSingleton(Ljava/lang/String;Z)Ljava/lang/Object; @ 39 c2
Event: 5.392 Thread 0x0000027e4af1cca0 DEOPT PACKING pc=0x0000027e5a6af75c sp=0x000000873d3fe230
Event: 5.392 Thread 0x0000027e4af1cca0 DEOPT UNPACKING pc=0x0000027e59fc69a3 sp=0x000000873d3fe1c8 mode 2

Classes loaded (20 events):
Event: 11.100 Loading class sun/nio/cs/ThreadLocalCoders
Event: 11.100 Loading class sun/nio/cs/ThreadLocalCoders done
Event: 11.100 Loading class sun/nio/cs/ThreadLocalCoders$1
Event: 11.100 Loading class sun/nio/cs/ThreadLocalCoders$Cache
Event: 11.101 Loading class sun/nio/cs/ThreadLocalCoders$Cache done
Event: 11.101 Loading class sun/nio/cs/ThreadLocalCoders$1 done
Event: 11.101 Loading class sun/nio/cs/ThreadLocalCoders$2
Event: 11.101 Loading class sun/nio/cs/ThreadLocalCoders$2 done
Event: 11.171 Loading class java/util/ArrayList$SubList$2
Event: 11.171 Loading class java/util/ArrayList$SubList$2 done
Event: 11.209 Loading class java/time/format/DateTimeFormatterBuilder$ZoneTextPrinterParser
Event: 11.209 Loading class java/time/format/DateTimeFormatterBuilder$ZoneTextPrinterParser done
Event: 11.210 Loading class java/time/format/DateTimeFormatterBuilder$ReducedPrinterParser
Event: 11.210 Loading class java/time/format/DateTimeFormatterBuilder$ReducedPrinterParser done
Event: 11.212 Loading class java/io/PushbackInputStream
Event: 11.212 Loading class java/io/PushbackInputStream done
Event: 11.220 Loading class org/w3c/dom/Node
Event: 11.220 Loading class org/w3c/dom/Node done
Event: 11.220 Loading class org/w3c/dom/Document
Event: 11.220 Loading class org/w3c/dom/Document done

Classes unloaded (0 events):
No events

Classes redefined (0 events):
No events

Internal exceptions (20 events):
Event: 4.386 Thread 0x0000027e4af1cca0 Exception <a 'java/lang/NoSuchMethodError'{0x0000000092c2c570}: 'long java.lang.invoke.DirectMethodHandle$Holder.invokeStatic(java.lang.Object)'> (0x0000000092c2c570) 
thrown [s\src\hotspot\share\interpreter\linkResolver.cpp, line 759]
Event: 4.390 Thread 0x0000027e4af1cca0 Exception <a 'sun/nio/fs/WindowsException'{0x0000000092c464b0}> (0x0000000092c464b0) 
thrown [s\src\hotspot\share\prims\jni.cpp, line 516]
Event: 4.390 Thread 0x0000027e4af1cca0 Exception <a 'sun/nio/fs/WindowsException'{0x0000000092c465e0}> (0x0000000092c465e0) 
thrown [s\src\hotspot\share\prims\jni.cpp, line 516]
Event: 4.531 Thread 0x0000027e4af1cca0 Exception <a 'java/lang/IncompatibleClassChangeError'{0x0000000092740508}: Found class java.lang.Object, but interface was expected> (0x0000000092740508) 
thrown [s\src\hotspot\share\interpreter\linkResolver.cpp, line 826]
Event: 4.574 Thread 0x0000027e4af1cca0 Exception <a 'sun/nio/fs/WindowsException'{0x0000000097f72530}> (0x0000000097f72530) 
thrown [s\src\hotspot\share\prims\jni.cpp, line 516]
Event: 4.580 Thread 0x0000027e4af1cca0 Exception <a 'java/lang/IncompatibleClassChangeError'{0x0000000097fceae8}: Found class java.lang.Object, but interface was expected> (0x0000000097fceae8) 
thrown [s\src\hotspot\share\interpreter\linkResolver.cpp, line 826]
Event: 4.634 Thread 0x0000027e4af1cca0 Exception <a 'java/lang/IncompatibleClassChangeError'{0x0000000095072398}: Found class java.lang.Object, but interface was expected> (0x0000000095072398) 
thrown [s\src\hotspot\share\interpreter\linkResolver.cpp, line 826]
Event: 4.761 Thread 0x0000027e4af1cca0 Exception <a 'java/lang/NoSuchMethodError'{0x0000000094ce4b48}: 'java.lang.Object java.lang.invoke.DirectMethodHandle$Holder.newInvokeSpecial(java.lang.Object, long)'> (0x0000000094ce4b48) 
thrown [s\src\hotspot\share\interpreter\linkResolver.cpp, line 759]
Event: 4.856 Thread 0x0000027e4af1cca0 Exception <a 'java/lang/IncompatibleClassChangeError'{0x00000000942227d8}: Found class java.lang.Object, but interface was expected> (0x00000000942227d8) 
thrown [s\src\hotspot\share\interpreter\linkResolver.cpp, line 826]
Event: 4.866 Thread 0x0000027e4af1cca0 Exception <a 'java/lang/NoSuchMethodError'{0x00000000942957d0}: 'java.lang.Object java.lang.invoke.DirectMethodHandle$Holder.newInvokeSpecial(java.lang.Object, java.lang.Object, java.lang.Object, java.lang.Object, java.lang.Object, java.lang.Object)'> (0x00000000942957d0) 
thrown [s\src\hotspot\share\interpreter\linkResolver.cpp, line 759]
Event: 5.011 Thread 0x0000027e4af1cca0 Exception <a 'java/lang/NoSuchMethodError'{0x00000000950612a8}: 'java.lang.Object java.lang.invoke.DirectMethodHandle$Holder.invokeInterface(java.lang.Object, java.lang.Object, java.lang.Object, java.lang.Object)'> (0x00000000950612a8) 
thrown [s\src\hotspot\share\interpreter\linkResolver.cpp, line 759]
Event: 5.218 Thread 0x0000027e4af1cca0 Exception <a 'sun/nio/fs/WindowsException'{0x0000000094345378}> (0x0000000094345378) 
thrown [s\src\hotspot\share\prims\jni.cpp, line 516]
Event: 5.268 Thread 0x0000027e4af1cca0 Exception <a 'java/lang/IncompatibleClassChangeError'{0x00000000941735c8}: Found class java.lang.Object, but interface was expected> (0x00000000941735c8) 
thrown [s\src\hotspot\share\interpreter\linkResolver.cpp, line 826]
Event: 5.286 Thread 0x0000027e4af1cca0 Implicit null exception at 0x0000027e5a64eb3d to 0x0000027e5a64ef0f
Event: 5.313 Thread 0x0000027e4af1cca0 Exception <a 'java/lang/NoSuchMethodError'{0x00000000940e4e70}: 'void java.lang.invoke.DirectMethodHandle$Holder.invokeVirtual(java.lang.Object, java.lang.Object, long)'> (0x00000000940e4e70) 
thrown [s\src\hotspot\share\interpreter\linkResolver.cpp, line 759]
Event: 5.388 Thread 0x0000027e4af1cca0 Exception <a 'java/lang/NoSuchMethodError'{0x0000000093ae6d20}: 'int java.lang.invoke.DirectMethodHandle$Holder.invokeStaticInit(java.lang.Object, java.lang.Object, java.lang.Object, java.lang.Object)'> (0x0000000093ae6d20) 
thrown [s\src\hotspot\share\interpreter\linkResolver.cpp, line 759]
Event: 5.477 Thread 0x0000027e4af1cca0 Exception <a 'java/lang/NoSuchMethodError'{0x000000009375dc90}: 'java.lang.Object java.lang.invoke.DirectMethodHandle$Holder.newInvokeSpecial(java.lang.Object, java.lang.Object, int, java.lang.Object, java.lang.Object)'> (0x000000009375dc90) 
thrown [s\src\hotspot\share\interpreter\linkResolver.cpp, line 759]
Event: 11.094 Thread 0x0000027e6fd04a70 Exception <a 'java/lang/NoSuchMethodError'{0x0000000093226a00}: 'java.lang.Object java.lang.invoke.DirectMethodHandle$Holder.invokeSpecial(java.lang.Object, java.lang.Object, java.lang.Object, java.lang.Object, java.lang.Object, long)'> (0x0000000093226a00) 
thrown [s\src\hotspot\share\interpreter\linkResolver.cpp, line 759]
Event: 11.094 Thread 0x0000027e6fd04a70 Exception <a 'java/lang/NoSuchMethodError'{0x000000009322a440}: 'java.lang.Object java.lang.invoke.Invokers$Holder.linkToTargetMethod(java.lang.Object, java.lang.Object, java.lang.Object, long, java.lang.Object)'> (0x000000009322a440) 
thrown [s\src\hotspot\share\interpreter\linkResolver.cpp, line 759]
Event: 11.170 Thread 0x0000027e6fd04a70 Exception <a 'java/lang/NoSuchMethodError'{0x0000000093006050}: 'java.lang.Object java.lang.invoke.DirectMethodHandle$Holder.invokeStatic(java.lang.Object, int, int)'> (0x0000000093006050) 
thrown [s\src\hotspot\share\interpreter\linkResolver.cpp, line 759]

VM Operations (20 events):
Event: 5.116 Executing VM operation: HandshakeAllThreads
Event: 5.116 Executing VM operation: HandshakeAllThreads done
Event: 5.152 Executing VM operation: HandshakeAllThreads
Event: 5.152 Executing VM operation: HandshakeAllThreads done
Event: 5.334 Executing VM operation: HandshakeAllThreads
Event: 5.334 Executing VM operation: HandshakeAllThreads done
Event: 6.337 Executing VM operation: Cleanup
Event: 6.337 Executing VM operation: Cleanup done
Event: 11.122 Executing VM operation: HandshakeAllThreads
Event: 11.122 Executing VM operation: HandshakeAllThreads done
Event: 11.122 Executing VM operation: Cleanup
Event: 11.122 Executing VM operation: Cleanup done
Event: 11.203 Executing VM operation: HandshakeAllThreads
Event: 11.203 Executing VM operation: HandshakeAllThreads done
Event: 11.230 Executing VM operation: G1CollectForAllocation
Event: 11.237 Executing VM operation: G1CollectForAllocation done
Event: 11.246 Executing VM operation: HandshakeAllThreads
Event: 11.246 Executing VM operation: HandshakeAllThreads done
Event: 11.268 Executing VM operation: G1CollectForAllocation
Event: 11.272 Executing VM operation: G1CollectForAllocation done

Events (20 events):
Event: 4.147 Thread 0x0000027e6deca060 Thread added: 0x0000027e6deca060
Event: 4.294 Thread 0x0000027e6dec9640 Thread added: 0x0000027e6dec9640
Event: 4.379 Thread 0x0000027e6fd063c0 Thread added: 0x0000027e6fd063c0
Event: 4.379 Thread 0x0000027e6fd068d0 Thread added: 0x0000027e6fd068d0
Event: 4.445 Thread 0x0000027e6fd02c10 Thread added: 0x0000027e6fd02c10
Event: 5.488 Thread 0x0000027e6fd04a70 Thread added: 0x0000027e6fd04a70
Event: 5.489 Thread 0x0000027e6fd06de0 Thread added: 0x0000027e6fd06de0
Event: 5.489 Thread 0x0000027e6fd03120 Thread added: 0x0000027e6fd03120
Event: 5.489 Thread 0x0000027e6fd04f80 Thread added: 0x0000027e6fd04f80
Event: 5.489 Thread 0x0000027e6fd04560 Thread added: 0x0000027e6fd04560
Event: 5.489 Thread 0x0000027e6fd03630 Thread added: 0x0000027e6fd03630
Event: 5.489 Thread 0x0000027e6fd07800 Thread added: 0x0000027e6fd07800
Event: 5.489 Thread 0x0000027e6fd072f0 Thread added: 0x0000027e6fd072f0
Event: 5.489 Thread 0x0000027e6fd08c40 Thread added: 0x0000027e6fd08c40
Event: 5.490 Thread 0x0000027e6fd08220 Thread added: 0x0000027e6fd08220
Event: 5.507 Thread 0x0000027e6fd07d10 Thread added: 0x0000027e6fd07d10
Event: 5.508 Thread 0x0000027e6fd0a590 Thread added: 0x0000027e6fd0a590
Event: 5.529 Thread 0x0000027e4af1cca0 Thread exited: 0x0000027e4af1cca0
Event: 5.529 Thread 0x0000027e6fd09150 Thread added: 0x0000027e6fd09150
Event: 10.790 Thread 0x0000027e68debdb0 Thread exited: 0x0000027e68debdb0


Dynamic libraries:
0x00007ff6826a0000 - 0x00007ff6826ae000 	C:\Users\Rober\.jdks\corretto-17.0.12\bin\java.exe
0x00007ffa5d450000 - 0x00007ffa5d667000 	C:\WINDOWS\SYSTEM32\ntdll.dll
0x00007ffa5bff0000 - 0x00007ffa5c0b4000 	C:\WINDOWS\System32\KERNEL32.DLL
0x00007ffa5acd0000 - 0x00007ffa5b07d000 	C:\WINDOWS\System32\KERNELBASE.dll
0x00007ffa5a860000 - 0x00007ffa5a971000 	C:\WINDOWS\System32\ucrtbase.dll
0x00007ffa519f0000 - 0x00007ffa51a07000 	C:\Users\Rober\.jdks\corretto-17.0.12\bin\jli.dll
0x00007ffa50f80000 - 0x00007ffa50f9b000 	C:\Users\Rober\.jdks\corretto-17.0.12\bin\VCRUNTIME140.dll
0x00007ffa5ca70000 - 0x00007ffa5cc1e000 	C:\WINDOWS\System32\USER32.dll
0x00007ffa48980000 - 0x00007ffa48c13000 	C:\WINDOWS\WinSxS\amd64_microsoft.windows.common-controls_6595b64144ccf1df_6.0.22621.3672_none_2713b9d173822955\COMCTL32.dll
0x00007ffa5b0b0000 - 0x00007ffa5b0d6000 	C:\WINDOWS\System32\win32u.dll
0x00007ffa5b350000 - 0x00007ffa5b3f7000 	C:\WINDOWS\System32\msvcrt.dll
0x00007ffa5b320000 - 0x00007ffa5b349000 	C:\WINDOWS\System32\GDI32.dll
0x00007ffa5aa40000 - 0x00007ffa5ab59000 	C:\WINDOWS\System32\gdi32full.dll
0x00007ffa5b0e0000 - 0x00007ffa5b17a000 	C:\WINDOWS\System32\msvcp_win.dll
0x00007ffa5b690000 - 0x00007ffa5b6c1000 	C:\WINDOWS\System32\IMM32.DLL
0x00007ffa560e0000 - 0x00007ffa560ec000 	C:\Users\Rober\.jdks\corretto-17.0.12\bin\vcruntime140_1.dll
0x00007ffa50e40000 - 0x00007ffa50ecd000 	C:\Users\Rober\.jdks\corretto-17.0.12\bin\msvcp140.dll
0x00007ff9c1560000 - 0x00007ff9c21ca000 	C:\Users\Rober\.jdks\corretto-17.0.12\bin\server\jvm.dll
0x00007ffa5b240000 - 0x00007ffa5b2f2000 	C:\WINDOWS\System32\ADVAPI32.dll
0x00007ffa5b6d0000 - 0x00007ffa5b779000 	C:\WINDOWS\System32\sechost.dll
0x00007ffa5b080000 - 0x00007ffa5b0a8000 	C:\WINDOWS\System32\bcrypt.dll
0x00007ffa5c950000 - 0x00007ffa5ca64000 	C:\WINDOWS\System32\RPCRT4.dll
0x00007ffa5d390000 - 0x00007ffa5d401000 	C:\WINDOWS\System32\WS2_32.dll
0x00007ffa5a630000 - 0x00007ffa5a67d000 	C:\WINDOWS\SYSTEM32\POWRPROF.dll
0x00007ffa51440000 - 0x00007ffa5144a000 	C:\WINDOWS\SYSTEM32\VERSION.dll
0x00007ffa57450000 - 0x00007ffa57484000 	C:\WINDOWS\SYSTEM32\WINMM.dll
0x00007ffa5a610000 - 0x00007ffa5a623000 	C:\WINDOWS\SYSTEM32\UMPDC.dll
0x00007ffa59770000 - 0x00007ffa59788000 	C:\WINDOWS\SYSTEM32\kernel.appcore.dll
0x00007ffa55c50000 - 0x00007ffa55c5a000 	C:\Users\Rober\.jdks\corretto-17.0.12\bin\jimage.dll
0x00007ffa57be0000 - 0x00007ffa57e12000 	C:\WINDOWS\SYSTEM32\DBGHELP.DLL
0x00007ffa5c5c0000 - 0x00007ffa5c94d000 	C:\WINDOWS\System32\combase.dll
0x00007ffa5c320000 - 0x00007ffa5c3f7000 	C:\WINDOWS\System32\OLEAUT32.dll
0x00007ffa42720000 - 0x00007ffa42752000 	C:\WINDOWS\SYSTEM32\dbgcore.DLL
0x00007ffa5a770000 - 0x00007ffa5a7eb000 	C:\WINDOWS\System32\bcryptPrimitives.dll
0x00007ffa50f40000 - 0x00007ffa50f4e000 	C:\Users\Rober\.jdks\corretto-17.0.12\bin\instrument.dll
0x00007ffa50e10000 - 0x00007ffa50e35000 	C:\Users\Rober\.jdks\corretto-17.0.12\bin\java.dll
0x00007ffa18f50000 - 0x00007ffa19027000 	C:\Users\Rober\.jdks\corretto-17.0.12\bin\jsvml.dll
0x00007ffa5b780000 - 0x00007ffa5bfe8000 	C:\WINDOWS\System32\SHELL32.dll
0x00007ffa58670000 - 0x00007ffa58f6e000 	C:\WINDOWS\SYSTEM32\windows.storage.dll
0x00007ffa58530000 - 0x00007ffa5866f000 	C:\WINDOWS\SYSTEM32\wintypes.dll
0x00007ffa5b590000 - 0x00007ffa5b689000 	C:\WINDOWS\System32\SHCORE.dll
0x00007ffa5b1d0000 - 0x00007ffa5b22e000 	C:\WINDOWS\System32\shlwapi.dll
0x00007ffa5a6a0000 - 0x00007ffa5a6c1000 	C:\WINDOWS\SYSTEM32\profapi.dll
0x00007ffa508b0000 - 0x00007ffa508c8000 	C:\Users\Rober\.jdks\corretto-17.0.12\bin\zip.dll
0x00007ffa50da0000 - 0x00007ffa50db9000 	C:\Users\Rober\.jdks\corretto-17.0.12\bin\net.dll
0x00007ffa55450000 - 0x00007ffa55586000 	C:\WINDOWS\SYSTEM32\WINHTTP.dll
0x00007ffa59bf0000 - 0x00007ffa59c59000 	C:\WINDOWS\system32\mswsock.dll
0x00007ffa50d80000 - 0x00007ffa50d96000 	C:\Users\Rober\.jdks\corretto-17.0.12\bin\nio.dll
0x00007ffa507b0000 - 0x00007ffa507ca000 	D:\Tools\IntelliJ2024\IntelliJ IDEA Community Edition 2024.2\bin\breakgen64.dll
0x00007ffa507a0000 - 0x00007ffa507a9000 	C:\Users\Rober\.jdks\corretto-17.0.12\bin\extnet.dll
0x00007ffa50720000 - 0x00007ffa5072e000 	C:\Users\Rober\.jdks\corretto-17.0.12\bin\sunmscapi.dll
0x00007ffa5ab60000 - 0x00007ffa5acc7000 	C:\WINDOWS\System32\CRYPT32.dll
0x00007ffa5a030000 - 0x00007ffa5a05e000 	C:\WINDOWS\SYSTEM32\ncrypt.dll
0x00007ffa59ff0000 - 0x00007ffa5a027000 	C:\WINDOWS\SYSTEM32\NTASN1.dll
0x00007ffa59e70000 - 0x00007ffa59e8b000 	C:\WINDOWS\SYSTEM32\CRYPTSP.dll
0x00007ffa596d0000 - 0x00007ffa59705000 	C:\WINDOWS\system32\rsaenh.dll
0x00007ffa59d10000 - 0x00007ffa59d38000 	C:\WINDOWS\SYSTEM32\USERENV.dll
0x00007ffa59e90000 - 0x00007ffa59e9c000 	C:\WINDOWS\SYSTEM32\CRYPTBASE.dll
0x00007ffa59210000 - 0x00007ffa5923d000 	C:\WINDOWS\SYSTEM32\IPHLPAPI.DLL
0x00007ffa5b470000 - 0x00007ffa5b479000 	C:\WINDOWS\System32\NSI.dll
0x00007ffa55390000 - 0x00007ffa553a9000 	C:\WINDOWS\SYSTEM32\dhcpcsvc6.DLL
0x00007ffa55370000 - 0x00007ffa5538f000 	C:\WINDOWS\SYSTEM32\dhcpcsvc.DLL
0x00007ffa59240000 - 0x00007ffa59338000 	C:\WINDOWS\SYSTEM32\DNSAPI.dll
0x00007ffa50790000 - 0x00007ffa50799000 	C:\Users\Rober\.jdks\corretto-17.0.12\bin\management.dll
0x00007ffa50780000 - 0x00007ffa5078b000 	C:\Users\Rober\.jdks\corretto-17.0.12\bin\management_ext.dll
0x00007ffa5b400000 - 0x00007ffa5b408000 	C:\WINDOWS\System32\PSAPI.DLL
0x00007ffa47880000 - 0x00007ffa4788a000 	C:\Windows\System32\rasadhlp.dll
0x00007ffa542d0000 - 0x00007ffa54353000 	C:\WINDOWS\System32\fwpuclnt.dll
0x00007ffa51070000 - 0x00007ffa51078000 	C:\WINDOWS\system32\wshunix.dll

dbghelp: loaded successfully - version: 4.0.5 - missing functions: none
symbol engine: initialized successfully - sym options: 0x614 - pdb path: .;C:\Users\Rober\.jdks\corretto-17.0.12\bin;C:\WINDOWS\SYSTEM32;C:\WINDOWS\WinSxS\amd64_microsoft.windows.common-controls_6595b64144ccf1df_6.0.22621.3672_none_2713b9d173822955;C:\Users\Rober\.jdks\corretto-17.0.12\bin\server;D:\Tools\IntelliJ2024\IntelliJ IDEA Community Edition 2024.2\bin

VM Arguments:
jvm_args: -javaagent:D:\Tools\IntelliJ2024\IntelliJ IDEA Community Edition 2024.2\lib\idea_rt.jar=10709:D:\Tools\IntelliJ2024\IntelliJ IDEA Community Edition 2024.2\bin -Dfile.encoding=UTF-8 
java_command: com.example.homeManager.HomeManagerApplication
java_class_path (initial): C:\Users\Rober\Desktop\HomeManagerSpring\homeManager\homeManager\target\classes;C:\Users\Rober\.m2\repository\org\springframework\boot\spring-boot-starter-data-mongodb\3.3.3\spring-boot-starter-data-mongodb-3.3.3.jar;C:\Users\Rober\.m2\repository\org\springframework\boot\spring-boot-starter\3.3.3\spring-boot-starter-3.3.3.jar;C:\Users\Rober\.m2\repository\org\springframework\boot\spring-boot\3.3.3\spring-boot-3.3.3.jar;C:\Users\Rober\.m2\repository\org\springframework\boot\spring-boot-autoconfigure\3.3.3\spring-boot-autoconfigure-3.3.3.jar;C:\Users\Rober\.m2\repository\org\springframework\boot\spring-boot-starter-logging\3.3.3\spring-boot-starter-logging-3.3.3.jar;C:\Users\Rober\.m2\repository\ch\qos\logback\logback-classic\1.5.7\logback-classic-1.5.7.jar;C:\Users\Rober\.m2\repository\ch\qos\logback\logback-core\1.5.7\logback-core-1.5.7.jar;C:\Users\Rober\.m2\repository\org\apache\logging\log4j\log4j-to-slf4j\2.23.1\log4j-to-slf4j-2.23.1.jar;C:\Users\Rober\.m2\repository\org\apache\logging\log4j\log4j-api\2.23.1\log4j-api-2.23.1.jar;C:\Users\Rober\.m2\repository\org\slf4j\jul-to-slf4j\2.0.16\jul-to-slf4j-2.0.16.jar;C:\Users\Rober\.m2\repository\jakarta\annotation\jakarta.annotation-api\2.1.1\jakarta.annotation-api-2.1.1.jar;C:\Users\Rober\.m2\repository\org\yaml\snakeyaml\2.2\snakeyaml-2.2.jar;C:\Users\Rober\.m2\repository\org\mongodb\mongodb-driver-sync\5.0.1\mongodb-driver-sync-5.0.1.jar;C:\Users\Rober\.m2\repository\org\mongodb\bson\5.0.1\bson-5.0.1.jar;C:\Users\Rober\.m2\repository\org\mongodb\mongodb-driver-core\5.0.1\mongodb-driver-core-5.0.1.jar;C:\Users\Rober\.m2\repository\org\mongodb\bson-record-codec\5.0.1\bson-record-codec-5.0.1.jar;C:\Users\Rober\.m2\repository\org\springframework\data\spring-data-mongodb\4.3.3\spring-data-mongodb-4.3.3.jar;C:\Users\Rober\.m2\repository\org\springframework\spring-tx\6.1.12\spring-tx-6.1.12.jar;C:\Users\Rober\.m2\repository\org\springframework\spring-context\6.1.12\spring-context-6.1.12.jar;C
Launcher Type: SUN_STANDARD

[Global flags]
     intx CICompilerCount                          = 4                                         {product} {ergonomic}
     uint ConcGCThreads                            = 2                                         {product} {ergonomic}
     uint G1ConcRefinementThreads                  = 8                                         {product} {ergonomic}
   size_t G1HeapRegionSize                         = 1048576                                   {product} {ergonomic}
    uintx GCDrainStackTargetSize                   = 64                                        {product} {ergonomic}
   size_t InitialHeapSize                          = 117440512                                 {product} {ergonomic}
   size_t MarkStackSize                            = 4194304                                   {product} {ergonomic}
   size_t MaxHeapSize                              = 1862270976                                {product} {ergonomic}
   size_t MaxNewSize                               = 1116733440                                {product} {ergonomic}
   size_t MinHeapDeltaBytes                        = 1048576                                   {product} {ergonomic}
   size_t MinHeapSize                              = 8388608                                   {product} {ergonomic}
    uintx NonNMethodCodeHeapSize                   = 5839372                                {pd product} {ergonomic}
    uintx NonProfiledCodeHeapSize                  = 122909434                              {pd product} {ergonomic}
    uintx ProfiledCodeHeapSize                     = 122909434                              {pd product} {ergonomic}
    uintx ReservedCodeCacheSize                    = 251658240                              {pd product} {ergonomic}
     bool SegmentedCodeCache                       = true                                      {product} {ergonomic}
   size_t SoftMaxHeapSize                          = 1862270976                             {manageable} {ergonomic}
     bool UseCompressedClassPointers               = true                           {product lp64_product} {ergonomic}
     bool UseCompressedOops                        = true                           {product lp64_product} {ergonomic}
     bool UseG1GC                                  = true                                      {product} {ergonomic}
     bool UseLargePagesIndividualAllocation        = false                                  {pd product} {ergonomic}

Logging:
Log output configuration:
 #0: stdout all=warning uptime,level,tags
 #1: stderr all=off uptime,level,tags

Environment Variables:
JAVA_HOME=D:\Tools\Java\jdk-11.0.2
PATH=C:\Program Files (x86)\Common Files\Oracle\Java\javapath;C:\WINDOWS\system32;C:\WINDOWS;C:\WINDOWS\System32\Wbem;C:\WINDOWS\System32\WindowsPowerShell\v1.0\;C:\WINDOWS\System32\OpenSSH\;C:\Program Files\Docker\Docker\resources\bin;C:\Users\Rober\AppData\Local\Microsoft\WindowsApps;D:\Tools\Microsoft VS Code\bin;D:\IntelliJ IDEA Community Edition 2021.3.3\bin;;C:\Users\Rober\AppData\Local\Microsoft\WindowsApps;
USERNAME=Rober
TMPDIR=C:\Users\Public\Documents\Wondershare\CreatorTemp
OS=Windows_NT
PROCESSOR_IDENTIFIER=AMD64 Family 23 Model 24 Stepping 1, AuthenticAMD
TMP=C:\Users\Rober\AppData\Local\Temp
TEMP=C:\Users\Rober\AppData\Local\Temp



Periodic native trim disabled


---------------  S Y S T E M  ---------------

OS:
 Windows 11 , 64 bit Build 22621 (10.0.22621.3958)
OS uptime: 5 days 6:42 hours
Hyper-V role detected

CPU: total 8 (initial active 8) (8 cores per cpu, 2 threads per core) family 23 model 24 stepping 1 microcode 0x0, cx8, cmov, fxsr, ht, mmx, 3dnowpref, sse, sse2, sse3, ssse3, sse4a, sse4.1, sse4.2, popcnt, lzcnt, tsc, tscinvbit, avx, avx2, aes, clmul, bmi1, bmi2, adx, sha, fma, vzeroupper, clflush, clflushopt, hv
Processor Information for all 8 processors :
  Max Mhz: 2300, Current Mhz: 2300, Mhz Limit: 2300

Memory: 4k page, system-wide physical 7103M (355M free)
TotalPageFile size 11199M (AvailPageFile size 5M)
current process WorkingSet (physical memory assigned to process): 188M, peak: 201M
current process commit charge ("private bytes"): 232M, peak: 258M

vm_info: OpenJDK 64-Bit Server VM (17.0.12+7-LTS) for windows-amd64 JRE (17.0.12+7-LTS), built on Jul 10 2024 20:46:33 by "Administrator" with MS VC++ 16.10 / 16.11 (VS2019)

END.
